mktextfm phorssa
mktextfm phorssa
mktextfm phorssa
mktextfm phorssa/BI
mktextfm phorssa
mktextfm phorssa/B
mktextfm phorssa
mktextfm phorssa/I
mktextfm phorssa
mktextfm phorssa
mktextfm phorssa
mktextfm Arial
mktextfm Arial
mktextfm Arial
mktextfm Arial/BI
mktextfm Arial
mktextfm Arial/B
mktextfm Arial
mktextfm Arial/I
mktextfm Arial
mktextfm Arial
mktextfm Arial
mktextfm Arial
mktextfm Arial
mktextfm Arial
mktextfm Arial
mktextfm Arial
mktextfm Arial
mktextfm Arial
mktextfm Arial
mktextfm Arial
mktextfm Cambria
mktextfm Cambria
mktextfm Cambria
mktextfm Cambria/BI
mktextfm Cambria
mktextfm Cambria/B
mktextfm Cambria
mktextfm Cambria/I
mktextfm Cambria
mktextfm Cambria
mktextfm Cambria
mktextfm Optima
mktextfm Optima
mktextfm Optima
mktextfm Optima/BI
mktextfm Optima
mktextfm Optima/B
mktextfm Optima
mktextfm Optima/I
mktextfm Optima
mktextfm Optima
mktextfm Optima
mktextfm Helvetica
mktextfm Helvetica
mktextfm Helvetica
mktextfm Helvetica/BI
mktextfm Helvetica
mktextfm Helvetica/B
mktextfm Helvetica
mktextfm Helvetica/I
mktextfm Helvetica
mktextfm Helvetica
mktextfm Helvetica
