\BOOKMARK [0][-]{chapter*.2}{Введение}{}% 1
\BOOKMARK [0][-]{chapter.1}{Название главы}{}% 2
\BOOKMARK [1][-]{section.1.1}{Название пункта}{chapter.1}% 3
\BOOKMARK [2][-]{subsection.1.1.1}{Списки}{section.1.1}% 4
\BOOKMARK [2][-]{subsection.1.1.2}{Библиографические ссылки}{section.1.1}% 5
\BOOKMARK [2][-]{subsection.1.1.3}{Иллюстрации}{section.1.1}% 6
\BOOKMARK [2][-]{subsection.1.1.4}{Таблицы}{section.1.1}% 7
\BOOKMARK [2][-]{subsection.1.1.5}{Формулы}{section.1.1}% 8
\BOOKMARK [1][-]{section.1.2}{Название параграфа}{chapter.1}% 9
\BOOKMARK [1][-]{section.1.3}{Название параграфа}{chapter.1}% 10
\BOOKMARK [1][-]{section.1.4}{Название параграфа}{chapter.1}% 11
\BOOKMARK [1][-]{section.1.5}{Название параграфа}{chapter.1}% 12
\BOOKMARK [1][-]{section.1.5}{Выводы}{chapter.1}% 13
\BOOKMARK [0][-]{chapter.2}{Название главы}{}% 14
\BOOKMARK [1][-]{section.2.1}{Название параграфа}{chapter.2}% 15
\BOOKMARK [2][-]{subsection.2.1.1}{Название пункта}{section.2.1}% 16
\BOOKMARK [2][-]{subsection.2.1.2}{Название пункта}{section.2.1}% 17
\BOOKMARK [2][-]{subsection.2.1.3}{Название пункта}{section.2.1}% 18
\BOOKMARK [1][-]{section.2.2}{Название параграфа}{chapter.2}% 19
\BOOKMARK [2][-]{subsection.2.2.1}{Название пункта}{section.2.2}% 20
\BOOKMARK [2][-]{subsection.2.2.2}{Название пункта}{section.2.2}% 21
\BOOKMARK [2][-]{subsection.2.2.3}{Название пункта}{section.2.2}% 22
\BOOKMARK [1][-]{section.2.3}{Название параграфа}{chapter.2}% 23
\BOOKMARK [2][-]{subsection.2.3.1}{Название пункта}{section.2.3}% 24
\BOOKMARK [2][-]{subsection.2.3.2}{Название пункта}{section.2.3}% 25
\BOOKMARK [2][-]{subsection.2.3.3}{Название пункта}{section.2.3}% 26
\BOOKMARK [1][-]{section.2.4}{Название параграфа}{chapter.2}% 27
\BOOKMARK [2][-]{subsection.2.4.1}{Название пункта}{section.2.4}% 28
\BOOKMARK [2][-]{subsection.2.4.2}{Название пункта}{section.2.4}% 29
\BOOKMARK [2][-]{subsection.2.4.3}{Название пункта}{section.2.4}% 30
\BOOKMARK [1][-]{subsection.2.4.3}{Выводы}{chapter.2}% 31
\BOOKMARK [0][-]{chapter.3}{Название главы}{}% 32
\BOOKMARK [1][-]{section.3.1}{Название параграфа}{chapter.3}% 33
\BOOKMARK [2][-]{subsection.3.1.1}{Название пункта}{section.3.1}% 34
\BOOKMARK [2][-]{subsection.3.1.2}{Название пункта}{section.3.1}% 35
\BOOKMARK [2][-]{subsection.3.1.3}{Название пункта}{section.3.1}% 36
\BOOKMARK [1][-]{section.3.2}{Название параграфа}{chapter.3}% 37
\BOOKMARK [2][-]{subsection.3.2.1}{Название пункта}{section.3.2}% 38
\BOOKMARK [2][-]{subsection.3.2.2}{Название пункта}{section.3.2}% 39
\BOOKMARK [2][-]{subsection.3.2.3}{Название пункта}{section.3.2}% 40
\BOOKMARK [1][-]{section.3.3}{Название параграфа}{chapter.3}% 41
\BOOKMARK [2][-]{subsection.3.3.1}{Название пункта}{section.3.3}% 42
\BOOKMARK [2][-]{subsection.3.3.2}{Название пункта}{section.3.3}% 43
\BOOKMARK [2][-]{subsection.3.3.3}{Название пункта}{section.3.3}% 44
\BOOKMARK [1][-]{section.3.4}{Название параграфа}{chapter.3}% 45
\BOOKMARK [2][-]{subsection.3.4.1}{Название пункта}{section.3.4}% 46
\BOOKMARK [2][-]{subsection.3.4.2}{Название пункта}{section.3.4}% 47
\BOOKMARK [2][-]{subsection.3.4.3}{Название пункта}{section.3.4}% 48
\BOOKMARK [1][-]{subsection.3.4.3}{Выводы}{chapter.3}% 49
\BOOKMARK [0][-]{chapter*.10}{Заключение}{}% 50
\BOOKMARK [0][-]{chapter*.11}{Список литературы}{}% 51
\BOOKMARK [0][-]{appendix.A}{Образец заявления об утверждении темы диссертации}{}% 52
\BOOKMARK [0][-]{appendix.B}{Образец задания на магистерскую диссертацию}{}% 53
\BOOKMARK [0][-]{appendix.C}{Лист ознакомления}{}% 54
