This is XeTeX, Version 3.14159265-2.6-0.99996 (TeX Live 2016/W32TeX) (preloaded format=xelatex 2017.2.6)  4 APR 2017 02:54
entering extended mode
 \write18 enabled.
 %&-line parsing enabled.
**./Task_6_1.tex
(./Task_6_1.tex
LaTeX2e <2017/01/01> patch level 1
Babel <3.9r> and hyphenation patterns for 83 language(s) loaded.
(d:/RANEPA/Inform/LaTEX/texlive/2016/texmf-dist/tex/latex/beamer/beamer.cls
Document Class: beamer 2017/01/23 v3.41 A class for typesetting presentations

(d:/RANEPA/Inform/LaTEX/texlive/2016/texmf-dist/tex/latex/etoolbox/etoolbox.sty
Package: etoolbox 2017/01/02 v2.4 e-TeX tools for LaTeX (JAW)
\etb@tempcnta=\count79
)
(d:/RANEPA/Inform/LaTEX/texlive/2016/texmf-dist/tex/latex/beamer/beamerbasemode
s.sty
\beamer@tempbox=\box26
\beamer@tempcount=\count80
\c@beamerpauses=\count81

(d:/RANEPA/Inform/LaTEX/texlive/2016/texmf-dist/tex/latex/beamer/beamerbasedeco
de.sty
\beamer@slideinframe=\count82
\beamer@minimum=\count83
)
\beamer@commentbox=\box27
\beamer@modecount=\count84
)
(d:/RANEPA/Inform/LaTEX/texlive/2016/texmf-dist/tex/generic/oberdiek/ifpdf.sty
Package: ifpdf 2016/05/14 v3.1 Provides the ifpdf switch
)
\headheight=\dimen102
\headdp=\dimen103
\footheight=\dimen104
\sidebarheight=\dimen105
\beamer@tempdim=\dimen106
\beamer@finalheight=\dimen107
\beamer@animht=\dimen108
\beamer@animdp=\dimen109
\beamer@animwd=\dimen110
\beamer@leftmargin=\dimen111
\beamer@rightmargin=\dimen112
\beamer@leftsidebar=\dimen113
\beamer@rightsidebar=\dimen114
\beamer@boxsize=\dimen115
\beamer@vboxoffset=\dimen116
\beamer@descdefault=\dimen117
\beamer@descriptionwidth=\dimen118
\beamer@lastskip=\skip41
\beamer@areabox=\box28
\beamer@animcurrent=\box29
\beamer@animshowbox=\box30
\beamer@sectionbox=\box31
\beamer@logobox=\box32
\beamer@linebox=\box33
\beamer@sectioncount=\count85
\beamer@subsubsectionmax=\count86
\beamer@subsectionmax=\count87
\beamer@sectionmax=\count88
\beamer@totalheads=\count89
\beamer@headcounter=\count90
\beamer@partstartpage=\count91
\beamer@sectionstartpage=\count92
\beamer@subsectionstartpage=\count93
\beamer@animationtempa=\count94
\beamer@animationtempb=\count95
\beamer@xpos=\count96
\beamer@ypos=\count97
\beamer@showpartnumber=\count98
\beamer@currentsubsection=\count99
\beamer@coveringdepth=\count100
\beamer@sectionadjust=\count101
\beamer@tocsectionnumber=\count102

(d:/RANEPA/Inform/LaTEX/texlive/2016/texmf-dist/tex/latex/beamer/beamerbaseopti
ons.sty
(d:/RANEPA/Inform/LaTEX/texlive/2016/texmf-dist/tex/latex/graphics/keyval.sty
Package: keyval 2014/10/28 v1.15 key=value parser (DPC)
\KV@toks@=\toks14
))
\beamer@paperwidth=\skip42
\beamer@paperheight=\skip43

(d:/RANEPA/Inform/LaTEX/texlive/2016/texmf-dist/tex/latex/geometry/geometry.sty
Package: geometry 2010/09/12 v5.6 Page Geometry

(d:/RANEPA/Inform/LaTEX/texlive/2016/texmf-dist/tex/generic/oberdiek/ifvtex.sty
Package: ifvtex 2016/05/16 v1.6 Detect VTeX and its facilities (HO)
Package ifvtex Info: VTeX not detected.
)
(d:/RANEPA/Inform/LaTEX/texlive/2016/texmf-dist/tex/generic/ifxetex/ifxetex.sty
Package: ifxetex 2010/09/12 v0.6 Provides ifxetex conditional
)
\Gm@cnth=\count103
\Gm@cntv=\count104
\c@Gm@tempcnt=\count105
\Gm@bindingoffset=\dimen119
\Gm@wd@mp=\dimen120
\Gm@odd@mp=\dimen121
\Gm@even@mp=\dimen122
\Gm@layoutwidth=\dimen123
\Gm@layoutheight=\dimen124
\Gm@layouthoffset=\dimen125
\Gm@layoutvoffset=\dimen126
\Gm@dimlist=\toks15
) (d:/RANEPA/Inform/LaTEX/texlive/2016/texmf-dist/tex/latex/base/size11.clo
File: size11.clo 2014/09/29 v1.4h Standard LaTeX file (size option)
)
(d:/RANEPA/Inform/LaTEX/texlive/2016/texmf-dist/tex/latex/pgf/basiclayer/pgfcor
e.sty
(d:/RANEPA/Inform/LaTEX/texlive/2016/texmf-dist/tex/latex/graphics/graphicx.sty
Package: graphicx 2014/10/28 v1.0g Enhanced LaTeX Graphics (DPC,SPQR)

(d:/RANEPA/Inform/LaTEX/texlive/2016/texmf-dist/tex/latex/graphics/graphics.sty
Package: graphics 2016/10/09 v1.0u Standard LaTeX Graphics (DPC,SPQR)
(d:/RANEPA/Inform/LaTEX/texlive/2016/texmf-dist/tex/latex/graphics/trig.sty
Package: trig 2016/01/03 v1.10 sin cos tan (DPC)
)
(d:/RANEPA/Inform/LaTEX/texlive/2016/texmf-dist/tex/latex/graphics-cfg/graphics
.cfg
File: graphics.cfg 2016/06/04 v1.11 sample graphics configuration
)
Package graphics Info: Driver file: xetex.def on input line 99.

(d:/RANEPA/Inform/LaTEX/texlive/2016/texmf-dist/tex/latex/graphics-def/xetex.de
f
File: xetex.def 2016/07/11 v4.10 LaTeX color/graphics driver for XeTeX (L3/RRM/
JK)
))
\Gin@req@height=\dimen127
\Gin@req@width=\dimen128
)
(d:/RANEPA/Inform/LaTEX/texlive/2016/texmf-dist/tex/latex/pgf/systemlayer/pgfsy
s.sty
(d:/RANEPA/Inform/LaTEX/texlive/2016/texmf-dist/tex/latex/pgf/utilities/pgfrcs.
sty
(d:/RANEPA/Inform/LaTEX/texlive/2016/texmf-dist/tex/generic/pgf/utilities/pgfut
il-common.tex
\pgfutil@everybye=\toks16
\pgfutil@tempdima=\dimen129
\pgfutil@tempdimb=\dimen130

(d:/RANEPA/Inform/LaTEX/texlive/2016/texmf-dist/tex/generic/pgf/utilities/pgfut
il-common-lists.tex))
(d:/RANEPA/Inform/LaTEX/texlive/2016/texmf-dist/tex/generic/pgf/utilities/pgfut
il-latex.def
\pgfutil@abb=\box34

(d:/RANEPA/Inform/LaTEX/texlive/2016/texmf-dist/tex/latex/ms/everyshi.sty
Package: everyshi 2001/05/15 v3.00 EveryShipout Package (MS)
))
(d:/RANEPA/Inform/LaTEX/texlive/2016/texmf-dist/tex/generic/pgf/utilities/pgfrc
s.code.tex
Package: pgfrcs 2015/08/07 v3.0.1a (rcs-revision 1.31)
))
(d:/RANEPA/Inform/LaTEX/texlive/2016/texmf-dist/tex/generic/pgf/systemlayer/pgf
sys.code.tex
Package: pgfsys 2014/07/09 v3.0.1a (rcs-revision 1.48)

(d:/RANEPA/Inform/LaTEX/texlive/2016/texmf-dist/tex/generic/pgf/utilities/pgfke
ys.code.tex
\pgfkeys@pathtoks=\toks17
\pgfkeys@temptoks=\toks18

(d:/RANEPA/Inform/LaTEX/texlive/2016/texmf-dist/tex/generic/pgf/utilities/pgfke
ysfiltered.code.tex
\pgfkeys@tmptoks=\toks19
))
\pgf@x=\dimen131
\pgf@y=\dimen132
\pgf@xa=\dimen133
\pgf@ya=\dimen134
\pgf@xb=\dimen135
\pgf@yb=\dimen136
\pgf@xc=\dimen137
\pgf@yc=\dimen138
\w@pgf@writea=\write3
\r@pgf@reada=\read1
\c@pgf@counta=\count106
\c@pgf@countb=\count107
\c@pgf@countc=\count108
\c@pgf@countd=\count109
\t@pgf@toka=\toks20
\t@pgf@tokb=\toks21
\t@pgf@tokc=\toks22

(d:/RANEPA/Inform/LaTEX/texlive/2016/texmf-dist/tex/generic/pgf/systemlayer/pgf
.cfg
File: pgf.cfg 2008/05/14  (rcs-revision 1.7)
)
Driver file for pgf: pgfsys-xetex.def

(d:/RANEPA/Inform/LaTEX/texlive/2016/texmf-dist/tex/generic/pgf/systemlayer/pgf
sys-xetex.def
File: pgfsys-xetex.def 2014/07/09  (rcs-revision 1.11)

(d:/RANEPA/Inform/LaTEX/texlive/2016/texmf-dist/tex/generic/pgf/systemlayer/pgf
sys-dvipdfmx.def
File: pgfsys-dvipdfmx.def 2014/07/09  (rcs-revision 1.14)

(d:/RANEPA/Inform/LaTEX/texlive/2016/texmf-dist/tex/generic/pgf/systemlayer/pgf
sys-common-pdf.def
File: pgfsys-common-pdf.def 2013/10/10  (rcs-revision 1.13)
)
\pgfsys@objnum=\count110
)))
(d:/RANEPA/Inform/LaTEX/texlive/2016/texmf-dist/tex/generic/pgf/systemlayer/pgf
syssoftpath.code.tex
File: pgfsyssoftpath.code.tex 2013/09/09  (rcs-revision 1.9)
\pgfsyssoftpath@smallbuffer@items=\count111
\pgfsyssoftpath@bigbuffer@items=\count112
)
(d:/RANEPA/Inform/LaTEX/texlive/2016/texmf-dist/tex/generic/pgf/systemlayer/pgf
sysprotocol.code.tex
File: pgfsysprotocol.code.tex 2006/10/16  (rcs-revision 1.4)
))
(d:/RANEPA/Inform/LaTEX/texlive/2016/texmf-dist/tex/latex/xcolor/xcolor.sty
Package: xcolor 2016/05/11 v2.12 LaTeX color extensions (UK)

(d:/RANEPA/Inform/LaTEX/texlive/2016/texmf-dist/tex/latex/graphics-cfg/color.cf
g
File: color.cfg 2016/01/02 v1.6 sample color configuration
)
Package xcolor Info: Driver file: xetex.def on input line 225.
Package xcolor Info: Model `cmy' substituted by `cmy0' on input line 1348.
Package xcolor Info: Model `RGB' extended on input line 1364.
Package xcolor Info: Model `HTML' substituted by `rgb' on input line 1366.
Package xcolor Info: Model `Hsb' substituted by `hsb' on input line 1367.
Package xcolor Info: Model `tHsb' substituted by `hsb' on input line 1368.
Package xcolor Info: Model `HSB' substituted by `hsb' on input line 1369.
Package xcolor Info: Model `Gray' substituted by `gray' on input line 1370.
Package xcolor Info: Model `wave' substituted by `hsb' on input line 1371.

(d:/RANEPA/Inform/LaTEX/texlive/2016/texmf-dist/tex/latex/graphics/dvipsnam.def
File: dvipsnam.def 2016/06/17 v3.0m Driver-dependent file (DPC,SPQR)
))
(d:/RANEPA/Inform/LaTEX/texlive/2016/texmf-dist/tex/generic/pgf/basiclayer/pgfc
ore.code.tex
Package: pgfcore 2010/04/11 v3.0.1a (rcs-revision 1.7)

(d:/RANEPA/Inform/LaTEX/texlive/2016/texmf-dist/tex/generic/pgf/math/pgfmath.co
de.tex
(d:/RANEPA/Inform/LaTEX/texlive/2016/texmf-dist/tex/generic/pgf/math/pgfmathcal
c.code.tex
(d:/RANEPA/Inform/LaTEX/texlive/2016/texmf-dist/tex/generic/pgf/math/pgfmathuti
l.code.tex)
(d:/RANEPA/Inform/LaTEX/texlive/2016/texmf-dist/tex/generic/pgf/math/pgfmathpar
ser.code.tex
\pgfmath@dimen=\dimen139
\pgfmath@count=\count113
\pgfmath@box=\box35
\pgfmath@toks=\toks23
\pgfmath@stack@operand=\toks24
\pgfmath@stack@operation=\toks25
)
(d:/RANEPA/Inform/LaTEX/texlive/2016/texmf-dist/tex/generic/pgf/math/pgfmathfun
ctions.code.tex
(d:/RANEPA/Inform/LaTEX/texlive/2016/texmf-dist/tex/generic/pgf/math/pgfmathfun
ctions.basic.code.tex)
(d:/RANEPA/Inform/LaTEX/texlive/2016/texmf-dist/tex/generic/pgf/math/pgfmathfun
ctions.trigonometric.code.tex)
(d:/RANEPA/Inform/LaTEX/texlive/2016/texmf-dist/tex/generic/pgf/math/pgfmathfun
ctions.random.code.tex)
(d:/RANEPA/Inform/LaTEX/texlive/2016/texmf-dist/tex/generic/pgf/math/pgfmathfun
ctions.comparison.code.tex)
(d:/RANEPA/Inform/LaTEX/texlive/2016/texmf-dist/tex/generic/pgf/math/pgfmathfun
ctions.base.code.tex)
(d:/RANEPA/Inform/LaTEX/texlive/2016/texmf-dist/tex/generic/pgf/math/pgfmathfun
ctions.round.code.tex)
(d:/RANEPA/Inform/LaTEX/texlive/2016/texmf-dist/tex/generic/pgf/math/pgfmathfun
ctions.misc.code.tex)
(d:/RANEPA/Inform/LaTEX/texlive/2016/texmf-dist/tex/generic/pgf/math/pgfmathfun
ctions.integerarithmetics.code.tex)))
(d:/RANEPA/Inform/LaTEX/texlive/2016/texmf-dist/tex/generic/pgf/math/pgfmathflo
at.code.tex
\c@pgfmathroundto@lastzeros=\count114
))
(d:/RANEPA/Inform/LaTEX/texlive/2016/texmf-dist/tex/generic/pgf/basiclayer/pgfc
orepoints.code.tex
File: pgfcorepoints.code.tex 2013/10/07  (rcs-revision 1.27)
\pgf@picminx=\dimen140
\pgf@picmaxx=\dimen141
\pgf@picminy=\dimen142
\pgf@picmaxy=\dimen143
\pgf@pathminx=\dimen144
\pgf@pathmaxx=\dimen145
\pgf@pathminy=\dimen146
\pgf@pathmaxy=\dimen147
\pgf@xx=\dimen148
\pgf@xy=\dimen149
\pgf@yx=\dimen150
\pgf@yy=\dimen151
\pgf@zx=\dimen152
\pgf@zy=\dimen153
)
(d:/RANEPA/Inform/LaTEX/texlive/2016/texmf-dist/tex/generic/pgf/basiclayer/pgfc
orepathconstruct.code.tex
File: pgfcorepathconstruct.code.tex 2013/10/07  (rcs-revision 1.29)
\pgf@path@lastx=\dimen154
\pgf@path@lasty=\dimen155
)
(d:/RANEPA/Inform/LaTEX/texlive/2016/texmf-dist/tex/generic/pgf/basiclayer/pgfc
orepathusage.code.tex
File: pgfcorepathusage.code.tex 2014/11/02  (rcs-revision 1.24)
\pgf@shorten@end@additional=\dimen156
\pgf@shorten@start@additional=\dimen157
)
(d:/RANEPA/Inform/LaTEX/texlive/2016/texmf-dist/tex/generic/pgf/basiclayer/pgfc
orescopes.code.tex
File: pgfcorescopes.code.tex 2015/05/08  (rcs-revision 1.46)
\pgfpic=\box36
\pgf@hbox=\box37
\pgf@layerbox@main=\box38
\pgf@picture@serial@count=\count115
)
(d:/RANEPA/Inform/LaTEX/texlive/2016/texmf-dist/tex/generic/pgf/basiclayer/pgfc
oregraphicstate.code.tex
File: pgfcoregraphicstate.code.tex 2014/11/02  (rcs-revision 1.12)
\pgflinewidth=\dimen158
)
(d:/RANEPA/Inform/LaTEX/texlive/2016/texmf-dist/tex/generic/pgf/basiclayer/pgfc
oretransformations.code.tex
File: pgfcoretransformations.code.tex 2015/08/07  (rcs-revision 1.20)
\pgf@pt@x=\dimen159
\pgf@pt@y=\dimen160
\pgf@pt@temp=\dimen161
)
(d:/RANEPA/Inform/LaTEX/texlive/2016/texmf-dist/tex/generic/pgf/basiclayer/pgfc
orequick.code.tex
File: pgfcorequick.code.tex 2008/10/09  (rcs-revision 1.3)
)
(d:/RANEPA/Inform/LaTEX/texlive/2016/texmf-dist/tex/generic/pgf/basiclayer/pgfc
oreobjects.code.tex
File: pgfcoreobjects.code.tex 2006/10/11  (rcs-revision 1.2)
)
(d:/RANEPA/Inform/LaTEX/texlive/2016/texmf-dist/tex/generic/pgf/basiclayer/pgfc
orepathprocessing.code.tex
File: pgfcorepathprocessing.code.tex 2013/09/09  (rcs-revision 1.9)
)
(d:/RANEPA/Inform/LaTEX/texlive/2016/texmf-dist/tex/generic/pgf/basiclayer/pgfc
orearrows.code.tex
File: pgfcorearrows.code.tex 2015/05/14  (rcs-revision 1.43)
\pgfarrowsep=\dimen162
)
(d:/RANEPA/Inform/LaTEX/texlive/2016/texmf-dist/tex/generic/pgf/basiclayer/pgfc
oreshade.code.tex
File: pgfcoreshade.code.tex 2013/07/15  (rcs-revision 1.15)
\pgf@max=\dimen163
\pgf@sys@shading@range@num=\count116
)
(d:/RANEPA/Inform/LaTEX/texlive/2016/texmf-dist/tex/generic/pgf/basiclayer/pgfc
oreimage.code.tex
File: pgfcoreimage.code.tex 2013/07/15  (rcs-revision 1.18)

(d:/RANEPA/Inform/LaTEX/texlive/2016/texmf-dist/tex/generic/pgf/basiclayer/pgfc
oreexternal.code.tex
File: pgfcoreexternal.code.tex 2014/07/09  (rcs-revision 1.21)
\pgfexternal@startupbox=\box39
))
(d:/RANEPA/Inform/LaTEX/texlive/2016/texmf-dist/tex/generic/pgf/basiclayer/pgfc
orelayers.code.tex
File: pgfcorelayers.code.tex 2013/07/18  (rcs-revision 1.7)
)
(d:/RANEPA/Inform/LaTEX/texlive/2016/texmf-dist/tex/generic/pgf/basiclayer/pgfc
oretransparency.code.tex
File: pgfcoretransparency.code.tex 2013/09/30  (rcs-revision 1.5)
)
(d:/RANEPA/Inform/LaTEX/texlive/2016/texmf-dist/tex/generic/pgf/basiclayer/pgfc
orepatterns.code.tex
File: pgfcorepatterns.code.tex 2013/11/07  (rcs-revision 1.5)
)))
(d:/RANEPA/Inform/LaTEX/texlive/2016/texmf-dist/tex/latex/pgf/utilities/xxcolor
.sty
Package: xxcolor 2003/10/24 ver 0.1
\XC@nummixins=\count117
\XC@countmixins=\count118
)
(d:/RANEPA/Inform/LaTEX/texlive/2016/texmf-dist/tex/generic/oberdiek/atbegshi.s
ty
Package: atbegshi 2016/06/09 v1.18 At begin shipout hook (HO)

(d:/RANEPA/Inform/LaTEX/texlive/2016/texmf-dist/tex/generic/oberdiek/infwarerr.
sty
Package: infwarerr 2016/05/16 v1.4 Providing info/warning/error messages (HO)
)
(d:/RANEPA/Inform/LaTEX/texlive/2016/texmf-dist/tex/generic/oberdiek/ltxcmds.st
y
Package: ltxcmds 2016/05/16 v1.23 LaTeX kernel commands for general use (HO)
))
(d:/RANEPA/Inform/LaTEX/texlive/2016/texmf-dist/tex/latex/hyperref/hyperref.sty
Package: hyperref 2016/06/24 v6.83q Hypertext links for LaTeX

(d:/RANEPA/Inform/LaTEX/texlive/2016/texmf-dist/tex/generic/oberdiek/hobsub-hyp
erref.sty
Package: hobsub-hyperref 2016/05/16 v1.14 Bundle oberdiek, subset hyperref (HO)


(d:/RANEPA/Inform/LaTEX/texlive/2016/texmf-dist/tex/generic/oberdiek/hobsub-gen
eric.sty
Package: hobsub-generic 2016/05/16 v1.14 Bundle oberdiek, subset generic (HO)
Package: hobsub 2016/05/16 v1.14 Construct package bundles (HO)
Package hobsub Info: Skipping package `infwarerr' (already loaded).
Package hobsub Info: Skipping package `ltxcmds' (already loaded).
Package: ifluatex 2016/05/16 v1.4 Provides the ifluatex switch (HO)
Package ifluatex Info: LuaTeX not detected.
Package hobsub Info: Skipping package `ifvtex' (already loaded).
Package: intcalc 2016/05/16 v1.2 Expandable calculations with integers (HO)
Package hobsub Info: Skipping package `ifpdf' (already loaded).
Package: etexcmds 2016/05/16 v1.6 Avoid name clashes with e-TeX commands (HO)
Package etexcmds Info: Could not find \expanded.
(etexcmds)             That can mean that you are not using pdfTeX 1.50 or
(etexcmds)             that some package has redefined \expanded.
(etexcmds)             In the latter case, load this package earlier.
Package: kvsetkeys 2016/05/16 v1.17 Key value parser (HO)
Package: kvdefinekeys 2016/05/16 v1.4 Define keys (HO)
Package: pdftexcmds 2016/05/21 v0.22 Utility functions of pdfTeX for LuaTeX (HO
)
Package pdftexcmds Info: LuaTeX not detected.
Package pdftexcmds Info: pdfTeX >= 1.30 not detected.
Package pdftexcmds Info: \pdf@primitive is available.
Package pdftexcmds Info: \pdf@ifprimitive is available.
Package pdftexcmds Info: \pdfdraftmode not found.
Package: pdfescape 2016/05/16 v1.14 Implements pdfTeX's escape features (HO)
Package: bigintcalc 2016/05/16 v1.4 Expandable calculations on big integers (HO
)
Package: bitset 2016/05/16 v1.2 Handle bit-vector datatype (HO)
Package: uniquecounter 2016/05/16 v1.3 Provide unlimited unique counter (HO)
)
Package hobsub Info: Skipping package `hobsub' (already loaded).
Package: letltxmacro 2016/05/16 v1.5 Let assignment for LaTeX macros (HO)
Package: hopatch 2016/05/16 v1.3 Wrapper for package hooks (HO)
Package: xcolor-patch 2016/05/16 xcolor patch
Package: atveryend 2016/05/16 v1.9 Hooks at the very end of document (HO)
Package hobsub Info: Skipping package `atbegshi' (already loaded).
Package: refcount 2016/05/16 v3.5 Data extraction from label references (HO)
Package: hycolor 2016/05/16 v1.8 Color options for hyperref/bookmark (HO)
)
(d:/RANEPA/Inform/LaTEX/texlive/2016/texmf-dist/tex/latex/oberdiek/auxhook.sty
Package: auxhook 2016/05/16 v1.4 Hooks for auxiliary files (HO)
)
(d:/RANEPA/Inform/LaTEX/texlive/2016/texmf-dist/tex/latex/oberdiek/kvoptions.st
y
Package: kvoptions 2016/05/16 v3.12 Key value format for package options (HO)
)
\@linkdim=\dimen164
\Hy@linkcounter=\count119
\Hy@pagecounter=\count120

(d:/RANEPA/Inform/LaTEX/texlive/2016/texmf-dist/tex/latex/hyperref/pd1enc.def
File: pd1enc.def 2016/06/24 v6.83q Hyperref: PDFDocEncoding definition (HO)
)
\Hy@SavedSpaceFactor=\count121

(d:/RANEPA/Inform/LaTEX/texlive/2016/texmf-dist/tex/latex/latexconfig/hyperref.
cfg
File: hyperref.cfg 2002/06/06 v1.2 hyperref configuration of TeXLive
)
Package hyperref Info: Option `bookmarks' set `true' on input line 4362.
Package hyperref Info: Option `bookmarksopen' set `true' on input line 4362.
Package hyperref Info: Option `implicit' set `false' on input line 4362.
Package hyperref Info: Hyper figures OFF on input line 4486.
Package hyperref Info: Link nesting OFF on input line 4491.
Package hyperref Info: Hyper index ON on input line 4494.
Package hyperref Info: Plain pages OFF on input line 4501.
Package hyperref Info: Backreferencing OFF on input line 4506.
Package hyperref Info: Implicit mode OFF; no redefinition of LaTeX internals.
Package hyperref Info: Bookmarks ON on input line 4735.
\c@Hy@tempcnt=\count122
 (d:/RANEPA/Inform/LaTEX/texlive/2016/texmf-dist/tex/latex/url/url.sty
\Urlmuskip=\muskip10
Package: url 2013/09/16  ver 3.4  Verb mode for urls, etc.
)
LaTeX Info: Redefining \url on input line 5088.
\XeTeXLinkMargin=\dimen165
\Fld@menulength=\count123
\Field@Width=\dimen166
\Fld@charsize=\dimen167
Package hyperref Info: Hyper figures OFF on input line 6342.
Package hyperref Info: Link nesting OFF on input line 6347.
Package hyperref Info: Hyper index ON on input line 6350.
Package hyperref Info: backreferencing OFF on input line 6357.
Package hyperref Info: Link coloring OFF on input line 6362.
Package hyperref Info: Link coloring with OCG OFF on input line 6367.
Package hyperref Info: PDF/A mode OFF on input line 6372.
LaTeX Info: Redefining \ref on input line 6412.
LaTeX Info: Redefining \pageref on input line 6416.
\Hy@abspage=\count124


Package hyperref Message: Stopped early.

)

Package hyperref Message: Driver (autodetected): hxetex.

(d:/RANEPA/Inform/LaTEX/texlive/2016/texmf-dist/tex/latex/hyperref/hxetex.def
File: hxetex.def 2016/06/24 v6.83q Hyperref driver for XeTeX

(d:/RANEPA/Inform/LaTEX/texlive/2016/texmf-dist/tex/latex/hyperref/puenc.def
File: puenc.def 2016/06/24 v6.83q Hyperref: PDF Unicode definition (HO)
)
(d:/RANEPA/Inform/LaTEX/texlive/2016/texmf-dist/tex/generic/oberdiek/stringenc.
sty
Package: stringenc 2016/05/16 v1.11 Convert strings between diff. encodings (HO
)
)
\pdfm@box=\box40
\c@Hy@AnnotLevel=\count125
\HyField@AnnotCount=\count126
\Fld@listcount=\count127
\c@bookmark@seq@number=\count128

(d:/RANEPA/Inform/LaTEX/texlive/2016/texmf-dist/tex/latex/oberdiek/rerunfileche
ck.sty
Package: rerunfilecheck 2016/05/16 v1.8 Rerun checks for auxiliary files (HO)
Package rerunfilecheck Info: Feature \pdfmdfivesum is not available
(rerunfilecheck)             (e.g. pdfTeX or LuaTeX with package `pdftexcmds').

(rerunfilecheck)             Therefore file contents cannot be checked efficien
tly
(rerunfilecheck)             and the loading of the package is aborted.
))
(d:/RANEPA/Inform/LaTEX/texlive/2016/texmf-dist/tex/generic/oberdiek/se-ascii-p
rint.def
File: se-ascii-print.def 2016/05/16 v1.11 stringenc: Printable ASCII characters

)
(d:/RANEPA/Inform/LaTEX/texlive/2016/texmf-dist/tex/latex/beamer/beamerbaserequ
ires.sty
(d:/RANEPA/Inform/LaTEX/texlive/2016/texmf-dist/tex/latex/beamer/beamerbasecomp
atibility.sty)
(d:/RANEPA/Inform/LaTEX/texlive/2016/texmf-dist/tex/latex/beamer/beamerbasefont
.sty
(d:/RANEPA/Inform/LaTEX/texlive/2016/texmf-dist/tex/latex/amsfonts/amssymb.sty
Package: amssymb 2013/01/14 v3.01 AMS font symbols

(d:/RANEPA/Inform/LaTEX/texlive/2016/texmf-dist/tex/latex/amsfonts/amsfonts.sty
Package: amsfonts 2013/01/14 v3.01 Basic AMSFonts support
\@emptytoks=\toks26
\symAMSa=\mathgroup4
\symAMSb=\mathgroup5
LaTeX Font Info:    Overwriting math alphabet `\mathfrak' in version `bold'
(Font)                  U/euf/m/n --> U/euf/b/n on input line 106.
))
(d:/RANEPA/Inform/LaTEX/texlive/2016/texmf-dist/tex/latex/sansmathaccent/sansma
thaccent.sty
Package: sansmathaccent 2013/03/28

(d:/RANEPA/Inform/LaTEX/texlive/2016/texmf-dist/tex/latex/filehook/filehook.sty
Package: filehook 2011/10/12 v0.5d Hooks for input files
)))
(d:/RANEPA/Inform/LaTEX/texlive/2016/texmf-dist/tex/latex/beamer/beamerbasetran
slator.sty
(d:/RANEPA/Inform/LaTEX/texlive/2016/texmf-dist/tex/latex/beamer/translator/tra
nslator.sty
Package: translator 2010/06/12 ver 1.10

(d:/RANEPA/Inform/LaTEX/texlive/2016/texmf-dist/tex/latex/beamer/translator/tra
nslator-language-mappings.tex)))
(d:/RANEPA/Inform/LaTEX/texlive/2016/texmf-dist/tex/latex/beamer/beamerbasemisc
.sty)
(d:/RANEPA/Inform/LaTEX/texlive/2016/texmf-dist/tex/latex/beamer/beamerbasetwos
creens.sty)
(d:/RANEPA/Inform/LaTEX/texlive/2016/texmf-dist/tex/latex/beamer/beamerbaseover
lay.sty
\beamer@argscount=\count129
\beamer@lastskipcover=\skip44
\beamer@trivlistdepth=\count130
)
(d:/RANEPA/Inform/LaTEX/texlive/2016/texmf-dist/tex/latex/beamer/beamerbasetitl
e.sty)
(d:/RANEPA/Inform/LaTEX/texlive/2016/texmf-dist/tex/latex/beamer/beamerbasesect
ion.sty
\c@lecture=\count131
\c@part=\count132
\c@section=\count133
\c@subsection=\count134
\c@subsubsection=\count135
)
(d:/RANEPA/Inform/LaTEX/texlive/2016/texmf-dist/tex/latex/beamer/beamerbasefram
e.sty
\beamer@framebox=\box41
\beamer@frametitlebox=\box42
\beamer@zoombox=\box43
\beamer@zoomcount=\count136
\beamer@zoomframecount=\count137
\beamer@frametextheight=\dimen168
\c@subsectionslide=\count138
\beamer@frametopskip=\skip45
\beamer@framebottomskip=\skip46
\beamer@frametopskipautobreak=\skip47
\beamer@framebottomskipautobreak=\skip48
\beamer@envbody=\toks27
\framewidth=\dimen169
\c@framenumber=\count139
)
(d:/RANEPA/Inform/LaTEX/texlive/2016/texmf-dist/tex/latex/beamer/beamerbaseverb
atim.sty
\beamer@verbatimfileout=\write4
)
(d:/RANEPA/Inform/LaTEX/texlive/2016/texmf-dist/tex/latex/beamer/beamerbasefram
esize.sty
\beamer@splitbox=\box44
\beamer@autobreakcount=\count140
\beamer@autobreaklastheight=\dimen170
\beamer@frametitletoks=\toks28
\beamer@framesubtitletoks=\toks29
)
(d:/RANEPA/Inform/LaTEX/texlive/2016/texmf-dist/tex/latex/beamer/beamerbasefram
ecomponents.sty
\beamer@footins=\box45
)
(d:/RANEPA/Inform/LaTEX/texlive/2016/texmf-dist/tex/latex/beamer/beamerbasecolo
r.sty)
(d:/RANEPA/Inform/LaTEX/texlive/2016/texmf-dist/tex/latex/beamer/beamerbasenote
s.sty
\beamer@frameboxcopy=\box46
)
(d:/RANEPA/Inform/LaTEX/texlive/2016/texmf-dist/tex/latex/beamer/beamerbasetoc.
sty)
(d:/RANEPA/Inform/LaTEX/texlive/2016/texmf-dist/tex/latex/beamer/beamerbasetemp
lates.sty
\beamer@sbttoks=\toks30

(d:/RANEPA/Inform/LaTEX/texlive/2016/texmf-dist/tex/latex/beamer/beamerbaseauxt
emplates.sty
(d:/RANEPA/Inform/LaTEX/texlive/2016/texmf-dist/tex/latex/beamer/beamerbaseboxe
s.sty
\bmb@box=\box47
\bmb@colorbox=\box48
\bmb@boxshadow=\box49
\bmb@boxshadowball=\box50
\bmb@boxshadowballlarge=\box51
\bmb@temp=\dimen171
\bmb@dima=\dimen172
\bmb@dimb=\dimen173
\bmb@prevheight=\dimen174
)
\beamer@blockheadheight=\dimen175
))
(d:/RANEPA/Inform/LaTEX/texlive/2016/texmf-dist/tex/latex/beamer/beamerbaseloca
lstructure.sty
(d:/RANEPA/Inform/LaTEX/texlive/2016/texmf-dist/tex/latex/tools/enumerate.sty
Package: enumerate 2015/07/23 v3.00 enumerate extensions (DPC)
\@enLab=\toks31
)
\c@figure=\count141
\c@table=\count142
\abovecaptionskip=\skip49
\belowcaptionskip=\skip50
)
(d:/RANEPA/Inform/LaTEX/texlive/2016/texmf-dist/tex/latex/beamer/beamerbasenavi
gation.sty
\beamer@section@min@dim=\dimen176
)
(d:/RANEPA/Inform/LaTEX/texlive/2016/texmf-dist/tex/latex/beamer/beamerbasetheo
rems.sty
(d:/RANEPA/Inform/LaTEX/texlive/2016/texmf-dist/tex/latex/amsmath/amsmath.sty
Package: amsmath 2016/11/05 v2.16a AMS math features
\@mathmargin=\skip51

For additional information on amsmath, use the `?' option.
(d:/RANEPA/Inform/LaTEX/texlive/2016/texmf-dist/tex/latex/amsmath/amstext.sty
Package: amstext 2000/06/29 v2.01 AMS text

(d:/RANEPA/Inform/LaTEX/texlive/2016/texmf-dist/tex/latex/amsmath/amsgen.sty
File: amsgen.sty 1999/11/30 v2.0 generic functions
\@emptytoks=\toks32
\ex@=\dimen177
))
(d:/RANEPA/Inform/LaTEX/texlive/2016/texmf-dist/tex/latex/amsmath/amsbsy.sty
Package: amsbsy 1999/11/29 v1.2d Bold Symbols
\pmbraise@=\dimen178
)
(d:/RANEPA/Inform/LaTEX/texlive/2016/texmf-dist/tex/latex/amsmath/amsopn.sty
Package: amsopn 2016/03/08 v2.02 operator names
)
\inf@bad=\count143
LaTeX Info: Redefining \frac on input line 213.
\uproot@=\count144
\leftroot@=\count145
LaTeX Info: Redefining \overline on input line 375.
\classnum@=\count146
\DOTSCASE@=\count147
LaTeX Info: Redefining \ldots on input line 472.
LaTeX Info: Redefining \dots on input line 475.
LaTeX Info: Redefining \cdots on input line 596.
\Mathstrutbox@=\box52
\strutbox@=\box53
\big@size=\dimen179
LaTeX Font Info:    Redeclaring font encoding OML on input line 712.
LaTeX Font Info:    Redeclaring font encoding OMS on input line 713.
\macc@depth=\count148
\c@MaxMatrixCols=\count149
\dotsspace@=\muskip11
\c@parentequation=\count150
\dspbrk@lvl=\count151
\tag@help=\toks33
\row@=\count152
\column@=\count153
\maxfields@=\count154
\andhelp@=\toks34
\eqnshift@=\dimen180
\alignsep@=\dimen181
\tagshift@=\dimen182
\tagwidth@=\dimen183
\totwidth@=\dimen184
\lineht@=\dimen185
\@envbody=\toks35
\multlinegap=\skip52
\multlinetaggap=\skip53
\mathdisplay@stack=\toks36
LaTeX Info: Redefining \[ on input line 2817.
LaTeX Info: Redefining \] on input line 2818.
)
(d:/RANEPA/Inform/LaTEX/texlive/2016/texmf-dist/tex/latex/amscls/amsthm.sty
Package: amsthm 2015/03/04 v2.20.2
\thm@style=\toks37
\thm@bodyfont=\toks38
\thm@headfont=\toks39
\thm@notefont=\toks40
\thm@headpunct=\toks41
\thm@preskip=\skip54
\thm@postskip=\skip55
\thm@headsep=\skip56
\dth@everypar=\toks42
)
\c@theorem=\count155
)
(d:/RANEPA/Inform/LaTEX/texlive/2016/texmf-dist/tex/latex/beamer/beamerbasethem
es.sty))
(d:/RANEPA/Inform/LaTEX/texlive/2016/texmf-dist/tex/latex/beamer/themes/theme/b
eamerthemedefault.sty
(d:/RANEPA/Inform/LaTEX/texlive/2016/texmf-dist/tex/latex/beamer/themes/font/be
amerfontthemedefault.sty)
(d:/RANEPA/Inform/LaTEX/texlive/2016/texmf-dist/tex/latex/beamer/themes/color/b
eamercolorthemedefault.sty)
(d:/RANEPA/Inform/LaTEX/texlive/2016/texmf-dist/tex/latex/beamer/themes/inner/b
eamerinnerthemedefault.sty
\beamer@dima=\dimen186
\beamer@dimb=\dimen187
)
(d:/RANEPA/Inform/LaTEX/texlive/2016/texmf-dist/tex/latex/beamer/themes/outer/b
eamerouterthemedefault.sty)))
(d:/RANEPA/Inform/LaTEX/texlive/2016/texmf-dist/tex/latex/beamer/themes/theme/b
eamerthemeCambridgeUS.sty
(d:/RANEPA/Inform/LaTEX/texlive/2016/texmf-dist/tex/latex/beamer/themes/inner/b
eamerinnerthemerounded.sty)
(d:/RANEPA/Inform/LaTEX/texlive/2016/texmf-dist/tex/latex/beamer/themes/outer/b
eamerouterthemeinfolines.sty)
(d:/RANEPA/Inform/LaTEX/texlive/2016/texmf-dist/tex/latex/beamer/themes/color/b
eamercolorthemebeaver.sty))
(d:/RANEPA/Inform/LaTEX/texlive/2016/texmf-dist/tex/latex/beamer/themes/color/b
eamercolorthemecrane.sty)
(d:/RANEPA/Inform/LaTEX/texlive/2016/texmf-dist/tex/latex/beamer/themes/inner/b
eamerinnerthemecircles.sty)
(d:/RANEPA/Inform/LaTEX/texlive/2016/texmf-dist/tex/generic/babel/babel.sty
Package: babel 2016/04/23 3.9r The Babel package

(d:/RANEPA/Inform/LaTEX/texlive/2016/texmf-dist/tex/generic/babel-english/engli
sh.ldf
Language: english 2017/01/24 v3.3q English support from the babel system

(d:/RANEPA/Inform/LaTEX/texlive/2016/texmf-dist/tex/generic/babel/babel.def
File: babel.def 2016/04/23 3.9r Babel common definitions
\babel@savecnt=\count156
\U@D=\dimen188

(d:/RANEPA/Inform/LaTEX/texlive/2016/texmf-dist/tex/generic/babel/xebabel.def)
LaTeX Info: Redefining \textlatin on input line 1448.
)
\l@canadian = a dialect from \language\l@american 
\l@australian = a dialect from \language\l@british 
\l@newzealand = a dialect from \language\l@british 
)
(d:/RANEPA/Inform/LaTEX/texlive/2016/texmf-dist/tex/generic/babel-russian/russi
anb.ldf
Language: russianb 2017/01/12 1.3i Russian support for the Babel system


Package babel Warning: No Cyrillic font encoding has been loaded so far.
(babel)                A font encoding should be declared before babel.
(babel)                Default `EU1' encoding will be loaded  on input line 69.


(d:/RANEPA/Inform/LaTEX/texlive/2016/texmf-dist/tex/latex/euenc/eu1enc.def
File: eu1enc.def 2010/05/27 v0.1h Experimental Unicode font encodings
)
Package babel Info: Making " an active character on input line 111.
))
(d:/RANEPA/Inform/LaTEX/texlive/2016/texmf-dist/tex/latex/fontspec/fontspec.sty
(d:/RANEPA/Inform/LaTEX/texlive/2016/texmf-dist/tex/latex/l3kernel/expl3.sty
Package: expl3 2017/01/28 v6834 L3 programming layer (loader) 

(d:/RANEPA/Inform/LaTEX/texlive/2016/texmf-dist/tex/latex/l3kernel/expl3-code.t
ex
Package: expl3 2017/01/28 v6834 L3 programming layer (code)
L3 Module: l3bootstrap 2016/12/28 v6805 L3 Bootstrap code
L3 Module: l3names 2016/12/28 v6805 L3 Namespace for primitives
L3 Module: l3basics 2016/12/28 v6805 L3 Basic definitions
L3 Module: l3expan 2016/12/28 v6805 L3 Argument expansion
L3 Module: l3tl 2016/12/28 v6805 L3 Token lists
L3 Module: l3str 2017/01/01 v6809 L3 Strings
L3 Module: l3seq 2016/12/28 v6805 L3 Sequences and stacks
L3 Module: l3int 2016/12/28 v6805 L3 Integers
\c_max_int=\count157
\l_tmpa_int=\count158
\l_tmpb_int=\count159
\g_tmpa_int=\count160
\g_tmpb_int=\count161
L3 Module: l3quark 2016/12/28 v6805 L3 Quarks
L3 Module: l3prg 2017/01/01 v6811 L3 Control structures
\g__prg_map_int=\count162
L3 Module: l3clist 2016/12/28 v6805 L3 Comma separated lists
L3 Module: l3token 2016/12/28 v6805 L3 Experimental token manipulation
L3 Module: l3prop 2016/12/28 v6805 L3 Property lists
L3 Module: l3msg 2016/12/28 v6805 L3 Messages
L3 Module: l3file 2016/12/28 v6805 L3 File and I/O operations
\l_iow_line_count_int=\count163
\l__iow_target_count_int=\count164
\l__iow_current_line_int=\count165
\l__iow_current_word_int=\count166
\l__iow_current_indentation_int=\count167
L3 Module: l3skip 2017/01/01 v6809 L3 Dimensions and skips
\c_zero_dim=\dimen189
\c_max_dim=\dimen190
\l_tmpa_dim=\dimen191
\l_tmpb_dim=\dimen192
\g_tmpa_dim=\dimen193
\g_tmpb_dim=\dimen194
\c_zero_skip=\skip57
\c_max_skip=\skip58
\l_tmpa_skip=\skip59
\l_tmpb_skip=\skip60
\g_tmpa_skip=\skip61
\g_tmpb_skip=\skip62
\c_zero_muskip=\muskip12
\c_max_muskip=\muskip13
\l_tmpa_muskip=\muskip14
\l_tmpb_muskip=\muskip15
\g_tmpa_muskip=\muskip16
\g_tmpb_muskip=\muskip17
L3 Module: l3keys 2017/01/01 v6811 L3 Key-value interfaces
\l_keys_choice_int=\count168
L3 Module: l3fp 2016/12/28 v6805 L3 Floating points
\c__fp_leading_shift_int=\count169
\c__fp_middle_shift_int=\count170
\c__fp_trailing_shift_int=\count171
\c__fp_big_leading_shift_int=\count172
\c__fp_big_middle_shift_int=\count173
\c__fp_big_trailing_shift_int=\count174
\c__fp_Bigg_leading_shift_int=\count175
\c__fp_Bigg_middle_shift_int=\count176
\c__fp_Bigg_trailing_shift_int=\count177
L3 Module: l3box 2016/12/28 v6805 L3 Experimental boxes
\c_empty_box=\box54
\l_tmpa_box=\box55
\l_tmpb_box=\box56
\g_tmpa_box=\box57
\g_tmpb_box=\box58
L3 Module: l3coffins 2016/12/28 v6805 L3 Coffin code layer
\l__coffin_internal_box=\box59
\l__coffin_internal_dim=\dimen195
\l__coffin_offset_x_dim=\dimen196
\l__coffin_offset_y_dim=\dimen197
\l__coffin_x_dim=\dimen198
\l__coffin_y_dim=\dimen199
\l__coffin_x_prime_dim=\dimen256
\l__coffin_y_prime_dim=\dimen257
\c_empty_coffin=\box60
\l__coffin_aligned_coffin=\box61
\l__coffin_aligned_internal_coffin=\box62
\l_tmpa_coffin=\box63
\l_tmpb_coffin=\box64
\l__coffin_display_coffin=\box65
\l__coffin_display_coord_coffin=\box66
\l__coffin_display_pole_coffin=\box67
\l__coffin_display_offset_dim=\dimen258
\l__coffin_display_x_dim=\dimen259
\l__coffin_display_y_dim=\dimen260
L3 Module: l3color 2016/12/28 v6805 L3 Experimental color support
L3 Module: l3sys 2017/01/01 v6811 L3 Experimental system/runtime functions
L3 Module: l3candidates 2017/01/01 v6809 L3 Experimental additions to l3kernel
\l__box_top_dim=\dimen261
\l__box_bottom_dim=\dimen262
\l__box_left_dim=\dimen263
\l__box_right_dim=\dimen264
\l__box_top_new_dim=\dimen265
\l__box_bottom_new_dim=\dimen266
\l__box_left_new_dim=\dimen267
\l__box_right_new_dim=\dimen268
\l__box_internal_box=\box68
\l__coffin_bounding_shift_dim=\dimen269
\l__coffin_left_corner_dim=\dimen270
\l__coffin_right_corner_dim=\dimen271
\l__coffin_bottom_corner_dim=\dimen272
\l__coffin_top_corner_dim=\dimen273
\l__coffin_scaled_total_height_dim=\dimen274
\l__coffin_scaled_width_dim=\dimen275
L3 Module: l3luatex 2016/12/28 v6805 L3 Experimental LuaTeX-specific functions
)
(d:/RANEPA/Inform/LaTEX/texlive/2016/texmf-dist/tex/latex/l3kernel/l3xdvipdfmx.
def
File: l3xdvidpfmx.def 2016/12/28 v6805 L3 Experimental driver: xdvipdfmx
\l__driver_tmp_box=\box69
))
(d:/RANEPA/Inform/LaTEX/texlive/2016/texmf-dist/tex/latex/l3packages/xparse/xpa
rse.sty
Package: xparse 2017/01/28 v6834 L3 Experimental document command parser
\l__xparse_current_arg_int=\count178
\l__xparse_m_args_int=\count179
\l__xparse_mandatory_args_int=\count180
\l__xparse_processor_int=\count181
\l__xparse_v_nesting_int=\count182
)
Package: fontspec 2017/01/24 v2.5d Font selection for XeLaTeX and LuaLaTeX

(d:/RANEPA/Inform/LaTEX/texlive/2016/texmf-dist/tex/latex/fontspec/fontspec-xet
ex.sty
Package: fontspec-xetex 2017/01/24 v2.5d Font selection for XeLaTeX and LuaLaTe
X
\l__fontspec_script_int=\count183
\l__fontspec_language_int=\count184
\l__fontspec_strnum_int=\count185
\l__fontspec_tmp_int=\count186
\l__fontspec_em_int=\count187
\l__fontspec_emdef_int=\count188
\l__fontspec_tmpa_dim=\dimen276
\l__fontspec_tmpb_dim=\dimen277
\l__fontspec_tmpc_dim=\dimen278
\g__file_internal_ior=\read2

(d:/RANEPA/Inform/LaTEX/texlive/2016/texmf-dist/tex/latex/base/fontenc.sty
Package: fontenc 2017/01/24 v2.0c Standard LaTeX package

(d:/RANEPA/Inform/LaTEX/texlive/2016/texmf-dist/tex/latex/base/tuenc.def
File: tuenc.def 2017/01/24 v2.0c Standard LaTeX file
LaTeX Font Info:    Redeclaring font encoding TU on input line 67.
))
.................................................
. LaTeX info: "xparse/define-command"
. 
. Defining command \fontspec with sig. 'O{}mO{}' on line 470.
.................................................
.................................................
. LaTeX info: "xparse/define-command"
. 
. Defining command \setmainfont with sig. 'O{}mO{}' on line 486.
.................................................
.................................................
. LaTeX info: "xparse/define-command"
. 
. Defining command \setsansfont with sig. 'O{}mO{}' on line 502.
.................................................
.................................................
. LaTeX info: "xparse/define-command"
. 
. Defining command \setmonofont with sig. 'O{}mO{}' on line 518.
.................................................
.................................................
. LaTeX info: "xparse/define-command"
. 
. Defining command \setmathrm with sig. 'O{}mO{}' on line 523.
.................................................
.................................................
. LaTeX info: "xparse/define-command"
. 
. Defining command \setboldmathrm with sig. 'O{}mO{}' on line 528.
.................................................
.................................................
. LaTeX info: "xparse/define-command"
. 
. Defining command \setmathsf with sig. 'O{}mO{}' on line 533.
.................................................
.................................................
. LaTeX info: "xparse/define-command"
. 
. Defining command \setmathtt with sig. 'O{}mO{}' on line 538.
.................................................
.................................................
. LaTeX info: "xparse/define-command"
. 
. Defining command \newfontfamily with sig. 'mO{}mO{}' on line 558.
.................................................
.................................................
. LaTeX info: "xparse/define-command"
. 
. Defining command \newfontface with sig. 'mO{}mO{}' on line 562.
.................................................
.................................................
. LaTeX info: "xparse/define-command"
. 
. Defining command \defaultfontfeatures with sig. 't+om' on line 569.
.................................................
.................................................
. LaTeX info: "xparse/define-command"
. 
. Defining command \addfontfeatures with sig. 'm' on line 618.
.................................................
.................................................
. LaTeX info: "xparse/define-command"
. 
. Defining command \newfontfeature with sig. 'mm' on line 629.
.................................................
.................................................
. LaTeX info: "xparse/define-command"
. 
. Defining command \newAATfeature with sig. 'mmmm' on line 637.
.................................................
.................................................
. LaTeX info: "xparse/define-command"
. 
. Defining command \newopentypefeature with sig. 'mmm' on line 645.
.................................................
.................................................
. LaTeX info: "xparse/define-command"
. 
. Defining command \aliasfontfeature with sig. 'mm' on line 666.
.................................................
.................................................
. LaTeX info: "xparse/define-command"
. 
. Defining command \aliasfontfeatureoption with sig. 'mmm' on line 683.
.................................................
.................................................
. LaTeX info: "xparse/define-command"
. 
. Defining command \newfontscript with sig. 'mm' on line 687.
.................................................
.................................................
. LaTeX info: "xparse/define-command"
. 
. Defining command \newfontlanguage with sig. 'mm' on line 691.
.................................................
.................................................
. LaTeX info: "xparse/define-command"
. 
. Defining command \DeclareFontsExtensions with sig. 'm' on line 696.
.................................................
.................................................
. LaTeX info: "xparse/define-command"
. 
. Defining command \IfFontFeatureActiveTF with sig. 'mmm' on line 702.
.................................................
.................................................
. LaTeX info: "xparse/define-command"
. 
. Defining command \EncodingCommand with sig. 'mO{}m' on line 3307.
.................................................
.................................................
. LaTeX info: "xparse/define-command"
. 
. Defining command \EncodingAccent with sig. 'mm' on line 3313.
.................................................
.................................................
. LaTeX info: "xparse/define-command"
. 
. Defining command \EncodingSymbol with sig. 'mm' on line 3319.
.................................................
.................................................
. LaTeX info: "xparse/define-command"
. 
. Defining command \EncodingComposite with sig. 'mmm' on line 3325.
.................................................
.................................................
. LaTeX info: "xparse/define-command"
. 
. Defining command \EncodingCompositeCommand with sig. 'mmm' on line 3331.
.................................................
.................................................
. LaTeX info: "xparse/define-command"
. 
. Defining command \DeclareUnicodeEncoding with sig. 'mm' on line 3356.
.................................................
.................................................
. LaTeX info: "xparse/define-command"
. 
. Defining command \UndeclareSymbol with sig. 'm' on line 3362.
.................................................
.................................................
. LaTeX info: "xparse/define-command"
. 
. Defining command \UndeclareComposite with sig. 'mm' on line 3370.
.................................................

(d:/RANEPA/Inform/LaTEX/texlive/2016/texmf-dist/tex/latex/fontspec/fontspec.cfg
)
LaTeX Info: Redefining \itshape on input line 3555.
LaTeX Info: Redefining \slshape on input line 3560.
LaTeX Info: Redefining \scshape on input line 3565.
LaTeX Info: Redefining \upshape on input line 3570.
LaTeX Info: Redefining \em on input line 3590.
LaTeX Info: Redefining \emph on input line 3607.
LaTeX Font Info:    Font shape `TU/lmss/m/it' in size <10.95> not available
(Font)              Font shape `TU/lmss/m/sl' tried instead on input line 3611.

LaTeX Info: Redefining \- on input line 3614.
.................................................
. LaTeX info: "xparse/redefine-command"
. 
. Redefining command \oldstylenums with sig. 'm' on line 3709.
.................................................
.................................................
. LaTeX info: "xparse/define-command"
. 
. Defining command \liningnums with sig. 'm' on line 3713.
.................................................
))
*************************************************
* fontspec warning: "only-luatex-feature"
* 
* Ignored LuaTeX only feature: 'Renderer=Full/Basic'.
*************************************************
*************************************************
* fontspec warning: "icu-feature-not-exist-in-font"
* 
* OpenType feature 'Ligatures=TeX,Historic' (hlig) not available for font
* 'Times New Roman' with script 'Latin' and language 'Default'.
*************************************************
\g__fontspec_family_TimesNewRoman_int=\count189
*************************************************
* fontspec warning: "icu-feature-not-exist-in-font"
* 
* OpenType feature 'Ligatures=TeX,Historic' (hlig) not available for font
* 'Times New Roman' with script 'Latin' and language 'Default'.
*************************************************
*************************************************
* fontspec warning: "icu-feature-not-exist-in-font"
* 
* OpenType feature 'Ligatures=TeX,Historic' (hlig) not available for font
* 'Times New Roman/B' with script 'Latin' and language 'Default'.
*************************************************
*************************************************
* fontspec warning: "icu-feature-not-exist-in-font"
* 
* OpenType feature 'Ligatures=TeX,Historic' (hlig) not available for font
* 'Times New Roman/I' with script 'Latin' and language 'Default'.
*************************************************
*************************************************
* fontspec warning: "icu-feature-not-exist-in-font"
* 
* OpenType feature 'Ligatures=TeX,Historic' (hlig) not available for font
* 'Times New Roman/BI' with script 'Latin' and language 'Default'.
*************************************************
.................................................
. fontspec info: "defining-font"
. 
. Font family 'TimesNewRoman(0)' created for font 'Times New Roman' with
. options
. [Ligatures={TeX},Renderer=Basic,Ligatures=TeX,Ligatures={TeX,Historic}].
.  
.  This font family consists of the following NFSS series/shapes:
.  
. - 'normal' (m/n) with NFSS spec.: <->"Times New
. Roman/OT:script=latn;language=DFLT;mapping=tex-text;"
. - 'small caps'  (m/sc) with NFSS spec.: 
. - 'bold' (bx/n) with NFSS spec.: <->"Times New
. Roman/B/OT:script=latn;language=DFLT;mapping=tex-text;"
. - 'bold small caps'  (bx/sc) with NFSS spec.: 
. - 'italic' (m/it) with NFSS spec.: <->"Times New
. Roman/I/OT:script=latn;language=DFLT;mapping=tex-text;"
. - 'italic small caps'  (m/itsc) with NFSS spec.: 
. - 'bold italic' (bx/it) with NFSS spec.: <->"Times New
. Roman/BI/OT:script=latn;language=DFLT;mapping=tex-text;"
. - 'bold italic small caps'  (bx/itsc) with NFSS spec.: 
.................................................
LaTeX Info: Redefining \rmfamily on input line 14.
*************************************************
* fontspec warning: "only-luatex-feature"
* 
* Ignored LuaTeX only feature: 'Renderer=Full/Basic'.
*************************************************
\g__fontspec_family_Arial_int=\count190
.................................................
. fontspec info: "defining-font"
. 
. Font family 'Arial(0)' created for font 'Arial' with options
. [Ligatures={TeX},Renderer=Basic,Ligatures=TeX].
.  
.  This font family consists of the following NFSS series/shapes:
.  
. - 'normal' (m/n) with NFSS spec.:
. <->"Arial/OT:script=latn;language=DFLT;mapping=tex-text;"
. - 'small caps'  (m/sc) with NFSS spec.: 
. - 'bold' (bx/n) with NFSS spec.:
. <->"Arial/B/OT:script=latn;language=DFLT;mapping=tex-text;"
. - 'bold small caps'  (bx/sc) with NFSS spec.: 
. - 'italic' (m/it) with NFSS spec.:
. <->"Arial/I/OT:script=latn;language=DFLT;mapping=tex-text;"
. - 'italic small caps'  (m/itsc) with NFSS spec.: 
. - 'bold italic' (bx/it) with NFSS spec.:
. <->"Arial/BI/OT:script=latn;language=DFLT;mapping=tex-text;"
. - 'bold italic small caps'  (bx/itsc) with NFSS spec.: 
.................................................
LaTeX Info: Redefining \sffamily on input line 15.
*************************************************
* fontspec warning: "only-luatex-feature"
* 
* Ignored LuaTeX only feature: 'Renderer=Full/Basic'.
*************************************************
\g__fontspec_family_CourierNew_int=\count191
.................................................
. fontspec info: "defining-font"
. 
. Font family 'CourierNew(0)' created for font 'Courier New' with options
. [Ligatures={TeX},Renderer=Basic,WordSpace={1,0,0},PunctuationSpace=WordSpace]
.
.  
.  This font family consists of the following NFSS series/shapes:
.  
. - 'normal' (m/n) with NFSS spec.: <->"Courier
. New/OT:script=latn;language=DFLT;mapping=tex-text;"
. - 'small caps'  (m/sc) with NFSS spec.: 
. and font adjustment code:
. \fontdimen 2\font =1\fontdimen 2\font \fontdimen 3\font =0\fontdimen 3\font
. \fontdimen 4\font =0\fontdimen 4\font \fontdimen 7\font =0\fontdimen 2\font 
. - 'bold' (bx/n) with NFSS spec.: <->"Courier
. New/B/OT:script=latn;language=DFLT;mapping=tex-text;"
. - 'bold small caps'  (bx/sc) with NFSS spec.: 
. and font adjustment code:
. \fontdimen 2\font =1\fontdimen 2\font \fontdimen 3\font =0\fontdimen 3\font
. \fontdimen 4\font =0\fontdimen 4\font \fontdimen 7\font =0\fontdimen 2\font 
. - 'italic' (m/it) with NFSS spec.: <->"Courier
. New/I/OT:script=latn;language=DFLT;mapping=tex-text;"
. - 'italic small caps'  (m/itsc) with NFSS spec.: 
. and font adjustment code:
. \fontdimen 2\font =1\fontdimen 2\font \fontdimen 3\font =0\fontdimen 3\font
. \fontdimen 4\font =0\fontdimen 4\font \fontdimen 7\font =0\fontdimen 2\font 
. - 'bold italic' (bx/it) with NFSS spec.: <->"Courier
. New/BI/OT:script=latn;language=DFLT;mapping=tex-text;"
. - 'bold italic small caps'  (bx/itsc) with NFSS spec.: 
. and font adjustment code:
. \fontdimen 2\font =1\fontdimen 2\font \fontdimen 3\font =0\fontdimen 3\font
. \fontdimen 4\font =0\fontdimen 4\font \fontdimen 7\font =0\fontdimen 2\font 
.................................................
LaTeX Info: Redefining \ttfamily on input line 16.

(d:/RANEPA/Inform/LaTEX/texlive/2016/texmf-dist/tex/latex/tools/indentfirst.sty
Package: indentfirst 1995/11/23 v1.03 Indent first paragraph (DPC)
)
(d:/RANEPA/Inform/LaTEX/texlive/2016/texmf-dist/tex/latex/mathtools/mathtools.s
ty
Package: mathtools 2015/11/12 v1.18 mathematical typesetting tools
 (d:/RANEPA/Inform/LaTEX/texlive/2016/texmf-dist/tex/latex/tools/calc.sty
Package: calc 2014/10/28 v4.3 Infix arithmetic (KKT,FJ)
\calc@Acount=\count192
\calc@Bcount=\count193
\calc@Adimen=\dimen279
\calc@Bdimen=\dimen280
\calc@Askip=\skip63
\calc@Bskip=\skip64
LaTeX Info: Redefining \setlength on input line 80.
LaTeX Info: Redefining \addtolength on input line 81.
\calc@Ccount=\count194
\calc@Cskip=\skip65
)
(d:/RANEPA/Inform/LaTEX/texlive/2016/texmf-dist/tex/latex/mathtools/mhsetup.sty
Package: mhsetup 2010/01/21 v1.2a programming setup (MH)
)
LaTeX Info: Thecontrolsequence`\('isalreadyrobust on input line 129.
LaTeX Info: Thecontrolsequence`\)'isalreadyrobust on input line 129.
LaTeX Info: Thecontrolsequence`\['isalreadyrobust on input line 129.
LaTeX Info: Thecontrolsequence`\]'isalreadyrobust on input line 129.
\g_MT_multlinerow_int=\count195
\l_MT_multwidth_dim=\dimen281
\origjot=\skip66
\l_MT_shortvdotswithinadjustabove_dim=\dimen282
\l_MT_shortvdotswithinadjustbelow_dim=\dimen283
\l_MT_above_intertext_sep=\dimen284
\l_MT_below_intertext_sep=\dimen285
\l_MT_above_shortintertext_sep=\dimen286
\l_MT_below_shortintertext_sep=\dimen287
) (d:/RANEPA/Inform/LaTEX/texlive/2016/texmf-dist/tex/latex/was/icomma.sty
Package: icomma 2002/03/10 v2.0 (WaS)
)
(d:/RANEPA/Inform/LaTEX/texlive/2016/texmf-dist/tex/latex/wrapfig/wrapfig.sty
\wrapoverhang=\dimen288
\WF@size=\dimen289
\c@WF@wrappedlines=\count196
\WF@box=\box70
\WF@everypar=\toks43
Package: wrapfig 2003/01/31  v 3.6
)
(d:/RANEPA/Inform/LaTEX/texlive/2016/texmf-dist/tex/latex/tools/array.sty
Package: array 2016/10/06 v2.4d Tabular extension package (FMi)
\col@sep=\dimen290
\extrarowheight=\dimen291
\NC@list=\toks44
\extratabsurround=\skip67
\backup@length=\skip68
)
(d:/RANEPA/Inform/LaTEX/texlive/2016/texmf-dist/tex/latex/tools/tabularx.sty
Package: tabularx 2016/02/03 v2.11 `tabularx' package (DPC)
\TX@col@width=\dimen292
\TX@old@table=\dimen293
\TX@old@col=\dimen294
\TX@target=\dimen295
\TX@delta=\dimen296
\TX@cols=\count197
\TX@ftn=\toks45
)
(d:/RANEPA/Inform/LaTEX/texlive/2016/texmf-dist/tex/latex/tabulary/tabulary.sty
Package: tabulary 2014/06/11 v0.10 tabulary package (DPC)
\TY@count=\count198
\TY@linewidth=\dimen297
\tymin=\dimen298
\tymax=\dimen299
\TY@tablewidth=\dimen300
)
(d:/RANEPA/Inform/LaTEX/texlive/2016/texmf-dist/tex/latex/booktabs/booktabs.sty
Package: booktabs 2016/04/27 v1.618033 publication quality tables
\heavyrulewidth=\dimen301
\lightrulewidth=\dimen302
\cmidrulewidth=\dimen303
\belowrulesep=\dimen304
\belowbottomsep=\dimen305
\aboverulesep=\dimen306
\abovetopsep=\dimen307
\cmidrulesep=\dimen308
\cmidrulekern=\dimen309
\defaultaddspace=\dimen310
\@cmidla=\count199
\@cmidlb=\count266
\@aboverulesep=\dimen311
\@belowrulesep=\dimen312
\@thisruleclass=\count267
\@lastruleclass=\count268
\@thisrulewidth=\dimen313
) (d:/RANEPA/Inform/LaTEX/texlive/2016/texmf-dist/tex/latex/tools/delarray.sty
Package: delarray 2014/10/28 v1.01 array delimiter package (DPC)
) (d:/RANEPA/Inform/LaTEX/texlive/2016/texmf-dist/tex/latex/tools/longtable.sty
Package: longtable 2014/10/28 v4.11 Multi-page Table package (DPC)
\LTleft=\skip69
\LTright=\skip70
\LTpre=\skip71
\LTpost=\skip72
\LTchunksize=\count269
\LTcapwidth=\dimen314
\LT@head=\box71
\LT@firsthead=\box72
\LT@foot=\box73
\LT@lastfoot=\box74
\LT@cols=\count270
\LT@rows=\count271
\c@LT@tables=\count272
\c@LT@chunks=\count273
\LT@p@ftn=\toks46
)
(d:/RANEPA/Inform/LaTEX/texlive/2016/texmf-dist/tex/latex/multirow/multirow.sty
Package: multirow 2016/11/25 v2.2 Span multiple rows of a table
\multirow@colwidth=\skip73
\multirow@cntb=\count274
\multirow@dima=\skip74
\bigstrutjot=\dimen315
)
(d:/RANEPA/Inform/LaTEX/texlive/2016/texmf-dist/tex/latex/colortbl/colortbl.sty
Package: colortbl 2012/02/13 v1.0a Color table columns (DPC)
\everycr=\toks47
\minrowclearance=\skip75
)
(d:/RANEPA/Inform/LaTEX/texlive/2016/texmf-dist/tex/latex/lastpage/lastpage.sty
Package: lastpage 2015/03/29 v1.2m Refers to last page's name (HMM; JPG)
) (d:/RANEPA/Inform/LaTEX/texlive/2016/texmf-dist/tex/latex/soul/soul.sty
Package: soul 2003/11/17 v2.4 letterspacing/underlining (mf)
\SOUL@word=\toks48
\SOUL@lasttoken=\toks49
\SOUL@cmds=\toks50
\SOUL@buffer=\toks51
\SOUL@token=\toks52
\SOUL@spaceskip=\skip76
\SOUL@ttwidth=\dimen316
\SOUL@uldp=\dimen317
\SOUL@ulht=\dimen318
)
(d:/RANEPA/Inform/LaTEX/texlive/2016/texmf-dist/tex/latex/csquotes/csquotes.sty
Package: csquotes 2017/02/03 v5.2a context-sensitive quotations (JAW)
\csq@reset=\count275
\csq@gtype=\count276
\csq@glevel=\count277
\csq@qlevel=\count278
\csq@maxlvl=\count279
\csq@tshold=\count280
\csq@ltx@everypar=\toks53

(d:/RANEPA/Inform/LaTEX/texlive/2016/texmf-dist/tex/latex/csquotes/csquotes.def
File: csquotes.def 2017/02/03 v5.2a csquotes generic definitions (JAW)
)
Package csquotes Info: Trying to load configuration file 'csquotes.cfg'...
Package csquotes Info: ... configuration file loaded successfully.

(d:/RANEPA/Inform/LaTEX/texlive/2016/texmf-dist/tex/latex/csquotes/csquotes.cfg
File: csquotes.cfg 
)) (d:/RANEPA/Inform/LaTEX/texlive/2016/texmf-dist/tex/latex/tools/multicol.sty
Package: multicol 2016/04/07 v1.8p multicolumn formatting (FMi)
\c@tracingmulticols=\count281
\mult@box=\box75
\multicol@leftmargin=\dimen319
\c@unbalance=\count282
\c@collectmore=\count283
\doublecol@number=\count284
\multicoltolerance=\count285
\multicolpretolerance=\count286
\full@width=\dimen320
\page@free=\dimen321
\premulticols=\dimen322
\postmulticols=\dimen323
\multicolsep=\skip77
\multicolbaselineskip=\skip78
\partial@page=\box76
\last@line=\box77
\maxbalancingoverflow=\dimen324
\mult@rightbox=\box78
\mult@grightbox=\box79
\mult@gfirstbox=\box80
\mult@firstbox=\box81
\@tempa=\box82
\@tempa=\box83
\@tempa=\box84
\@tempa=\box85
\@tempa=\box86
\@tempa=\box87
\@tempa=\box88
\@tempa=\box89
\@tempa=\box90
\@tempa=\box91
\@tempa=\box92
\@tempa=\box93
\@tempa=\box94
\@tempa=\box95
\@tempa=\box96
\@tempa=\box97
\@tempa=\box98
\c@columnbadness=\count287
\c@finalcolumnbadness=\count288
\last@try=\dimen325
\multicolovershoot=\dimen326
\multicolundershoot=\dimen327
\mult@nat@firstbox=\box99
\colbreak@box=\box100
\mc@col@check@num=\count289
)
Package hyperref Info: Option `unicode' set `true' on input line 67.


Package hyperref Warning: pdfproducer: xdvipdfmx will use its own setting
(hyperref)                instead of the value given on input line 67.

Package hyperref Info: Option `colorlinks' set `true' on input line 67.
Package csquotes Info: Checking for multilingual support...
Package csquotes Info: ... found 'babel' package.
Package csquotes Info: Adjusting default style.
Package csquotes Info: Redefining alias 'default' -> 'russian'.
(./Task_6_1.aux)
\openout1 = `Task_6_1.aux'.

LaTeX Font Info:    Checking defaults for OML/cmm/m/it on input line 112.
LaTeX Font Info:    ... okay on input line 112.
LaTeX Font Info:    Checking defaults for T1/cmr/m/n on input line 112.
LaTeX Font Info:    ... okay on input line 112.
LaTeX Font Info:    Checking defaults for OT1/cmr/m/n on input line 112.
LaTeX Font Info:    ... okay on input line 112.
LaTeX Font Info:    Checking defaults for OMS/cmsy/m/n on input line 112.
LaTeX Font Info:    ... okay on input line 112.
LaTeX Font Info:    Checking defaults for TU/lmr/m/n on input line 112.
LaTeX Font Info:    ... okay on input line 112.
LaTeX Font Info:    Checking defaults for OMX/cmex/m/n on input line 112.
LaTeX Font Info:    ... okay on input line 112.
LaTeX Font Info:    Checking defaults for U/cmr/m/n on input line 112.
LaTeX Font Info:    ... okay on input line 112.
LaTeX Font Info:    Checking defaults for PD1/pdf/m/n on input line 112.
LaTeX Font Info:    ... okay on input line 112.
LaTeX Font Info:    Checking defaults for PU/pdf/m/n on input line 112.
LaTeX Font Info:    ... okay on input line 112.
LaTeX Font Info:    Checking defaults for EU1/lmr/m/n on input line 112.
LaTeX Font Info:    Try loading font information for EU1+lmr on input line 112.


(d:/RANEPA/Inform/LaTEX/texlive/2016/texmf-dist/tex/latex/euenc/eu1lmr.fd
File: eu1lmr.fd 2009/10/30 v1.6 Font defs for Latin Modern
)
LaTeX Font Info:    ... okay on input line 112.

*geometry* driver: auto-detecting
*geometry* detected driver: xetex
*geometry* verbose mode - [ preamble ] result:
* driver: xetex
* paper: custom
* layout: <same size as paper>
* layoutoffset:(h,v)=(0.0pt,0.0pt)
* modes: includehead includefoot 
* h-part:(L,W,R)=(10.95pt, 342.29536pt, 10.95pt)
* v-part:(T,H,B)=(0.0pt, 273.14662pt, 0.0pt)
* \paperwidth=364.19536pt
* \paperheight=273.14662pt
* \textwidth=342.29536pt
* \textheight=244.6939pt
* \oddsidemargin=-61.31999pt
* \evensidemargin=-61.31999pt
* \topmargin=-72.26999pt
* \headheight=14.22636pt
* \headsep=0.0pt
* \topskip=11.0pt
* \footskip=14.22636pt
* \marginparwidth=4.0pt
* \marginparsep=10.0pt
* \columnsep=10.0pt
* \skip\footins=10.0pt plus 4.0pt minus 2.0pt
* \hoffset=0.0pt
* \voffset=0.0pt
* \mag=1000
* \@twocolumnfalse
* \@twosidefalse
* \@mparswitchfalse
* \@reversemarginfalse
* (1in=72.27pt=25.4mm, 1cm=28.453pt)

ABD: EveryShipout initializing macros
\AtBeginShipoutBox=\box101
Package hyperref Info: Link coloring ON on input line 112.

(d:/RANEPA/Inform/LaTEX/texlive/2016/texmf-dist/tex/latex/hyperref/nameref.sty
Package: nameref 2016/05/21 v2.44 Cross-referencing by name of section

(d:/RANEPA/Inform/LaTEX/texlive/2016/texmf-dist/tex/generic/oberdiek/gettitlest
ring.sty
Package: gettitlestring 2016/05/16 v1.5 Cleanup title references (HO)
)
\c@section@level=\count290
)
LaTeX Info: Redefining \ref on input line 112.
LaTeX Info: Redefining \pageref on input line 112.
LaTeX Info: Redefining \nameref on input line 112.
 (./Task_6_1.out) (./Task_6_1.out)
\@outlinefile=\write5
\openout5 = `Task_6_1.out'.

LaTeX Font Info:    Overwriting symbol font `operators' in version `normal'
(Font)                  OT1/cmr/m/n --> OT1/cmss/m/n on input line 112.
LaTeX Font Info:    Overwriting symbol font `operators' in version `bold'
(Font)                  OT1/cmr/bx/n --> OT1/cmss/bx/n on input line 112.
\symnumbers=\mathgroup6
\sympureletters=\mathgroup7
LaTeX Font Info:    Overwriting math alphabet `\mathrm' in version `normal'
(Font)                  OT1/cmss/m/n --> TU/TimesNewRoman(0)/m/n on input line 
112.
LaTeX Font Info:    Redeclaring math alphabet \mathbf on input line 112.
LaTeX Font Info:    Overwriting math alphabet `\mathbf' in version `normal'
(Font)                  OT1/cmr/bx/n --> TU/Arial(0)/bx/n on input line 112.
LaTeX Font Info:    Overwriting math alphabet `\mathbf' in version `bold'
(Font)                  OT1/cmr/bx/n --> TU/Arial(0)/bx/n on input line 112.
LaTeX Font Info:    Redeclaring math alphabet \mathsf on input line 112.
LaTeX Font Info:    Overwriting math alphabet `\mathsf' in version `normal'
(Font)                  OT1/cmss/m/n --> TU/Arial(0)/m/n on input line 112.
LaTeX Font Info:    Overwriting math alphabet `\mathsf' in version `bold'
(Font)                  OT1/cmss/bx/n --> TU/Arial(0)/m/n on input line 112.
LaTeX Font Info:    Redeclaring math alphabet \mathit on input line 112.
LaTeX Font Info:    Overwriting math alphabet `\mathit' in version `normal'
(Font)                  OT1/cmr/m/it --> TU/Arial(0)/m/it on input line 112.
LaTeX Font Info:    Overwriting math alphabet `\mathit' in version `bold'
(Font)                  OT1/cmr/bx/it --> TU/Arial(0)/m/it on input line 112.
LaTeX Font Info:    Redeclaring math alphabet \mathtt on input line 112.
LaTeX Font Info:    Overwriting math alphabet `\mathtt' in version `normal'
(Font)                  OT1/cmtt/m/n --> TU/CourierNew(0)/m/n on input line 112
.
LaTeX Font Info:    Overwriting math alphabet `\mathtt' in version `bold'
(Font)                  OT1/cmtt/m/n --> TU/CourierNew(0)/m/n on input line 112
.
LaTeX Font Info:    Overwriting symbol font `numbers' in version `bold'
(Font)                  TU/Arial(0)/m/n --> TU/Arial(0)/bx/n on input line 112.

LaTeX Font Info:    Overwriting symbol font `pureletters' in version `bold'
(Font)                  TU/Arial(0)/m/it --> TU/Arial(0)/bx/it on input line 11
2.
LaTeX Font Info:    Overwriting math alphabet `\mathrm' in version `bold'
(Font)                  OT1/cmss/bx/n --> TU/TimesNewRoman(0)/bx/n on input lin
e 112.
LaTeX Font Info:    Overwriting math alphabet `\mathbf' in version `bold'
(Font)                  TU/Arial(0)/bx/n --> TU/Arial(0)/bx/n on input line 112
.
LaTeX Font Info:    Overwriting math alphabet `\mathsf' in version `bold'
(Font)                  TU/Arial(0)/m/n --> TU/Arial(0)/bx/n on input line 112.

LaTeX Font Info:    Overwriting math alphabet `\mathit' in version `bold'
(Font)                  TU/Arial(0)/m/it --> TU/Arial(0)/bx/it on input line 11
2.
LaTeX Font Info:    Overwriting math alphabet `\mathtt' in version `bold'
(Font)                  TU/CourierNew(0)/m/n --> TU/CourierNew(0)/bx/n on input
 line 112.

(d:/RANEPA/Inform/LaTEX/texlive/2016/texmf-dist/tex/latex/beamer/translator/dic
ts/translator-basic-dictionary/translator-basic-dictionary-English.dict
Dictionary: translator-basic-dictionary, Language: English 
)
(d:/RANEPA/Inform/LaTEX/texlive/2016/texmf-dist/tex/latex/beamer/translator/dic
ts/translator-bibliography-dictionary/translator-bibliography-dictionary-Englis
h.dict
Dictionary: translator-bibliography-dictionary, Language: English 
)
(d:/RANEPA/Inform/LaTEX/texlive/2016/texmf-dist/tex/latex/beamer/translator/dic
ts/translator-environment-dictionary/translator-environment-dictionary-English.
dict
Dictionary: translator-environment-dictionary, Language: English 
)
(d:/RANEPA/Inform/LaTEX/texlive/2016/texmf-dist/tex/latex/beamer/translator/dic
ts/translator-months-dictionary/translator-months-dictionary-English.dict
Dictionary: translator-months-dictionary, Language: English 
)
(d:/RANEPA/Inform/LaTEX/texlive/2016/texmf-dist/tex/latex/beamer/translator/dic
ts/translator-numbers-dictionary/translator-numbers-dictionary-English.dict
Dictionary: translator-numbers-dictionary, Language: English 
)
(d:/RANEPA/Inform/LaTEX/texlive/2016/texmf-dist/tex/latex/beamer/translator/dic
ts/translator-theorem-dictionary/translator-theorem-dictionary-English.dict
Dictionary: translator-theorem-dictionary, Language: English 
)
LaTeX Info: Redefining \includegraphics on input line 112.
.................................................
. fontspec info: "setup-math"
. 
. Adjusting the maths setup (use [no-math] to avoid this).
.................................................
\symlegacymaths=\mathgroup8
LaTeX Font Info:    Overwriting symbol font `legacymaths' in version `bold'
(Font)                  OT1/cmr/m/n --> OT1/cmr/bx/n on input line 112.
LaTeX Font Info:    Redeclaring math accent \acute on input line 112.
LaTeX Font Info:    Redeclaring math accent \grave on input line 112.
LaTeX Font Info:    Redeclaring math accent \ddot on input line 112.
LaTeX Font Info:    Redeclaring math accent \tilde on input line 112.
LaTeX Font Info:    Redeclaring math accent \bar on input line 112.
LaTeX Font Info:    Redeclaring math accent \breve on input line 112.
LaTeX Font Info:    Redeclaring math accent \check on input line 112.
LaTeX Font Info:    Redeclaring math accent \hat on input line 112.
LaTeX Font Info:    Redeclaring math accent \dot on input line 112.
LaTeX Font Info:    Redeclaring math accent \mathring on input line 112.
LaTeX Font Info:    Redeclaring math symbol \Gamma on input line 112.
LaTeX Font Info:    Redeclaring math symbol \Delta on input line 112.
LaTeX Font Info:    Redeclaring math symbol \Theta on input line 112.
LaTeX Font Info:    Redeclaring math symbol \Lambda on input line 112.
LaTeX Font Info:    Redeclaring math symbol \Xi on input line 112.
LaTeX Font Info:    Redeclaring math symbol \Pi on input line 112.
LaTeX Font Info:    Redeclaring math symbol \Sigma on input line 112.
LaTeX Font Info:    Redeclaring math symbol \Upsilon on input line 112.
LaTeX Font Info:    Redeclaring math symbol \Phi on input line 112.
LaTeX Font Info:    Redeclaring math symbol \Psi on input line 112.
LaTeX Font Info:    Redeclaring math symbol \Omega on input line 112.
LaTeX Font Info:    Redeclaring math symbol \mathdollar on input line 112.
LaTeX Font Info:    Redeclaring symbol font `operators' on input line 112.
LaTeX Font Info:    Encoding `OT1' has changed to `TU' for symbol font
(Font)              `operators' in the math version `normal' on input line 112.

LaTeX Font Info:    Overwriting symbol font `operators' in version `normal'
(Font)                  OT1/cmss/m/n --> TU/TimesNewRoman(0)/m/n on input line 
112.
LaTeX Font Info:    Encoding `OT1' has changed to `TU' for symbol font
(Font)              `operators' in the math version `bold' on input line 112.
LaTeX Font Info:    Overwriting symbol font `operators' in version `bold'
(Font)                  OT1/cmss/bx/n --> TU/TimesNewRoman(0)/m/n on input line
 112.
LaTeX Font Info:    Overwriting symbol font `operators' in version `normal'
(Font)                  TU/TimesNewRoman(0)/m/n --> TU/TimesNewRoman(0)/m/n on 
input line 112.
LaTeX Font Info:    Redeclaring math alphabet \mathrm on input line 112.
LaTeX Font Info:    Overwriting math alphabet `\mathit' in version `normal'
(Font)                  TU/Arial(0)/m/it --> TU/TimesNewRoman(0)/m/it on input 
line 112.
LaTeX Font Info:    Overwriting math alphabet `\mathbf' in version `normal'
(Font)                  TU/Arial(0)/bx/n --> TU/TimesNewRoman(0)/bx/n on input 
line 112.
LaTeX Font Info:    Overwriting math alphabet `\mathsf' in version `normal'
(Font)                  TU/Arial(0)/m/n --> TU/Arial(0)/m/n on input line 112.
LaTeX Font Info:    Overwriting math alphabet `\mathtt' in version `normal'
(Font)                  TU/CourierNew(0)/m/n --> TU/CourierNew(0)/m/n on input 
line 112.
LaTeX Font Info:    Overwriting symbol font `operators' in version `bold'
(Font)                  TU/TimesNewRoman(0)/m/n --> TU/TimesNewRoman(0)/bx/n on
 input line 112.
LaTeX Font Info:    Overwriting math alphabet `\mathit' in version `bold'
(Font)                  TU/Arial(0)/bx/it --> TU/TimesNewRoman(0)/bx/it on inpu
t line 112.
LaTeX Font Info:    Overwriting math alphabet `\mathsf' in version `bold'
(Font)                  TU/Arial(0)/bx/n --> TU/Arial(0)/bx/n on input line 112
.
LaTeX Font Info:    Overwriting math alphabet `\mathtt' in version `bold'
(Font)                  TU/CourierNew(0)/bx/n --> TU/CourierNew(0)/bx/n on inpu
t line 112.
Package lastpage Info: Please have a look at the pageslts package at
(lastpage)             https://www.ctan.org/pkg/pageslts
(lastpage)             ! on input line 112.

(./Task_6_1.nav)
Overfull \hbox (1.66698pt too wide) in paragraph at lines 112--112
[][]  
 []

[1

] (./Task_6_1.toc) [2

] (./Task_6_1.toc) [3

]
\openout4 = `Task_6_1.vrb'.

 (./Task_6_1.vrb)
Overfull \hbox (1.66698pt too wide) has occurred while \output is active
[][] 
 []

[4

] (./Task_6_1.toc) [5

]
\openout4 = `Task_6_1.vrb'.

 (./Task_6_1.vrb)
Overfull \hbox (1.66698pt too wide) has occurred while \output is active
[][] 
 []

[6

] (./Task_6_1.toc) [7

]
\openout4 = `Task_6_1.vrb'.

 (./Task_6_1.vrb
LaTeX Font Info:    Try loading font information for U+msa on input line 31.

(d:/RANEPA/Inform/LaTEX/texlive/2016/texmf-dist/tex/latex/amsfonts/umsa.fd
File: umsa.fd 2013/01/14 v3.01 AMS symbols A
)
LaTeX Font Info:    Try loading font information for U+msb on input line 31.

(d:/RANEPA/Inform/LaTEX/texlive/2016/texmf-dist/tex/latex/amsfonts/umsb.fd
File: umsb.fd 2013/01/14 v3.01 AMS symbols B
))
Overfull \hbox (1.66698pt too wide) has occurred while \output is active
[][] 
 []

[8

] (./Task_6_1.vrb
Underfull \hbox (badness 10000) in paragraph at lines 31--31
[]|\TU/Arial(0)/m/n/10.95 , ,
 []

)
Overfull \hbox (1.66698pt too wide) has occurred while \output is active
[][] 
 []

[9

] (./Task_6_1.vrb
Underfull \hbox (badness 10000) in paragraph at lines 31--31
[]|\TU/Arial(0)/m/n/10.95 , ,
 []


Underfull \hbox (badness 10000) in paragraph at lines 31--31
[]|\TU/Arial(0)/m/n/10.95  (), -
 []


Underfull \hbox (badness 4595) in paragraph at lines 31--31
\TU/Arial(0)/m/n/10.95 , , -
 []

)
Overfull \hbox (1.66698pt too wide) has occurred while \output is active
[][] 
 []

[10

] (./Task_6_1.vrb
Underfull \hbox (badness 10000) in paragraph at lines 31--31
[]|\TU/Arial(0)/m/n/10.95 , ,
 []


Underfull \hbox (badness 10000) in paragraph at lines 31--31
[]|\TU/Arial(0)/m/n/10.95  (), -
 []


Underfull \hbox (badness 4595) in paragraph at lines 31--31
\TU/Arial(0)/m/n/10.95 , , -
 []

)
Overfull \hbox (1.66698pt too wide) has occurred while \output is active
[][] 
 []

[11

] (./Task_6_1.vrb
Underfull \hbox (badness 10000) in paragraph at lines 31--31
[]|\TU/Arial(0)/m/n/10.95 , ,
 []


Underfull \hbox (badness 10000) in paragraph at lines 31--31
[]|\TU/Arial(0)/m/n/10.95  (), -
 []


Underfull \hbox (badness 4595) in paragraph at lines 31--31
\TU/Arial(0)/m/n/10.95 , , -
 []

)
Overfull \hbox (1.66698pt too wide) has occurred while \output is active
[][] 
 []

[12

] (./Task_6_1.vrb
Underfull \hbox (badness 10000) in paragraph at lines 31--31
[]|\TU/Arial(0)/m/n/10.95 , ,
 []


Underfull \hbox (badness 10000) in paragraph at lines 31--31
[]|\TU/Arial(0)/m/n/10.95  (), -
 []


Underfull \hbox (badness 4595) in paragraph at lines 31--31
\TU/Arial(0)/m/n/10.95 , , -
 []

)
Overfull \hbox (1.66698pt too wide) has occurred while \output is active
[][] 
 []

[13

] (./Task_6_1.vrb
Underfull \hbox (badness 10000) in paragraph at lines 31--31
[]|\TU/Arial(0)/m/n/10.95 , ,
 []


Underfull \hbox (badness 10000) in paragraph at lines 31--31
[]|\TU/Arial(0)/m/n/10.95  (), -
 []


Underfull \hbox (badness 4595) in paragraph at lines 31--31
\TU/Arial(0)/m/n/10.95 , , -
 []


Underfull \hbox (badness 10000) in paragraph at lines 31--31
[]|\TU/Arial(0)/m/n/10.95  
 []

)
Overfull \hbox (1.66698pt too wide) has occurred while \output is active
[][] 
 []

[14

] (./Task_6_1.vrb
Underfull \hbox (badness 10000) in paragraph at lines 31--31
[]|\TU/Arial(0)/m/n/10.95 , ,
 []


Underfull \hbox (badness 10000) in paragraph at lines 31--31
[]|\TU/Arial(0)/m/n/10.95  (), -
 []


Underfull \hbox (badness 4595) in paragraph at lines 31--31
\TU/Arial(0)/m/n/10.95 , , -
 []


Underfull \hbox (badness 10000) in paragraph at lines 31--31
[]|\TU/Arial(0)/m/n/10.95  
 []


Underfull \hbox (badness 10000) in paragraph at lines 31--31
[]|\TU/Arial(0)/m/n/10.95  
 []

)
Overfull \hbox (1.66698pt too wide) has occurred while \output is active
[][] 
 []

[15

] (./Task_6_1.vrb
Underfull \hbox (badness 10000) in paragraph at lines 31--31
[]|\TU/Arial(0)/m/n/10.95 , ,
 []


Underfull \hbox (badness 10000) in paragraph at lines 31--31
[]|\TU/Arial(0)/m/n/10.95  (), -
 []


Underfull \hbox (badness 4595) in paragraph at lines 31--31
\TU/Arial(0)/m/n/10.95 , , -
 []


Underfull \hbox (badness 10000) in paragraph at lines 31--31
[]|\TU/Arial(0)/m/n/10.95  
 []


Underfull \hbox (badness 10000) in paragraph at lines 31--31
[]|\TU/Arial(0)/m/n/10.95  
 []

)
Overfull \hbox (1.66698pt too wide) has occurred while \output is active
[][] 
 []

[16

] (./Task_6_1.vrb
Underfull \hbox (badness 10000) in paragraph at lines 31--31
[]|\TU/Arial(0)/m/n/10.95 , ,
 []


Underfull \hbox (badness 10000) in paragraph at lines 31--31
[]|\TU/Arial(0)/m/n/10.95  (), -
 []


Underfull \hbox (badness 4595) in paragraph at lines 31--31
\TU/Arial(0)/m/n/10.95 , , -
 []


Underfull \hbox (badness 10000) in paragraph at lines 31--31
[]|\TU/Arial(0)/m/n/10.95  
 []


Underfull \hbox (badness 10000) in paragraph at lines 31--31
[]|\TU/Arial(0)/m/n/10.95  
 []

)
Overfull \hbox (1.66698pt too wide) has occurred while \output is active
[][] 
 []

[17

] (./Task_6_1.vrb
Underfull \hbox (badness 10000) in paragraph at lines 31--31
[]|\TU/Arial(0)/m/n/10.95 , ,
 []


Underfull \hbox (badness 10000) in paragraph at lines 31--31
[]|\TU/Arial(0)/m/n/10.95  (), -
 []


Underfull \hbox (badness 4595) in paragraph at lines 31--31
\TU/Arial(0)/m/n/10.95 , , -
 []


Underfull \hbox (badness 10000) in paragraph at lines 31--31
[]|\TU/Arial(0)/m/n/10.95  
 []


Underfull \hbox (badness 10000) in paragraph at lines 31--31
[]|\TU/Arial(0)/m/n/10.95  
 []

)
Overfull \hbox (1.66698pt too wide) has occurred while \output is active
[][] 
 []

[18

] (./Task_6_1.vrb
Underfull \hbox (badness 10000) in paragraph at lines 31--31
[]|\TU/Arial(0)/m/n/10.95 , ,
 []


Underfull \hbox (badness 10000) in paragraph at lines 31--31
[]|\TU/Arial(0)/m/n/10.95  (), -
 []


Underfull \hbox (badness 4595) in paragraph at lines 31--31
\TU/Arial(0)/m/n/10.95 , , -
 []


Underfull \hbox (badness 10000) in paragraph at lines 31--31
[]|\TU/Arial(0)/m/n/10.95  
 []


Underfull \hbox (badness 10000) in paragraph at lines 31--31
[]|\TU/Arial(0)/m/n/10.95  
 []

)
Overfull \hbox (1.66698pt too wide) has occurred while \output is active
[][] 
 []

[19

] (./Task_6_1.toc) [20

]
\openout4 = `Task_6_1.vrb'.

 (./Task_6_1.vrb)
Overfull \hbox (1.66698pt too wide) has occurred while \output is active
[][] 
 []

[21

] (./Task_6_1.vrb)
Overfull \hbox (1.66698pt too wide) has occurred while \output is active
[][] 
 []

[22

]
\openout4 = `Task_6_1.vrb'.

 (./Task_6_1.vrb
File: Credit_ranks_01.pdf Graphic file (type QTm)
 <use  "Credit_ranks_01.pdf" >)
Overfull \vbox (29.0259pt too high) detected at line 204
 []


Overfull \hbox (1.66698pt too wide) has occurred while \output is active
[][] 
 []

[23

] (./Task_6_1.vrb)
Overfull \hbox (1.66698pt too wide) has occurred while \output is active
[][] 
 []

[24

] (./Task_6_1.vrb
File: Credit_ranks_02.pdf Graphic file (type QTm)
 <use  "Credit_ranks_02.pdf" >)
Overfull \vbox (29.65257pt too high) detected at line 204
 []


Overfull \hbox (1.66698pt too wide) has occurred while \output is active
[][] 
 []

[25

] [26

]
\tf@nav=\write6
\openout6 = `Task_6_1.nav'.

\tf@toc=\write7
\openout7 = `Task_6_1.toc'.

\tf@snm=\write8
\openout8 = `Task_6_1.snm'.

 
AED: lastpage setting LastPage
Package atveryend Info: Empty hook `BeforeClearDocument' on input line 209.
Package atveryend Info: Empty hook `AfterLastShipout' on input line 209.
(./Task_6_1.aux)
Package atveryend Info: Empty hook `AtVeryEndDocument' on input line 209.
Package atveryend Info: Empty hook `AtEndAfterFileList' on input line 209.
 ) 
Here is how much of TeX's memory you used:
 31147 strings out of 493080
 615332 string characters out of 6130813
 695645 words of memory out of 5000000
 34422 multiletter control sequences out of 15000+600000
 9225 words of font info for 67 fonts, out of 8000000 for 9000
 1347 hyphenation exceptions out of 8191
 56i,17n,76p,10436b,678s stack positions out of 5000i,500n,10000p,200000b,80000s

Output written on Task_6_1.pdf (26 pages).
