This is XeTeX, Version 3.14159265-2.6-0.99996 (TeX Live 2016/W32TeX) (preloaded format=xelatex 2017.2.9)  6 MAR 2017 21:46
entering extended mode
 restricted \write18 enabled.
 %&-line parsing enabled.
**"./Lishchuk Diana. Homework 3 (1).tex"
(./Lishchuk Diana. Homework 3 (1).tex
LaTeX2e <2017/01/01> patch level 1
Babel <3.9r> and hyphenation patterns for 83 language(s) loaded.
(c:/Latex/texlive/2016/texmf-dist/tex/latex/base/article.cls
Document Class: article 2014/09/29 v1.4h Standard LaTeX document class
(c:/Latex/texlive/2016/texmf-dist/tex/latex/base/size12.clo
File: size12.clo 2014/09/29 v1.4h Standard LaTeX file (size option)
)
\c@part=\count79
\c@section=\count80
\c@subsection=\count81
\c@subsubsection=\count82
\c@paragraph=\count83
\c@subparagraph=\count84
\c@figure=\count85
\c@table=\count86
\abovecaptionskip=\skip41
\belowcaptionskip=\skip42
\bibindent=\dimen102
)
(c:/Latex/texlive/2016/texmf-dist/tex/latex/etex-pkg/etex.sty
Package: etex 2016/08/01 v2.7 eTeX basic definition package (PEB,DPC)
\et@xins=\count87
)
(c:/Latex/texlive/2016/texmf-dist/tex/latex/amsmath/amsmath.sty
Package: amsmath 2016/11/05 v2.16a AMS math features
\@mathmargin=\skip43

For additional information on amsmath, use the `?' option.
(c:/Latex/texlive/2016/texmf-dist/tex/latex/amsmath/amstext.sty
Package: amstext 2000/06/29 v2.01 AMS text

(c:/Latex/texlive/2016/texmf-dist/tex/latex/amsmath/amsgen.sty
File: amsgen.sty 1999/11/30 v2.0 generic functions
\@emptytoks=\toks14
\ex@=\dimen103
))
(c:/Latex/texlive/2016/texmf-dist/tex/latex/amsmath/amsbsy.sty
Package: amsbsy 1999/11/29 v1.2d Bold Symbols
\pmbraise@=\dimen104
)
(c:/Latex/texlive/2016/texmf-dist/tex/latex/amsmath/amsopn.sty
Package: amsopn 2016/03/08 v2.02 operator names
)
\inf@bad=\count88
LaTeX Info: Redefining \frac on input line 213.
\uproot@=\count89
\leftroot@=\count90
LaTeX Info: Redefining \overline on input line 375.
\classnum@=\count91
\DOTSCASE@=\count92
LaTeX Info: Redefining \ldots on input line 472.
LaTeX Info: Redefining \dots on input line 475.
LaTeX Info: Redefining \cdots on input line 596.
\Mathstrutbox@=\box26
\strutbox@=\box27
\big@size=\dimen105
LaTeX Font Info:    Redeclaring font encoding OML on input line 712.
LaTeX Font Info:    Redeclaring font encoding OMS on input line 713.
\macc@depth=\count93
\c@MaxMatrixCols=\count94
\dotsspace@=\muskip10
\c@parentequation=\count95
\dspbrk@lvl=\count96
\tag@help=\toks15
\row@=\count97
\column@=\count98
\maxfields@=\count99
\andhelp@=\toks16
\eqnshift@=\dimen106
\alignsep@=\dimen107
\tagshift@=\dimen108
\tagwidth@=\dimen109
\totwidth@=\dimen110
\lineht@=\dimen111
\@envbody=\toks17
\multlinegap=\skip44
\multlinetaggap=\skip45
\mathdisplay@stack=\toks18
LaTeX Info: Redefining \[ on input line 2817.
LaTeX Info: Redefining \] on input line 2818.
)
(c:/Latex/texlive/2016/texmf-dist/tex/latex/amsfonts/amsfonts.sty
Package: amsfonts 2013/01/14 v3.01 Basic AMSFonts support
\symAMSa=\mathgroup4
\symAMSb=\mathgroup5
LaTeX Font Info:    Overwriting math alphabet `\mathfrak' in version `bold'
(Font)                  U/euf/m/n --> U/euf/b/n on input line 106.
)
(c:/Latex/texlive/2016/texmf-dist/tex/latex/amsfonts/amssymb.sty
Package: amssymb 2013/01/14 v3.01 AMS font symbols
)
(c:/Latex/texlive/2016/texmf-dist/tex/latex/amscls/amsthm.sty
Package: amsthm 2015/03/04 v2.20.2
\thm@style=\toks19
\thm@bodyfont=\toks20
\thm@headfont=\toks21
\thm@notefont=\toks22
\thm@headpunct=\toks23
\thm@preskip=\skip46
\thm@postskip=\skip47
\thm@headsep=\skip48
\dth@everypar=\toks24
)
(c:/Latex/texlive/2016/texmf-dist/tex/latex/mathtools/mathtools.sty
Package: mathtools 2015/11/12 v1.18 mathematical typesetting tools

(c:/Latex/texlive/2016/texmf-dist/tex/latex/graphics/keyval.sty
Package: keyval 2014/10/28 v1.15 key=value parser (DPC)
\KV@toks@=\toks25
)
(c:/Latex/texlive/2016/texmf-dist/tex/latex/tools/calc.sty
Package: calc 2014/10/28 v4.3 Infix arithmetic (KKT,FJ)
\calc@Acount=\count100
\calc@Bcount=\count101
\calc@Adimen=\dimen112
\calc@Bdimen=\dimen113
\calc@Askip=\skip49
\calc@Bskip=\skip50
LaTeX Info: Redefining \setlength on input line 80.
LaTeX Info: Redefining \addtolength on input line 81.
\calc@Ccount=\count102
\calc@Cskip=\skip51
)
(c:/Latex/texlive/2016/texmf-dist/tex/latex/mathtools/mhsetup.sty
Package: mhsetup 2010/01/21 v1.2a programming setup (MH)
)
LaTeX Info: Thecontrolsequence`\('isalreadyrobust on input line 129.
LaTeX Info: Thecontrolsequence`\)'isalreadyrobust on input line 129.
LaTeX Info: Thecontrolsequence`\['isalreadyrobust on input line 129.
LaTeX Info: Thecontrolsequence`\]'isalreadyrobust on input line 129.
\g_MT_multlinerow_int=\count103
\l_MT_multwidth_dim=\dimen114
\origjot=\skip52
\l_MT_shortvdotswithinadjustabove_dim=\dimen115
\l_MT_shortvdotswithinadjustbelow_dim=\dimen116
\l_MT_above_intertext_sep=\dimen117
\l_MT_below_intertext_sep=\dimen118
\l_MT_above_shortintertext_sep=\dimen119
\l_MT_below_shortintertext_sep=\dimen120
)
(c:/Latex/texlive/2016/texmf-dist/tex/latex/fontspec/fontspec.sty
(c:/Latex/texlive/2016/texmf-dist/tex/latex/l3kernel/expl3.sty
Package: expl3 2017/02/07 v6846 L3 programming layer (loader) 

(c:/Latex/texlive/2016/texmf-dist/tex/latex/l3kernel/expl3-code.tex
Package: expl3 2017/02/07 v6846 L3 programming layer (code)
L3 Module: l3bootstrap 2016/12/28 v6805 L3 Bootstrap code
L3 Module: l3names 2016/12/28 v6805 L3 Namespace for primitives
L3 Module: l3basics 2016/12/28 v6805 L3 Basic definitions
L3 Module: l3expan 2016/12/28 v6805 L3 Argument expansion
L3 Module: l3tl 2017/02/06 v6842 L3 Token lists
L3 Module: l3str 2017/01/01 v6809 L3 Strings
L3 Module: l3seq 2017/02/06 v6842 L3 Sequences and stacks
L3 Module: l3int 2016/12/28 v6805 L3 Integers
\c_max_int=\count104
\l_tmpa_int=\count105
\l_tmpb_int=\count106
\g_tmpa_int=\count107
\g_tmpb_int=\count108
L3 Module: l3quark 2016/12/28 v6805 L3 Quarks
L3 Module: l3prg 2017/01/01 v6811 L3 Control structures
\g__prg_map_int=\count109
L3 Module: l3clist 2017/02/06 v6842 L3 Comma separated lists
L3 Module: l3token 2016/12/28 v6805 L3 Experimental token manipulation
L3 Module: l3prop 2016/12/28 v6805 L3 Property lists
L3 Module: l3msg 2016/12/28 v6805 L3 Messages
L3 Module: l3file 2016/12/28 v6805 L3 File and I/O operations
\l_iow_line_count_int=\count110
\l__iow_target_count_int=\count111
\l__iow_current_line_int=\count112
\l__iow_current_word_int=\count113
\l__iow_current_indentation_int=\count114
L3 Module: l3skip 2017/01/01 v6809 L3 Dimensions and skips
\c_zero_dim=\dimen121
\c_max_dim=\dimen122
\l_tmpa_dim=\dimen123
\l_tmpb_dim=\dimen124
\g_tmpa_dim=\dimen125
\g_tmpb_dim=\dimen126
\c_zero_skip=\skip53
\c_max_skip=\skip54
\l_tmpa_skip=\skip55
\l_tmpb_skip=\skip56
\g_tmpa_skip=\skip57
\g_tmpb_skip=\skip58
\c_zero_muskip=\muskip11
\c_max_muskip=\muskip12
\l_tmpa_muskip=\muskip13
\l_tmpb_muskip=\muskip14
\g_tmpa_muskip=\muskip15
\g_tmpb_muskip=\muskip16
L3 Module: l3keys 2017/01/01 v6811 L3 Key-value interfaces
\l_keys_choice_int=\count115
L3 Module: l3fp 2016/12/28 v6805 L3 Floating points
\c__fp_leading_shift_int=\count116
\c__fp_middle_shift_int=\count117
\c__fp_trailing_shift_int=\count118
\c__fp_big_leading_shift_int=\count119
\c__fp_big_middle_shift_int=\count120
\c__fp_big_trailing_shift_int=\count121
\c__fp_Bigg_leading_shift_int=\count122
\c__fp_Bigg_middle_shift_int=\count123
\c__fp_Bigg_trailing_shift_int=\count124
L3 Module: l3sort 2017/02/06 v6842 L3 Sorting functions
\l__sort_length_int=\count125
\l__sort_min_int=\count126
\l__sort_top_int=\count127
\l__sort_max_int=\count128
\l__sort_true_max_int=\count129
\l__sort_block_int=\count130
\l__sort_begin_int=\count131
\l__sort_end_int=\count132
\l__sort_A_int=\count133
\l__sort_B_int=\count134
\l__sort_C_int=\count135
L3 Module: l3box 2016/12/28 v6805 L3 Experimental boxes
\c_empty_box=\box28
\l_tmpa_box=\box29
\l_tmpb_box=\box30
\g_tmpa_box=\box31
\g_tmpb_box=\box32
L3 Module: l3coffins 2016/12/28 v6805 L3 Coffin code layer
\l__coffin_internal_box=\box33
\l__coffin_internal_dim=\dimen127
\l__coffin_offset_x_dim=\dimen128
\l__coffin_offset_y_dim=\dimen129
\l__coffin_x_dim=\dimen130
\l__coffin_y_dim=\dimen131
\l__coffin_x_prime_dim=\dimen132
\l__coffin_y_prime_dim=\dimen133
\c_empty_coffin=\box34
\l__coffin_aligned_coffin=\box35
\l__coffin_aligned_internal_coffin=\box36
\l_tmpa_coffin=\box37
\l_tmpb_coffin=\box38
\l__coffin_display_coffin=\box39
\l__coffin_display_coord_coffin=\box40
\l__coffin_display_pole_coffin=\box41
\l__coffin_display_offset_dim=\dimen134
\l__coffin_display_x_dim=\dimen135
\l__coffin_display_y_dim=\dimen136
L3 Module: l3color 2016/12/28 v6805 L3 Experimental color support
L3 Module: l3sys 2017/01/01 v6811 L3 Experimental system/runtime functions
L3 Module: l3candidates 2017/01/30 v6835 L3 Experimental additions to l3kernel
\l__box_top_dim=\dimen137
\l__box_bottom_dim=\dimen138
\l__box_left_dim=\dimen139
\l__box_right_dim=\dimen140
\l__box_top_new_dim=\dimen141
\l__box_bottom_new_dim=\dimen142
\l__box_left_new_dim=\dimen143
\l__box_right_new_dim=\dimen144
\l__box_internal_box=\box42
\l__coffin_bounding_shift_dim=\dimen145
\l__coffin_left_corner_dim=\dimen146
\l__coffin_right_corner_dim=\dimen147
\l__coffin_bottom_corner_dim=\dimen148
\l__coffin_top_corner_dim=\dimen149
\l__coffin_scaled_total_height_dim=\dimen150
\l__coffin_scaled_width_dim=\dimen151
L3 Module: l3luatex 2016/12/28 v6805 L3 Experimental LuaTeX-specific functions
)
(c:/Latex/texlive/2016/texmf-dist/tex/latex/l3kernel/l3xdvipdfmx.def
File: l3xdvidpfmx.def 2016/12/28 v6805 L3 Experimental driver: xdvipdfmx
\l__driver_tmp_box=\box43
))
(c:/Latex/texlive/2016/texmf-dist/tex/latex/l3packages/xparse/xparse.sty
Package: xparse 2017/02/07 v6846 L3 Experimental document command parser
\l__xparse_current_arg_int=\count136
\l__xparse_m_args_int=\count137
\l__xparse_mandatory_args_int=\count138
\l__xparse_processor_int=\count139
\l__xparse_v_nesting_int=\count140
)
Package: fontspec 2017/01/24 v2.5d Font selection for XeLaTeX and LuaLaTeX

(c:/Latex/texlive/2016/texmf-dist/tex/latex/fontspec/fontspec-xetex.sty
Package: fontspec-xetex 2017/01/24 v2.5d Font selection for XeLaTeX and LuaLaTe
X
\l__fontspec_script_int=\count141
\l__fontspec_language_int=\count142
\l__fontspec_strnum_int=\count143
\l__fontspec_tmp_int=\count144
\l__fontspec_em_int=\count145
\l__fontspec_emdef_int=\count146
\l__fontspec_tmpa_dim=\dimen152
\l__fontspec_tmpb_dim=\dimen153
\l__fontspec_tmpc_dim=\dimen154
\g__file_internal_ior=\read1

(c:/Latex/texlive/2016/texmf-dist/tex/latex/base/fontenc.sty
Package: fontenc 2017/01/24 v2.0c Standard LaTeX package

(c:/Latex/texlive/2016/texmf-dist/tex/latex/base/tuenc.def
File: tuenc.def 2017/01/24 v2.0c Standard LaTeX file
LaTeX Font Info:    Redeclaring font encoding TU on input line 67.
))
.................................................
. LaTeX info: "xparse/define-command"
. 
. Defining command \fontspec with sig. 'O{}mO{}' on line 470.
.................................................
.................................................
. LaTeX info: "xparse/define-command"
. 
. Defining command \setmainfont with sig. 'O{}mO{}' on line 486.
.................................................
.................................................
. LaTeX info: "xparse/define-command"
. 
. Defining command \setsansfont with sig. 'O{}mO{}' on line 502.
.................................................
.................................................
. LaTeX info: "xparse/define-command"
. 
. Defining command \setmonofont with sig. 'O{}mO{}' on line 518.
.................................................
.................................................
. LaTeX info: "xparse/define-command"
. 
. Defining command \setmathrm with sig. 'O{}mO{}' on line 523.
.................................................
.................................................
. LaTeX info: "xparse/define-command"
. 
. Defining command \setboldmathrm with sig. 'O{}mO{}' on line 528.
.................................................
.................................................
. LaTeX info: "xparse/define-command"
. 
. Defining command \setmathsf with sig. 'O{}mO{}' on line 533.
.................................................
.................................................
. LaTeX info: "xparse/define-command"
. 
. Defining command \setmathtt with sig. 'O{}mO{}' on line 538.
.................................................
.................................................
. LaTeX info: "xparse/define-command"
. 
. Defining command \newfontfamily with sig. 'mO{}mO{}' on line 558.
.................................................
.................................................
. LaTeX info: "xparse/define-command"
. 
. Defining command \newfontface with sig. 'mO{}mO{}' on line 562.
.................................................
.................................................
. LaTeX info: "xparse/define-command"
. 
. Defining command \defaultfontfeatures with sig. 't+om' on line 569.
.................................................
.................................................
. LaTeX info: "xparse/define-command"
. 
. Defining command \addfontfeatures with sig. 'm' on line 618.
.................................................
.................................................
. LaTeX info: "xparse/define-command"
. 
. Defining command \newfontfeature with sig. 'mm' on line 629.
.................................................
.................................................
. LaTeX info: "xparse/define-command"
. 
. Defining command \newAATfeature with sig. 'mmmm' on line 637.
.................................................
.................................................
. LaTeX info: "xparse/define-command"
. 
. Defining command \newopentypefeature with sig. 'mmm' on line 645.
.................................................
.................................................
. LaTeX info: "xparse/define-command"
. 
. Defining command \aliasfontfeature with sig. 'mm' on line 666.
.................................................
.................................................
. LaTeX info: "xparse/define-command"
. 
. Defining command \aliasfontfeatureoption with sig. 'mmm' on line 683.
.................................................
.................................................
. LaTeX info: "xparse/define-command"
. 
. Defining command \newfontscript with sig. 'mm' on line 687.
.................................................
.................................................
. LaTeX info: "xparse/define-command"
. 
. Defining command \newfontlanguage with sig. 'mm' on line 691.
.................................................
.................................................
. LaTeX info: "xparse/define-command"
. 
. Defining command \DeclareFontsExtensions with sig. 'm' on line 696.
.................................................
.................................................
. LaTeX info: "xparse/define-command"
. 
. Defining command \IfFontFeatureActiveTF with sig. 'mmm' on line 702.
.................................................
.................................................
. LaTeX info: "xparse/define-command"
. 
. Defining command \EncodingCommand with sig. 'mO{}m' on line 3307.
.................................................
.................................................
. LaTeX info: "xparse/define-command"
. 
. Defining command \EncodingAccent with sig. 'mm' on line 3313.
.................................................
.................................................
. LaTeX info: "xparse/define-command"
. 
. Defining command \EncodingSymbol with sig. 'mm' on line 3319.
.................................................
.................................................
. LaTeX info: "xparse/define-command"
. 
. Defining command \EncodingComposite with sig. 'mmm' on line 3325.
.................................................
.................................................
. LaTeX info: "xparse/define-command"
. 
. Defining command \EncodingCompositeCommand with sig. 'mmm' on line 3331.
.................................................
.................................................
. LaTeX info: "xparse/define-command"
. 
. Defining command \DeclareUnicodeEncoding with sig. 'mm' on line 3356.
.................................................
.................................................
. LaTeX info: "xparse/define-command"
. 
. Defining command \UndeclareSymbol with sig. 'm' on line 3362.
.................................................
.................................................
. LaTeX info: "xparse/define-command"
. 
. Defining command \UndeclareComposite with sig. 'mm' on line 3370.
.................................................

(c:/Latex/texlive/2016/texmf-dist/tex/latex/fontspec/fontspec.cfg)
LaTeX Info: Redefining \itshape on input line 3555.
LaTeX Info: Redefining \slshape on input line 3560.
LaTeX Info: Redefining \scshape on input line 3565.
LaTeX Info: Redefining \upshape on input line 3570.
LaTeX Info: Redefining \em on input line 3590.
LaTeX Info: Redefining \emph on input line 3607.
LaTeX Info: Redefining \- on input line 3614.
.................................................
. LaTeX info: "xparse/redefine-command"
. 
. Redefining command \oldstylenums with sig. 'm' on line 3709.
.................................................
.................................................
. LaTeX info: "xparse/define-command"
. 
. Defining command \liningnums with sig. 'm' on line 3713.
.................................................
))
\g__fontspec_family_Arial_int=\count147
.................................................
. fontspec info: "defining-font"
. 
. Font family 'Arial(0)' created for font 'Arial' with options
. [Ligatures=TeX].
.  
.  This font family consists of the following NFSS series/shapes:
.  
. - 'normal' (m/n) with NFSS spec.:
. <->"Arial/OT:script=latn;language=DFLT;mapping=tex-text;"
. - 'small caps'  (m/sc) with NFSS spec.:
. <->"Arial/OT:script=latn;language=DFLT;mapping=tex-text;+smcp;"
. - 'bold' (bx/n) with NFSS spec.:
. <->"Arial/B/OT:script=latn;language=DFLT;mapping=tex-text;"
. - 'bold small caps'  (bx/sc) with NFSS spec.:
. <->"Arial/B/OT:script=latn;language=DFLT;mapping=tex-text;+smcp;"
. - 'italic' (m/it) with NFSS spec.:
. <->"Arial/I/OT:script=latn;language=DFLT;mapping=tex-text;"
. - 'italic small caps'  (m/itsc) with NFSS spec.:
. <->"Arial/I/OT:script=latn;language=DFLT;mapping=tex-text;+smcp;"
. - 'bold italic' (bx/it) with NFSS spec.:
. <->"Arial/BI/OT:script=latn;language=DFLT;mapping=tex-text;"
. - 'bold italic small caps'  (bx/itsc) with NFSS spec.:
. <->"Arial/BI/OT:script=latn;language=DFLT;mapping=tex-text;+smcp;"
.................................................
LaTeX Info: Redefining \rmfamily on input line 14.
.................................................
. fontspec info: "defining-font"
. 
. Font family 'Arial(1)' created for font 'Arial' with options
. [Mapping=tex-text].
.  
.  This font family consists of the following NFSS series/shapes:
.  
. - 'normal' (m/n) with NFSS spec.:
. <->"Arial/OT:script=latn;language=DFLT;mapping=tex-text;"
. - 'small caps'  (m/sc) with NFSS spec.:
. <->"Arial/OT:script=latn;language=DFLT;mapping=tex-text;+smcp;"
. - 'bold' (bx/n) with NFSS spec.:
. <->"Arial/B/OT:script=latn;language=DFLT;mapping=tex-text;"
. - 'bold small caps'  (bx/sc) with NFSS spec.:
. <->"Arial/B/OT:script=latn;language=DFLT;mapping=tex-text;+smcp;"
. - 'italic' (m/it) with NFSS spec.:
. <->"Arial/I/OT:script=latn;language=DFLT;mapping=tex-text;"
. - 'italic small caps'  (m/itsc) with NFSS spec.:
. <->"Arial/I/OT:script=latn;language=DFLT;mapping=tex-text;+smcp;"
. - 'bold italic' (bx/it) with NFSS spec.:
. <->"Arial/BI/OT:script=latn;language=DFLT;mapping=tex-text;"
. - 'bold italic small caps'  (bx/itsc) with NFSS spec.:
. <->"Arial/BI/OT:script=latn;language=DFLT;mapping=tex-text;+smcp;"
.................................................

(c:/Latex/texlive/2016/texmf-dist/tex/latex/unicode-math/unicode-math.sty
Package: unicode-math 2017/01/27 v0.8d Unicode maths in XeLaTeX and LuaLaTeX

(c:/Latex/texlive/2016/texmf-dist/tex/generic/ifxetex/ifxetex.sty
Package: ifxetex 2010/09/12 v0.6 Provides ifxetex conditional
)
(c:/Latex/texlive/2016/texmf-dist/tex/generic/oberdiek/ifluatex.sty
Package: ifluatex 2016/05/16 v1.4 Provides the ifluatex switch (HO)
Package ifluatex Info: LuaTeX not detected.
)
(c:/Latex/texlive/2016/texmf-dist/tex/latex/ucharcat/ucharcat.sty
Package: ucharcat 2015/11/19 v0.03 ucharcat for luaLaTeX (DPC)
)
(c:/Latex/texlive/2016/texmf-dist/tex/latex/l3packages/l3keys2e/l3keys2e.sty
Package: l3keys2e 2017/02/07 v6846 LaTeX2e option processing using LaTeX3 keys
)
(c:/Latex/texlive/2016/texmf-dist/tex/latex/base/fix-cm.sty
Package: fix-cm 2015/01/14 v1.1t fixes to LaTeX

(c:/Latex/texlive/2016/texmf-dist/tex/latex/base/ts1enc.def
File: ts1enc.def 2001/06/05 v3.0e (jk/car/fm) Standard LaTeX file
))
(c:/Latex/texlive/2016/texmf-dist/tex/latex/filehook/filehook.sty
Package: filehook 2011/10/12 v0.5d Hooks for input files
)
\g__um_fam_int=\count148
\g__um_primekern_muskip=\muskip17
\l__um_primecount_int=\count149
.................................................
. LaTeX info: "xparse/define-command"
. 
. Defining command \unimathsetup with sig. 'm' on line 166.
.................................................

(c:/Latex/texlive/2016/texmf-dist/tex/latex/unicode-math/unicode-math-xetex.sty
.................................................
. LaTeX info: "xparse/define-command"
. 
. Defining command \setmathfontface with sig. 'mO{}mO{}' on line 165.
.................................................
.................................................
. LaTeX info: "xparse/define-command"
. 
. Defining command \setoperatorfont with sig. 'm' on line 169.
.................................................
.................................................
. LaTeX info: "xparse/define-command"
. 
. Defining command \setmathfont with sig. 'O{}mO{}' on line 278.
.................................................
.................................................
. LaTeX info: "xparse/define-command"
. 
. Defining command \addnolimits with sig. 'm' on line 520.
.................................................
.................................................
. LaTeX info: "xparse/define-command"
. 
. Defining command \removenolimits with sig. 'm' on line 524.
.................................................

(c:/Latex/texlive/2016/texmf-dist/tex/latex/unicode-math/unicode-math-table.tex
)
.................................................
. unicode-math info: "patch-macro"
. 
. I'm going to patch macro \subarray.
.................................................
.................................................
. unicode-math info: "patch-macro"
. 
. I'm going to patch macro \r@@t.
.................................................
\g__um_empty_fam=\mathgroup6
.................................................
. unicode-math info: "patch-macro"
. 
. I'm going to patch macro \MT_cramped_internal:Nn.
.................................................

*************************************************
* unicode-math warning: "mathtools-colon"
* 
* I'm going to overwrite the following commands from the `mathtools' package:
* 
*     \dblcolon, \coloneqq, \Coloneqq, \eqqcolon.
* 
* Note that since I won't overwrite the other colon-like commands, using them
* will lead to inconsistencies.
*************************************************
.................................................
. LaTeX info: "xparse/define-command"
. 
. Defining command \dblcolon with sig. '' on line 2126.
.................................................
.................................................
. LaTeX info: "xparse/define-command"
. 
. Defining command \coloneqq with sig. '' on line 2126.
.................................................
.................................................
. LaTeX info: "xparse/define-command"
. 
. Defining command \Coloneqq with sig. '' on line 2126.
.................................................
.................................................
. LaTeX info: "xparse/define-command"
. 
. Defining command \eqqcolon with sig. '' on line 2126.
.................................................
))
\g__fontspec_family_AsanaMath_int=\count150
.................................................
. fontspec info: "no-font-shape"
. 
. Could not resolve font "Asana Math/B" (it probably doesn't exist).
.................................................
.................................................
. fontspec info: "defining-font"
. 
. Font family 'AsanaMath(0)' created for font 'Asana Math' with options
. [Mapping=tex-text,BoldItalicFont={},ItalicFont={},Script=Math,SizeFeatures={{
Size=12-},{Size=8-12,Font=Asana
. Math,Style=MathScript},{Size=-8,Font=Asana Math,Style=MathScriptScript}}].
.  
.  This font family consists of the following NFSS series/shapes:
.  
. - 'normal' (m/n) with NFSS spec.: <12->"Asana
. Math/OT:script=math;language=DFLT;mapping=tex-text;"<8-12>"Asana
. Math/OT:script=math;language=DFLT;mapping=tex-text;+ssty=0;"<-8>"Asana
. Math/OT:script=math;language=DFLT;mapping=tex-text;+ssty=1;"
. - 'small caps'  (m/sc) with NFSS spec.: 
.................................................
LaTeX Font Info:    Encoding `OT1' has changed to `TU' for symbol font
(Font)              `operators' in the math version `normal' on input line 24.
LaTeX Font Info:    Overwriting symbol font `operators' in version `normal'
(Font)                  OT1/cmr/m/n --> TU/AsanaMath(0)/m/n on input line 24.
LaTeX Font Info:    Encoding `OT1' has changed to `TU' for symbol font
(Font)              `operators' in the math version `bold' on input line 24.
LaTeX Font Info:    Overwriting symbol font `operators' in version `bold'
(Font)                  OT1/cmr/bx/n --> TU/AsanaMath(0)/bx/n on input line 24.

.................................................
. fontspec info: "no-font-shape"
. 
. Could not resolve font "Asana Math/B" (it probably doesn't exist).
.................................................
.................................................
. fontspec info: "defining-font"
. 
. Font family 'AsanaMath(1)' created for font 'Asana Math' with options
. [Mapping=tex-text,BoldItalicFont={},ItalicFont={},Script=Math,SizeFeatures={{
Size=12-},{Size=8-12,Font=Asana
. Math,Style=MathScript},{Size=-8,Font=Asana
. Math,Style=MathScriptScript}},Scale=1.00001,FontAdjustment={\fontdimen
. 8\font =8.69531pt\relax \relax \fontdimen 9\font =7.19531pt\relax \relax
. \fontdimen 10\font =0.59766pt\relax \relax \fontdimen 11\font
. =8.51953pt\relax \relax \fontdimen 12\font =6.0pt\relax \relax \fontdimen
. 13\font =4.33594pt\relax \relax \fontdimen 14\font =4.33594pt\relax \relax
. \fontdimen 15\font =3.55078pt\relax \relax \fontdimen 16\font
. =2.51953pt\relax \relax \fontdimen 17\font =2.51953pt\relax \relax
. \fontdimen 18\font =2.76563pt\relax \relax \fontdimen 19\font
. =2.66016pt\relax \relax \fontdimen 20\font =0pt\relax \fontdimen 21\font
. =0pt\relax \fontdimen 22\font =3.25781pt\relax \relax }].
.  
.  This font family consists of the following NFSS series/shapes:
.  
. - 'normal' (m/n) with NFSS spec.: <12->s*[1.00001]"Asana
. Math/OT:script=math;language=DFLT;mapping=tex-text;"<8-12>s*[1.00001]"Asana
. Math/OT:script=math;language=DFLT;mapping=tex-text;+ssty=0;"<-8>s*[1.00001]"A
sana
. Math/OT:script=math;language=DFLT;mapping=tex-text;+ssty=1;"
. - 'small caps'  (m/sc) with NFSS spec.: 
. and font adjustment code:
. \fontdimen 8\font =8.69531pt\relax \relax \fontdimen 9\font =7.19531pt\relax
. \relax \fontdimen 10\font =0.59766pt\relax \relax \fontdimen 11\font
. =8.51953pt\relax \relax \fontdimen 12\font =6.0pt\relax \relax \fontdimen
. 13\font =4.33594pt\relax \relax \fontdimen 14\font =4.33594pt\relax \relax
. \fontdimen 15\font =3.55078pt\relax \relax \fontdimen 16\font
. =2.51953pt\relax \relax \fontdimen 17\font =2.51953pt\relax \relax
. \fontdimen 18\font =2.76563pt\relax \relax \fontdimen 19\font
. =2.66016pt\relax \relax \fontdimen 20\font =0pt\relax \fontdimen 21\font
. =0pt\relax \fontdimen 22\font =3.25781pt\relax \relax 
.................................................
LaTeX Font Info:    Encoding `OMS' has changed to `TU' for symbol font
(Font)              `symbols' in the math version `normal' on input line 24.
LaTeX Font Info:    Overwriting symbol font `symbols' in version `normal'
(Font)                  OMS/cmsy/m/n --> TU/AsanaMath(1)/m/n on input line 24.
LaTeX Font Info:    Encoding `OMS' has changed to `TU' for symbol font
(Font)              `symbols' in the math version `bold' on input line 24.
LaTeX Font Info:    Overwriting symbol font `symbols' in version `bold'
(Font)                  OMS/cmsy/b/n --> TU/AsanaMath(1)/bx/n on input line 24.

.................................................
. fontspec info: "no-font-shape"
. 
. Could not resolve font "Asana Math/B" (it probably doesn't exist).
.................................................
.................................................
. fontspec info: "defining-font"
. 
. Font family 'AsanaMath(2)' created for font 'Asana Math' with options
. [Mapping=tex-text,BoldItalicFont={},ItalicFont={},Script=Math,SizeFeatures={{
Size=12-},{Size=8-12,Font=Asana
. Math,Style=MathScript},{Size=-8,Font=Asana
. Math,Style=MathScriptScript}},Scale=0.99999,FontAdjustment={\fontdimen
. 8\font =0.70313pt\relax \relax \fontdimen 9\font =1.33594pt\relax \relax
. \fontdimen 10\font =2.0039pt\relax \relax \fontdimen 11\font
. =2.40234pt\relax \relax \fontdimen 12\font =7.19531pt\relax \relax
. \fontdimen 13\font =0pt\relax }].
.  
.  This font family consists of the following NFSS series/shapes:
.  
. - 'normal' (m/n) with NFSS spec.: <12->s*[0.99999]"Asana
. Math/OT:script=math;language=DFLT;mapping=tex-text;"<8-12>s*[0.99999]"Asana
. Math/OT:script=math;language=DFLT;mapping=tex-text;+ssty=0;"<-8>s*[0.99999]"A
sana
. Math/OT:script=math;language=DFLT;mapping=tex-text;+ssty=1;"
. - 'small caps'  (m/sc) with NFSS spec.: 
. and font adjustment code:
. \fontdimen 8\font =0.70313pt\relax \relax \fontdimen 9\font =1.33594pt\relax
. \relax \fontdimen 10\font =2.0039pt\relax \relax \fontdimen 11\font
. =2.40234pt\relax \relax \fontdimen 12\font =7.19531pt\relax \relax
. \fontdimen 13\font =0pt\relax 
.................................................
LaTeX Font Info:    Encoding `OMX' has changed to `TU' for symbol font
(Font)              `largesymbols' in the math version `normal' on input line 2
4.
LaTeX Font Info:    Overwriting symbol font `largesymbols' in version `normal'
(Font)                  OMX/cmex/m/n --> TU/AsanaMath(2)/m/n on input line 24.
LaTeX Font Info:    Encoding `OMX' has changed to `TU' for symbol font
(Font)              `largesymbols' in the math version `bold' on input line 24.

LaTeX Font Info:    Overwriting symbol font `largesymbols' in version `bold'
(Font)                  OMX/cmex/m/n --> TU/AsanaMath(2)/bx/n on input line 24.

 (c:/Latex/texlive/2016/texmf-dist/tex/latex/polyglossia/polyglossia.sty
Package: polyglossia 2015/03/25 v1.42.4 Alternative to Babel for XeLaTeX and Lu
aLaTeX

(c:/Latex/texlive/2016/texmf-dist/tex/latex/etoolbox/etoolbox.sty
Package: etoolbox 2017/01/02 v2.4 e-TeX tools for LaTeX (JAW)
\etb@tempcnta=\count151
)
(c:/Latex/texlive/2016/texmf-dist/tex/latex/makecmds/makecmds.sty
Package: makecmds 2009/09/03 v1.0a extra command making commands
)
(c:/Latex/texlive/2016/texmf-dist/tex/latex/xkeyval/xkeyval.sty
Package: xkeyval 2014/12/03 v2.7a package option processing (HA)

(c:/Latex/texlive/2016/texmf-dist/tex/generic/xkeyval/xkeyval.tex
(c:/Latex/texlive/2016/texmf-dist/tex/generic/xkeyval/xkvutils.tex
\XKV@toks=\toks26
\XKV@tempa@toks=\toks27
)
\XKV@depth=\count152
File: xkeyval.tex 2014/12/03 v2.7a key=value parser (HA)
))
\xpg@normalclass=\XeTeXcharclass1
)
(c:/Latex/texlive/2016/texmf-dist/tex/latex/polyglossia/gloss-russian.ldf
File: gloss-russian.ldf polyglossia: module for russian

(c:/Latex/texlive/2016/texmf-dist/tex/latex/polyglossia/babelsh.def
File: babelsh.def 2013/04/30 Babel common definitions for shorthands
 Taken verbatim from babel.def (2013/04/15 v3.9e)
)
Package polyglossia Info: Making " an active character on input line 41.
)
Package polyglossia Info: Default language is russian.

(c:/Latex/texlive/2016/texmf-dist/tex/latex/polyglossia/gloss-english.ldf
File: gloss-english.ldf polyglossia: module for english
)
(c:/Latex/texlive/2016/texmf-dist/tex/latex/graphics/graphicx.sty
Package: graphicx 2014/10/28 v1.0g Enhanced LaTeX Graphics (DPC,SPQR)

(c:/Latex/texlive/2016/texmf-dist/tex/latex/graphics/graphics.sty
Package: graphics 2016/10/09 v1.0u Standard LaTeX Graphics (DPC,SPQR)

(c:/Latex/texlive/2016/texmf-dist/tex/latex/graphics/trig.sty
Package: trig 2016/01/03 v1.10 sin cos tan (DPC)
)
(c:/Latex/texlive/2016/texmf-dist/tex/latex/graphics-cfg/graphics.cfg
File: graphics.cfg 2016/06/04 v1.11 sample graphics configuration
)
Package graphics Info: Driver file: xetex.def on input line 99.

(c:/Latex/texlive/2016/texmf-dist/tex/latex/graphics-def/xetex.def
File: xetex.def 2016/07/11 v4.10 LaTeX color/graphics driver for XeTeX (L3/RRM/
JK)
))
\Gin@req@height=\dimen155
\Gin@req@width=\dimen156
)
(c:/Latex/texlive/2016/texmf-dist/tex/latex/wrapfig/wrapfig.sty
\wrapoverhang=\dimen157
\WF@size=\dimen158
\c@WF@wrappedlines=\count153
\WF@box=\box44
\WF@everypar=\toks28
Package: wrapfig 2003/01/31  v 3.6
)
(c:/Latex/texlive/2016/texmf-dist/tex/latex/subfigure/subfigure.sty
Package: subfigure 2002/03/15 v2.1.5 subfigure package
\subfigtopskip=\skip59
\subfigcapskip=\skip60
\subfigcaptopadj=\dimen159
\subfigbottomskip=\skip61
\subfigcapmargin=\dimen160
\subfiglabelskip=\skip62
\c@subfigure=\count154
\c@lofdepth=\count155
\c@subtable=\count156
\c@lotdepth=\count157

****************************************
* Local config file subfigure.cfg used *
****************************************
(c:/Latex/texlive/2016/texmf-dist/tex/latex/subfigure/subfigure.cfg)
\subfig@top=\skip63
\subfig@bottom=\skip64
)
(c:/Latex/texlive/2016/texmf-dist/tex/latex/tools/tabularx.sty
Package: tabularx 2016/02/03 v2.11 `tabularx' package (DPC)

(c:/Latex/texlive/2016/texmf-dist/tex/latex/tools/array.sty
Package: array 2016/10/06 v2.4d Tabular extension package (FMi)
\col@sep=\dimen161
\extrarowheight=\dimen162
\NC@list=\toks29
\extratabsurround=\skip65
\backup@length=\skip66
)
\TX@col@width=\dimen163
\TX@old@table=\dimen164
\TX@old@col=\dimen165
\TX@target=\dimen166
\TX@delta=\dimen167
\TX@cols=\count158
\TX@ftn=\toks30
)
(c:/Latex/texlive/2016/texmf-dist/tex/latex/tabulary/tabulary.sty
Package: tabulary 2014/06/11 v0.10 tabulary package (DPC)
\TY@count=\count159
\TY@linewidth=\dimen168
\tymin=\dimen169
\tymax=\dimen170
\TY@tablewidth=\dimen171
)
(c:/Latex/texlive/2016/texmf-dist/tex/latex/tools/longtable.sty
Package: longtable 2014/10/28 v4.11 Multi-page Table package (DPC)
\LTleft=\skip67
\LTright=\skip68
\LTpre=\skip69
\LTpost=\skip70
\LTchunksize=\count160
\LTcapwidth=\dimen172
\LT@head=\box45
\LT@firsthead=\box46
\LT@foot=\box47
\LT@lastfoot=\box48
\LT@cols=\count161
\LT@rows=\count162
\c@LT@tables=\count163
\c@LT@chunks=\count164
\LT@p@ftn=\toks31
)
(c:/Latex/texlive/2016/texmf-dist/tex/latex/multirow/multirow.sty
Package: multirow 2016/11/25 v2.2 Span multiple rows of a table
\multirow@colwidth=\skip71
\multirow@cntb=\count165
\multirow@dima=\skip72
\bigstrutjot=\dimen173
)
(c:/Latex/texlive/2016/texmf-dist/tex/latex/float/float.sty
Package: float 2001/11/08 v1.3d Float enhancements (AL)
\c@float@type=\count166
\float@exts=\toks32
\float@box=\box49
\@float@everytoks=\toks33
\@floatcapt=\box50
)
(c:/Latex/texlive/2016/texmf-dist/tex/latex/booktabs/booktabs.sty
Package: booktabs 2016/04/27 v1.618033 publication quality tables
\heavyrulewidth=\dimen174
\lightrulewidth=\dimen175
\cmidrulewidth=\dimen176
\belowrulesep=\dimen177
\belowbottomsep=\dimen178
\aboverulesep=\dimen179
\abovetopsep=\dimen180
\cmidrulesep=\dimen181
\cmidrulekern=\dimen182
\defaultaddspace=\dimen183
\@cmidla=\count167
\@cmidlb=\count168
\@aboverulesep=\dimen184
\@belowrulesep=\dimen185
\@thisruleclass=\count169
\@lastruleclass=\count170
\@thisrulewidth=\dimen186
)
(c:/Latex/texlive/2016/texmf-dist/tex/latex/pgf/frontendlayer/tikz.sty
(c:/Latex/texlive/2016/texmf-dist/tex/latex/pgf/basiclayer/pgf.sty
(c:/Latex/texlive/2016/texmf-dist/tex/latex/pgf/utilities/pgfrcs.sty
(c:/Latex/texlive/2016/texmf-dist/tex/generic/pgf/utilities/pgfutil-common.tex
\pgfutil@everybye=\toks34
\pgfutil@tempdima=\dimen187
\pgfutil@tempdimb=\dimen188

(c:/Latex/texlive/2016/texmf-dist/tex/generic/pgf/utilities/pgfutil-common-list
s.tex))
(c:/Latex/texlive/2016/texmf-dist/tex/generic/pgf/utilities/pgfutil-latex.def
\pgfutil@abb=\box51

(c:/Latex/texlive/2016/texmf-dist/tex/latex/ms/everyshi.sty
Package: everyshi 2001/05/15 v3.00 EveryShipout Package (MS)
))
(c:/Latex/texlive/2016/texmf-dist/tex/generic/pgf/utilities/pgfrcs.code.tex
Package: pgfrcs 2015/08/07 v3.0.1a (rcs-revision 1.31)
))
Package: pgf 2015/08/07 v3.0.1a (rcs-revision 1.15)

(c:/Latex/texlive/2016/texmf-dist/tex/latex/pgf/basiclayer/pgfcore.sty
(c:/Latex/texlive/2016/texmf-dist/tex/latex/pgf/systemlayer/pgfsys.sty
(c:/Latex/texlive/2016/texmf-dist/tex/generic/pgf/systemlayer/pgfsys.code.tex
Package: pgfsys 2014/07/09 v3.0.1a (rcs-revision 1.48)

(c:/Latex/texlive/2016/texmf-dist/tex/generic/pgf/utilities/pgfkeys.code.tex
\pgfkeys@pathtoks=\toks35
\pgfkeys@temptoks=\toks36

(c:/Latex/texlive/2016/texmf-dist/tex/generic/pgf/utilities/pgfkeysfiltered.cod
e.tex
\pgfkeys@tmptoks=\toks37
))
\pgf@x=\dimen189
\pgf@y=\dimen190
\pgf@xa=\dimen191
\pgf@ya=\dimen192
\pgf@xb=\dimen193
\pgf@yb=\dimen194
\pgf@xc=\dimen195
\pgf@yc=\dimen196
\w@pgf@writea=\write3
\r@pgf@reada=\read2
\c@pgf@counta=\count171
\c@pgf@countb=\count172
\c@pgf@countc=\count173
\c@pgf@countd=\count174
\t@pgf@toka=\toks38
\t@pgf@tokb=\toks39
\t@pgf@tokc=\toks40
 (c:/Latex/texlive/2016/texmf-dist/tex/generic/pgf/systemlayer/pgf.cfg
File: pgf.cfg 2008/05/14  (rcs-revision 1.7)
)
Driver file for pgf: pgfsys-xetex.def

(c:/Latex/texlive/2016/texmf-dist/tex/generic/pgf/systemlayer/pgfsys-xetex.def
File: pgfsys-xetex.def 2014/07/09  (rcs-revision 1.11)

(c:/Latex/texlive/2016/texmf-dist/tex/generic/pgf/systemlayer/pgfsys-dvipdfmx.d
ef
File: pgfsys-dvipdfmx.def 2014/07/09  (rcs-revision 1.14)

(c:/Latex/texlive/2016/texmf-dist/tex/generic/pgf/systemlayer/pgfsys-common-pdf
.def
File: pgfsys-common-pdf.def 2013/10/10  (rcs-revision 1.13)
)
\pgfsys@objnum=\count175
)))
(c:/Latex/texlive/2016/texmf-dist/tex/generic/pgf/systemlayer/pgfsyssoftpath.co
de.tex
File: pgfsyssoftpath.code.tex 2013/09/09  (rcs-revision 1.9)
\pgfsyssoftpath@smallbuffer@items=\count176
\pgfsyssoftpath@bigbuffer@items=\count177
)
(c:/Latex/texlive/2016/texmf-dist/tex/generic/pgf/systemlayer/pgfsysprotocol.co
de.tex
File: pgfsysprotocol.code.tex 2006/10/16  (rcs-revision 1.4)
)) (c:/Latex/texlive/2016/texmf-dist/tex/latex/xcolor/xcolor.sty
Package: xcolor 2016/05/11 v2.12 LaTeX color extensions (UK)

(c:/Latex/texlive/2016/texmf-dist/tex/latex/graphics-cfg/color.cfg
File: color.cfg 2016/01/02 v1.6 sample color configuration
)
Package xcolor Info: Driver file: xetex.def on input line 225.
Package xcolor Info: Model `cmy' substituted by `cmy0' on input line 1348.
Package xcolor Info: Model `RGB' extended on input line 1364.
Package xcolor Info: Model `HTML' substituted by `rgb' on input line 1366.
Package xcolor Info: Model `Hsb' substituted by `hsb' on input line 1367.
Package xcolor Info: Model `tHsb' substituted by `hsb' on input line 1368.
Package xcolor Info: Model `HSB' substituted by `hsb' on input line 1369.
Package xcolor Info: Model `Gray' substituted by `gray' on input line 1370.
Package xcolor Info: Model `wave' substituted by `hsb' on input line 1371.
)
(c:/Latex/texlive/2016/texmf-dist/tex/generic/pgf/basiclayer/pgfcore.code.tex
Package: pgfcore 2010/04/11 v3.0.1a (rcs-revision 1.7)

(c:/Latex/texlive/2016/texmf-dist/tex/generic/pgf/math/pgfmath.code.tex
(c:/Latex/texlive/2016/texmf-dist/tex/generic/pgf/math/pgfmathcalc.code.tex
(c:/Latex/texlive/2016/texmf-dist/tex/generic/pgf/math/pgfmathutil.code.tex)
(c:/Latex/texlive/2016/texmf-dist/tex/generic/pgf/math/pgfmathparser.code.tex
\pgfmath@dimen=\dimen197
\pgfmath@count=\count178
\pgfmath@box=\box52
\pgfmath@toks=\toks41
\pgfmath@stack@operand=\toks42
\pgfmath@stack@operation=\toks43
)
(c:/Latex/texlive/2016/texmf-dist/tex/generic/pgf/math/pgfmathfunctions.code.te
x
(c:/Latex/texlive/2016/texmf-dist/tex/generic/pgf/math/pgfmathfunctions.basic.c
ode.tex)
(c:/Latex/texlive/2016/texmf-dist/tex/generic/pgf/math/pgfmathfunctions.trigono
metric.code.tex)
(c:/Latex/texlive/2016/texmf-dist/tex/generic/pgf/math/pgfmathfunctions.random.
code.tex)
(c:/Latex/texlive/2016/texmf-dist/tex/generic/pgf/math/pgfmathfunctions.compari
son.code.tex)
(c:/Latex/texlive/2016/texmf-dist/tex/generic/pgf/math/pgfmathfunctions.base.co
de.tex)
(c:/Latex/texlive/2016/texmf-dist/tex/generic/pgf/math/pgfmathfunctions.round.c
ode.tex)
(c:/Latex/texlive/2016/texmf-dist/tex/generic/pgf/math/pgfmathfunctions.misc.co
de.tex)
(c:/Latex/texlive/2016/texmf-dist/tex/generic/pgf/math/pgfmathfunctions.integer
arithmetics.code.tex)))
(c:/Latex/texlive/2016/texmf-dist/tex/generic/pgf/math/pgfmathfloat.code.tex
\c@pgfmathroundto@lastzeros=\count179
))
(c:/Latex/texlive/2016/texmf-dist/tex/generic/pgf/basiclayer/pgfcorepoints.code
.tex
File: pgfcorepoints.code.tex 2013/10/07  (rcs-revision 1.27)
\pgf@picminx=\dimen198
\pgf@picmaxx=\dimen199
Normal \dimen register pool exhausted, switching to extended pool.
\pgf@picminy=\dimen256
\pgf@picmaxy=\dimen257
\pgf@pathminx=\dimen258
\pgf@pathmaxx=\dimen259
\pgf@pathminy=\dimen260
\pgf@pathmaxy=\dimen261
\pgf@xx=\dimen262
\pgf@xy=\dimen263
\pgf@yx=\dimen264
\pgf@yy=\dimen265
\pgf@zx=\dimen266
\pgf@zy=\dimen267
)
(c:/Latex/texlive/2016/texmf-dist/tex/generic/pgf/basiclayer/pgfcorepathconstru
ct.code.tex
File: pgfcorepathconstruct.code.tex 2013/10/07  (rcs-revision 1.29)
\pgf@path@lastx=\dimen268
\pgf@path@lasty=\dimen269
)
(c:/Latex/texlive/2016/texmf-dist/tex/generic/pgf/basiclayer/pgfcorepathusage.c
ode.tex
File: pgfcorepathusage.code.tex 2014/11/02  (rcs-revision 1.24)
\pgf@shorten@end@additional=\dimen270
\pgf@shorten@start@additional=\dimen271
)
(c:/Latex/texlive/2016/texmf-dist/tex/generic/pgf/basiclayer/pgfcorescopes.code
.tex
File: pgfcorescopes.code.tex 2015/05/08  (rcs-revision 1.46)
\pgfpic=\box53
\pgf@hbox=\box54
\pgf@layerbox@main=\box55
\pgf@picture@serial@count=\count180
)
(c:/Latex/texlive/2016/texmf-dist/tex/generic/pgf/basiclayer/pgfcoregraphicstat
e.code.tex
File: pgfcoregraphicstate.code.tex 2014/11/02  (rcs-revision 1.12)
\pgflinewidth=\dimen272
)
(c:/Latex/texlive/2016/texmf-dist/tex/generic/pgf/basiclayer/pgfcoretransformat
ions.code.tex
File: pgfcoretransformations.code.tex 2015/08/07  (rcs-revision 1.20)
\pgf@pt@x=\dimen273
\pgf@pt@y=\dimen274
\pgf@pt@temp=\dimen275
)
(c:/Latex/texlive/2016/texmf-dist/tex/generic/pgf/basiclayer/pgfcorequick.code.
tex
File: pgfcorequick.code.tex 2008/10/09  (rcs-revision 1.3)
)
(c:/Latex/texlive/2016/texmf-dist/tex/generic/pgf/basiclayer/pgfcoreobjects.cod
e.tex
File: pgfcoreobjects.code.tex 2006/10/11  (rcs-revision 1.2)
)
(c:/Latex/texlive/2016/texmf-dist/tex/generic/pgf/basiclayer/pgfcorepathprocess
ing.code.tex
File: pgfcorepathprocessing.code.tex 2013/09/09  (rcs-revision 1.9)
)
(c:/Latex/texlive/2016/texmf-dist/tex/generic/pgf/basiclayer/pgfcorearrows.code
.tex
File: pgfcorearrows.code.tex 2015/05/14  (rcs-revision 1.43)
\pgfarrowsep=\dimen276
)
(c:/Latex/texlive/2016/texmf-dist/tex/generic/pgf/basiclayer/pgfcoreshade.code.
tex
File: pgfcoreshade.code.tex 2013/07/15  (rcs-revision 1.15)
\pgf@max=\dimen277
\pgf@sys@shading@range@num=\count181
)
(c:/Latex/texlive/2016/texmf-dist/tex/generic/pgf/basiclayer/pgfcoreimage.code.
tex
File: pgfcoreimage.code.tex 2013/07/15  (rcs-revision 1.18)

(c:/Latex/texlive/2016/texmf-dist/tex/generic/pgf/basiclayer/pgfcoreexternal.co
de.tex
File: pgfcoreexternal.code.tex 2014/07/09  (rcs-revision 1.21)
\pgfexternal@startupbox=\box56
))
(c:/Latex/texlive/2016/texmf-dist/tex/generic/pgf/basiclayer/pgfcorelayers.code
.tex
File: pgfcorelayers.code.tex 2013/07/18  (rcs-revision 1.7)
)
(c:/Latex/texlive/2016/texmf-dist/tex/generic/pgf/basiclayer/pgfcoretransparenc
y.code.tex
File: pgfcoretransparency.code.tex 2013/09/30  (rcs-revision 1.5)
)
(c:/Latex/texlive/2016/texmf-dist/tex/generic/pgf/basiclayer/pgfcorepatterns.co
de.tex
File: pgfcorepatterns.code.tex 2013/11/07  (rcs-revision 1.5)
)))
(c:/Latex/texlive/2016/texmf-dist/tex/generic/pgf/modules/pgfmoduleshapes.code.
tex
File: pgfmoduleshapes.code.tex 2014/03/21  (rcs-revision 1.35)
\pgfnodeparttextbox=\box57
)
(c:/Latex/texlive/2016/texmf-dist/tex/generic/pgf/modules/pgfmoduleplot.code.te
x
File: pgfmoduleplot.code.tex 2015/08/03  (rcs-revision 1.13)
)
(c:/Latex/texlive/2016/texmf-dist/tex/latex/pgf/compatibility/pgfcomp-version-0
-65.sty
Package: pgfcomp-version-0-65 2007/07/03 v3.0.1a (rcs-revision 1.7)
\pgf@nodesepstart=\dimen278
\pgf@nodesepend=\dimen279
)
(c:/Latex/texlive/2016/texmf-dist/tex/latex/pgf/compatibility/pgfcomp-version-1
-18.sty
Package: pgfcomp-version-1-18 2007/07/23 v3.0.1a (rcs-revision 1.1)
)) (c:/Latex/texlive/2016/texmf-dist/tex/latex/pgf/utilities/pgffor.sty
(c:/Latex/texlive/2016/texmf-dist/tex/latex/pgf/utilities/pgfkeys.sty
(c:/Latex/texlive/2016/texmf-dist/tex/generic/pgf/utilities/pgfkeys.code.tex))
(c:/Latex/texlive/2016/texmf-dist/tex/latex/pgf/math/pgfmath.sty
(c:/Latex/texlive/2016/texmf-dist/tex/generic/pgf/math/pgfmath.code.tex))
(c:/Latex/texlive/2016/texmf-dist/tex/generic/pgf/utilities/pgffor.code.tex
Package: pgffor 2013/12/13 v3.0.1a (rcs-revision 1.25)

(c:/Latex/texlive/2016/texmf-dist/tex/generic/pgf/math/pgfmath.code.tex)
\pgffor@iter=\dimen280
\pgffor@skip=\dimen281
\pgffor@stack=\toks44
\pgffor@toks=\toks45
))
(c:/Latex/texlive/2016/texmf-dist/tex/generic/pgf/frontendlayer/tikz/tikz.code.
tex
Package: tikz 2015/08/07 v3.0.1a (rcs-revision 1.151)

(c:/Latex/texlive/2016/texmf-dist/tex/generic/pgf/libraries/pgflibraryplothandl
ers.code.tex
File: pgflibraryplothandlers.code.tex 2013/08/31 v3.0.1a (rcs-revision 1.20)
\pgf@plot@mark@count=\count182
\pgfplotmarksize=\dimen282
)
\tikz@lastx=\dimen283
\tikz@lasty=\dimen284
\tikz@lastxsaved=\dimen285
\tikz@lastysaved=\dimen286
\tikzleveldistance=\dimen287
\tikzsiblingdistance=\dimen288
\tikz@figbox=\box58
\tikz@figbox@bg=\box59
\tikz@tempbox=\box60
\tikz@tempbox@bg=\box61
\tikztreelevel=\count183
\tikznumberofchildren=\count184
\tikznumberofcurrentchild=\count185
\tikz@fig@count=\count186

(c:/Latex/texlive/2016/texmf-dist/tex/generic/pgf/modules/pgfmodulematrix.code.
tex
File: pgfmodulematrix.code.tex 2013/09/17  (rcs-revision 1.8)
\pgfmatrixcurrentrow=\count187
\pgfmatrixcurrentcolumn=\count188
\pgf@matrix@numberofcolumns=\count189
)
\tikz@expandcount=\count190

(c:/Latex/texlive/2016/texmf-dist/tex/generic/pgf/frontendlayer/tikz/libraries/
tikzlibrarytopaths.code.tex
File: tikzlibrarytopaths.code.tex 2008/06/17 v3.0.1a (rcs-revision 1.2)
)))
(c:/Latex/texlive/2016/texmf-dist/tex/latex/pgfplots/pgfplots.sty
(c:/Latex/texlive/2016/texmf-dist/tex/generic/pgfplots/pgfplots.revision.tex)
Package: pgfplots 2016/08/10 v1.14 Data Visualization (1.14)

(c:/Latex/texlive/2016/texmf-dist/tex/generic/pgfplots/pgfplots.code.tex
(c:/Latex/texlive/2016/texmf-dist/tex/generic/pgfplots/pgfplotscore.code.tex
\t@pgfplots@toka=\toks46
\t@pgfplots@tokb=\toks47
\t@pgfplots@tokc=\toks48
\pgfplots@tmpa=\dimen289
\c@pgfplots@coordindex=\count191
\c@pgfplots@scanlineindex=\count192

(c:/Latex/texlive/2016/texmf-dist/tex/generic/pgfplots/sys/pgfplotssysgeneric.c
ode.tex))
(c:/Latex/texlive/2016/texmf-dist/tex/generic/pgfplots/libs/pgfplotslibrary.cod
e.tex)
(c:/Latex/texlive/2016/texmf-dist/tex/generic/pgfplots/oldpgfcompatib/pgfplotso
ldpgfsupp_loader.code.tex
(c:/Latex/texlive/2016/texmf-dist/tex/generic/pgf/libraries/pgflibraryfpu.code.
tex)
Package pgfplots: loading complementary arithmetics for your pgf version...

(c:/Latex/texlive/2016/texmf-dist/tex/generic/pgfplots/oldpgfcompatib/pgfplotso
ldpgfsupp_pgflibraryfpu.code.tex)
(c:/Latex/texlive/2016/texmf-dist/tex/generic/pgfplots/oldpgfcompatib/pgfplotso
ldpgfsupp_pgfmathfloat.code.tex
\c@pgfmathroundto@lastzeros=\count193
))
(c:/Latex/texlive/2016/texmf-dist/tex/generic/pgfplots/util/pgfplotsutil.code.t
ex
(c:/Latex/texlive/2016/texmf-dist/tex/generic/pgfplots/liststructure/pgfplotsli
ststructure.code.tex)
(c:/Latex/texlive/2016/texmf-dist/tex/generic/pgfplots/liststructure/pgfplotsli
ststructureext.code.tex)
(c:/Latex/texlive/2016/texmf-dist/tex/generic/pgfplots/liststructure/pgfplotsar
ray.code.tex
\c@pgfplotsarray@tmp=\count194
)
(c:/Latex/texlive/2016/texmf-dist/tex/generic/pgfplots/liststructure/pgfplotsma
trix.code.tex)
(c:/Latex/texlive/2016/texmf-dist/tex/generic/pgfplots/numtable/pgfplotstablesh
ared.code.tex
\c@pgfplotstable@counta=\count195
\t@pgfplotstable@a=\toks49
)
(c:/Latex/texlive/2016/texmf-dist/tex/generic/pgfplots/liststructure/pgfplotsde
que.code.tex)
(c:/Latex/texlive/2016/texmf-dist/tex/generic/pgfplots/util/pgfplotsbinary.code
.tex
(c:/Latex/texlive/2016/texmf-dist/tex/generic/pgfplots/util/pgfplotsbinary.data
.code.tex))
(c:/Latex/texlive/2016/texmf-dist/tex/generic/pgfplots/util/pgfplotsutil.verb.c
ode.tex)
(c:/Latex/texlive/2016/texmf-dist/tex/generic/pgfplots/libs/pgflibrarypgfplots.
surfshading.code.tex
\c@pgfplotslibrarysurf@no=\count196

(c:/Latex/texlive/2016/texmf-dist/tex/generic/pgfplots/sys/pgflibrarypgfplots.s
urfshading.pgfsys-xetex.def
(c:/Latex/texlive/2016/texmf-dist/tex/generic/pgfplots/sys/pgflibrarypgfplots.s
urfshading.pgfsys-dvipdfmx.def
\c@pgfplotslibrarysurf@streamlen=\count197
))))
(c:/Latex/texlive/2016/texmf-dist/tex/generic/pgfplots/util/pgfplotscolormap.co
de.tex
(c:/Latex/texlive/2016/texmf-dist/tex/generic/pgfplots/util/pgfplotscolor.code.
tex))
(c:/Latex/texlive/2016/texmf-dist/tex/generic/pgfplots/pgfplotsstackedplots.cod
e.tex)
(c:/Latex/texlive/2016/texmf-dist/tex/generic/pgfplots/pgfplotsplothandlers.cod
e.tex
(c:/Latex/texlive/2016/texmf-dist/tex/generic/pgfplots/pgfplotsmeshplothandler.
code.tex
(c:/Latex/texlive/2016/texmf-dist/tex/generic/pgfplots/pgfplotsmeshplotimage.co
de.tex)))
(c:/Latex/texlive/2016/texmf-dist/tex/generic/pgfplots/pgfplots.scaling.code.te
x)
(c:/Latex/texlive/2016/texmf-dist/tex/generic/pgfplots/pgfplotscoordprocessing.
code.tex)
(c:/Latex/texlive/2016/texmf-dist/tex/generic/pgfplots/pgfplots.errorbars.code.
tex)
(c:/Latex/texlive/2016/texmf-dist/tex/generic/pgfplots/pgfplots.markers.code.te
x)
(c:/Latex/texlive/2016/texmf-dist/tex/generic/pgfplots/pgfplotsticks.code.tex)
(c:/Latex/texlive/2016/texmf-dist/tex/generic/pgfplots/pgfplots.paths.code.tex)

(c:/Latex/texlive/2016/texmf-dist/tex/generic/pgf/frontendlayer/tikz/libraries/
tikzlibrarydecorations.code.tex
(c:/Latex/texlive/2016/texmf-dist/tex/generic/pgf/modules/pgfmoduledecorations.
code.tex
\pgfdecoratedcompleteddistance=\dimen290
\pgfdecoratedremainingdistance=\dimen291
\pgfdecoratedinputsegmentcompleteddistance=\dimen292
\pgfdecoratedinputsegmentremainingdistance=\dimen293
\pgf@decorate@distancetomove=\dimen294
\pgf@decorate@repeatstate=\count198
\pgfdecorationsegmentamplitude=\dimen295
\pgfdecorationsegmentlength=\dimen296
)
\tikz@lib@dec@box=\box62
)
(c:/Latex/texlive/2016/texmf-dist/tex/generic/pgf/frontendlayer/tikz/libraries/
tikzlibrarydecorations.pathmorphing.code.tex
(c:/Latex/texlive/2016/texmf-dist/tex/generic/pgf/libraries/decorations/pgflibr
arydecorations.pathmorphing.code.tex))
(c:/Latex/texlive/2016/texmf-dist/tex/generic/pgf/frontendlayer/tikz/libraries/
tikzlibrarydecorations.pathreplacing.code.tex
(c:/Latex/texlive/2016/texmf-dist/tex/generic/pgf/libraries/decorations/pgflibr
arydecorations.pathreplacing.code.tex))
\pgfplots@numplots=\count199
\pgfplots@xmin@reg=\dimen297
\pgfplots@xmax@reg=\dimen298
\pgfplots@ymin@reg=\dimen299
\pgfplots@ymax@reg=\dimen300
\pgfplots@zmin@reg=\dimen301
\pgfplots@zmax@reg=\dimen302
)
(c:/Latex/texlive/2016/texmf-dist/tex/generic/pgf/frontendlayer/tikz/libraries/
tikzlibraryplotmarks.code.tex
File: tikzlibraryplotmarks.code.tex 2008/01/09 v3.0.1a (rcs-revision 1.1)

(c:/Latex/texlive/2016/texmf-dist/tex/generic/pgf/libraries/pgflibraryplotmarks
.code.tex
File: pgflibraryplotmarks.code.tex 2015/08/03 v3.0.1a (rcs-revision 1.14)
))) (c:/Latex/texlive/2016/texmf-dist/tex/latex/amsmath/amscd.sty
Package: amscd 1999/11/29 v2.0 AMS Commutatitive Diagrams
\athelp@=\toks50
\minaw@=\dimen303
\bigaw@=\dimen304
\minCDarrowwidth=\dimen305
)
(c:/Latex/texlive/2016/texmf-dist/tex/generic/xypic/xy.sty
(c:/Latex/texlive/2016/texmf-dist/tex/generic/xypic/xy.tex Bootstrap'ing:
catcodes, docmode,
(c:/Latex/texlive/2016/texmf-dist/tex/generic/xypic/xyrecat.tex)
(c:/Latex/texlive/2016/texmf-dist/tex/generic/xypic/xyidioms.tex)

 Xy-pic version 3.8.9 <2013/10/06>
 Copyright (c) 1991-2013 by Kristoffer H. Rose <krisrose@tug.org> and others
 Xy-pic is free software: see the User's Guide for details.

Loading kernel: messages; fonts; allocations: state,
\X@c=\dimen306
\Y@c=\dimen307
\U@c=\dimen308
\D@c=\dimen309
\L@c=\dimen310
\R@c=\dimen311
\Edge@c=\toks51
\X@p=\dimen312
\Y@p=\dimen313
\U@p=\dimen314
\D@p=\dimen315
\L@p=\dimen316
\R@p=\dimen317
\Edge@p=\toks52
\X@origin=\dimen318
\Y@origin=\dimen319
\X@xbase=\dimen320
\Y@xbase=\dimen321
\X@ybase=\dimen322
\Y@ybase=\dimen323
\X@min=\dimen324
\Y@min=\dimen325
\X@max=\dimen326
\Y@max=\dimen327
\lastobjectbox@=\box63
\zerodotbox@=\box64
\almostz@=\dimen328
 direction,
\d@X=\dimen329
\d@Y=\dimen330
Normal \count register pool exhausted, switching to extended pool.
\K@=\count277
\KK@=\count278
\Direction=\count279
\K@dXdY=\dimen331
\K@dYdX=\dimen332
\xyread@=\read3
\xywrite@=\write4
\csp@=\count280
\quotPTK@=\dimen333

utility macros; pictures: \xy, positions,
\swaptoks@@=\toks53
\connectobjectbox@@=\box65
 objects,
\styletoks@=\toks54
 decorations;
kernel objects: directionals, circles, text; options; algorithms: directions,
edges, connections;  Xy-pic loaded)
(c:/Latex/texlive/2016/texmf-dist/tex/generic/oberdiek/ifpdf.sty
Package: ifpdf 2016/05/14 v3.1 Provides the ifpdf switch
)
Package: xy 2013/10/06 Xy-pic version 3.8.9

(c:/Latex/texlive/2016/texmf-dist/tex/generic/xypic/xymatrix.tex
 Xy-pic option: Matrix feature v.3.14
\Row=\count281
\Col=\count282
\queue@=\toks55
\queue@@=\toks56
\qcount@=\count283
\qcount@@=\count284
\matrixsize@=\count285
 loaded)
(c:/Latex/texlive/2016/texmf-dist/tex/generic/xypic/xyarrow.tex
 Xy-pic option: Arrow and Path feature v.3.9 path, \ar, loaded)
(c:/Latex/texlive/2016/texmf-dist/tex/generic/xypic/xycurve.tex
 Xy-pic option: Curve and Spline extension v.3.12 curve,
\crv@cnt@=\count286
\crvpts@=\toks57
\splinebox@=\box66
\splineval@=\dimen334
\splinedepth@=\dimen335
\splinetol@=\dimen336
\splinelength@=\dimen337
 circles,
\L@=\dimen338
 loaded))
(c:/Latex/texlive/2016/texmf-dist/tex/latex/easylist/easylist.sty
Package: easylist 2014/01/11 v.1.4 Numbered items with a single command.
\el@CounterTotal=\count287
\el@Scratch=\count288
\el@ControlCounter=\count289
\el@CounterLevel=\count290
\c@List1=\count291
\c@List2=\count292
\c@List3=\count293
\c@List4=\count294
\c@List5=\count295
\c@List6=\count296
\c@List7=\count297
\c@List8=\count298
\c@List9=\count299
\c@List10=\count300
\el@ProgressiveDimension=\dimen339
\el@CounterBox=\box67
\el@ControlBox=\box68
\el@TotalMargin=\dimen340
\el@LeftMove=\dimen341
)
(c:/Latex/texlive/2016/texmf-dist/tex/latex/ccaption/ccaption.sty
Package: ccaption 2011/08/07 v3.2c Extended captioning and new floats
\@contcwidth=\skip73
\@contindw=\skip74
\abovelegendskip=\skip75
\belowlegendskip=\skip76
\c@newflo@tctr=\count301
)
(./Lishchuk Diana. Homework 3 (1).aux)
\openout1 = `"Lishchuk Diana. Homework 3 (1).aux"'.

LaTeX Font Info:    Checking defaults for OML/cmm/m/it on input line 80.
LaTeX Font Info:    ... okay on input line 80.
LaTeX Font Info:    Checking defaults for T1/cmr/m/n on input line 80.
LaTeX Font Info:    ... okay on input line 80.
LaTeX Font Info:    Checking defaults for OT1/cmr/m/n on input line 80.
LaTeX Font Info:    ... okay on input line 80.
LaTeX Font Info:    Checking defaults for OMS/cmsy/m/n on input line 80.
LaTeX Font Info:    ... okay on input line 80.
LaTeX Font Info:    Checking defaults for TU/lmr/m/n on input line 80.
LaTeX Font Info:    ... okay on input line 80.
LaTeX Font Info:    Checking defaults for OMX/cmex/m/n on input line 80.
LaTeX Font Info:    ... okay on input line 80.
LaTeX Font Info:    Checking defaults for U/cmr/m/n on input line 80.
LaTeX Font Info:    ... okay on input line 80.
LaTeX Font Info:    Checking defaults for TS1/cmr/m/n on input line 80.
LaTeX Font Info:    ... okay on input line 80.

*************************************************
* unicode-math warning: "mathtools-overbracket"
* 
* Using \overbracket and \underbracket from `mathtools' package.
* 
* Use \Uoverbracket and \Uunderbracket for original `unicode-math' definition.
*************************************************
ABD: EveryShipout initializing macros

Package pgfplots Warning: running in backwards compatibility mode (unsuitable t
ick labels; missing features). Consider writing \pgfplotsset{compat=1.14} into 
your preamble.
 on input line 80.

LaTeX Font Info:    Font shape `TU/AsanaMath(1)/m/n' will be
(Font)              scaled to size 14.4002pt on input line 81.
LaTeX Font Info:    Font shape `TU/AsanaMath(1)/m/n' will be
(Font)              scaled to size 10.00015pt on input line 81.
LaTeX Font Info:    Font shape `TU/AsanaMath(1)/m/n' will be
(Font)              scaled to size 7.0001pt on input line 81.
LaTeX Font Info:    Font shape `TU/AsanaMath(2)/m/n' will be
(Font)              scaled to size 14.39977pt on input line 81.
LaTeX Font Info:    Font shape `TU/AsanaMath(2)/m/n' will be
(Font)              scaled to size 9.99985pt on input line 81.
LaTeX Font Info:    Font shape `TU/AsanaMath(2)/m/n' will be
(Font)              scaled to size 6.9999pt on input line 81.
LaTeX Font Info:    Try loading font information for U+msa on input line 81.
(c:/Latex/texlive/2016/texmf-dist/tex/latex/amsfonts/umsa.fd
File: umsa.fd 2013/01/14 v3.01 AMS symbols A
)
LaTeX Font Info:    Try loading font information for U+msb on input line 81.

(c:/Latex/texlive/2016/texmf-dist/tex/latex/amsfonts/umsb.fd
File: umsb.fd 2013/01/14 v3.01 AMS symbols B
)

LaTeX Warning: No \author given.

LaTeX Font Info:    Font shape `TU/AsanaMath(1)/m/n' will be
(Font)              scaled to size 17.28026pt on input line 85.
LaTeX Font Info:    Font shape `TU/AsanaMath(1)/m/n' will be
(Font)              scaled to size 12.00018pt on input line 85.
LaTeX Font Info:    Font shape `TU/AsanaMath(2)/m/n' will be
(Font)              scaled to size 17.27972pt on input line 85.
LaTeX Font Info:    Font shape `TU/AsanaMath(2)/m/n' will be
(Font)              scaled to size 11.99982pt on input line 85.

Overfull \hbox (1.48593pt too wide) in paragraph at lines 91--91
\TU/Arial(1)/bx/n/17.28        -
 []


Overfull \hbox (0.70114pt too wide) in paragraph at lines 91--91
\TU/Arial(1)/bx/n/17.28  . , s-. 
 []


Overfull \hbox (5.96783pt too wide) in paragraph at lines 96--96
[]\TU/Arial(1)/bx/n/17.28  ,   
 []

[1

]
Overfull \hbox (3.8934pt too wide) in paragraph at lines 106--106
[]\TU/Arial(1)/bx/n/17.28   .
 []


Overfull \hbox (26.37868pt too wide) in paragraph at lines 106--106
\TU/Arial(1)/bx/n/17.28   $[][] [] [][][] [][] [] [][][] []
[] [] [][]$ 
 []

[2]
Underfull \hbox (badness 10000) in paragraph at lines 123--128

 []


Underfull \hbox (badness 10000) in paragraph at lines 129--131

 []


Overfull \hbox (4.46036pt too wide) in paragraph at lines 134--134
\TU/Arial(1)/bx/n/17.28  ,    -
 []

File: DataFest_Stikers/1.jpg Graphic file (type QTm)
<use  "DataFest_Stikers/1.jpg" > [3]
File: f.jpg Graphic file (type QTm)
 <use  "f.jpg" > [4] [5]
(./Lishchuk Diana. Homework 3 (1).aux) ) 
Here is how much of TeX's memory you used:
 38214 strings out of 493080
 879500 string characters out of 6136609
 1142113 words of memory out of 5000000
 41555 multiletter control sequences out of 15000+600000
 9223 words of font info for 65 fonts, out of 8000000 for 9000
 1347 hyphenation exceptions out of 8191
 66i,7n,98p,10429b,481s stack positions out of 5000i,500n,10000p,200000b,80000s

Output written on Lishchuk Diana. Homework 3 (1).pdf (5 pages).
