This is XeTeX, Version 3.14159265-2.6-0.99992 (TeX Live 2015/Debian) (preloaded format=xelatex 2016.7.22)  16 OCT 2016 21:33
entering extended mode
 \write18 enabled.
 %&-line parsing enabled.
**"NEW NEW.tex"
(./NEW NEW.tex
LaTeX2e <2016/02/01>
Babel <3.9q> and hyphenation patterns for 81 language(s) loaded.
(/usr/share/texlive/texmf-dist/tex/latex/extsizes/extbook.cls
Document Class: extbook 1999/01/07 v1.4a NON-Standard LaTeX document class
(/usr/share/texlive/texmf-dist/tex/latex/extsizes/size14.clo
File: size14.clo 1999/11/11 v1.4a NON-Standard LaTeX file (size option)
)
(/usr/share/texlive/texmf-dist/tex/latex/base/exscale.sty
Package: exscale 2014/09/29 v2.1h Standard LaTeX package exscale
LaTeX Font Info:    Redeclaring symbol font `largesymbols' on input line 57.
LaTeX Font Info:    Overwriting symbol font `largesymbols' in version `normal'
(Font)                  OMX/cmex/m/n --> OMX/cmex/m/n on input line 57.
LaTeX Font Info:    Overwriting symbol font `largesymbols' in version `bold'
(Font)                  OMX/cmex/m/n --> OMX/cmex/m/n on input line 57.
\big@size=\dimen102
)
\c@part=\count79
\c@chapter=\count80
\c@section=\count81
\c@subsection=\count82
\c@subsubsection=\count83
\c@paragraph=\count84
\c@subparagraph=\count85
\c@figure=\count86
\c@table=\count87
\abovecaptionskip=\skip41
\belowcaptionskip=\skip42
\bibindent=\dimen103
)
(/usr/share/texlive/texmf-dist/tex/latex/etex-pkg/etex.sty
Package: etex 2016/01/11 v2.6 eTeX basic definition package (PEB,DPC)
\et@xins=\count88
)
(/usr/share/texlive/texmf-dist/tex/latex/etoolbox/etoolbox.sty
Package: etoolbox 2015/08/02 v2.2a e-TeX tools for LaTeX (JAW)
\etb@tempcnta=\count89
)
(/usr/share/texlive/texmf-dist/tex/latex/amsmath/amsmath.sty
Package: amsmath 2016/03/03 v2.15a AMS math features
\@mathmargin=\skip43

For additional information on amsmath, use the `?' option.
(/usr/share/texlive/texmf-dist/tex/latex/amsmath/amstext.sty
Package: amstext 2000/06/29 v2.01 AMS text

(/usr/share/texlive/texmf-dist/tex/latex/amsmath/amsgen.sty
File: amsgen.sty 1999/11/30 v2.0 generic functions
\@emptytoks=\toks14
\ex@=\dimen104
))
(/usr/share/texlive/texmf-dist/tex/latex/amsmath/amsbsy.sty
Package: amsbsy 1999/11/29 v1.2d Bold Symbols
\pmbraise@=\dimen105
)
(/usr/share/texlive/texmf-dist/tex/latex/amsmath/amsopn.sty
Package: amsopn 1999/12/14 v2.01 operator names
)
\inf@bad=\count90
LaTeX Info: Redefining \frac on input line 199.
\uproot@=\count91
\leftroot@=\count92
LaTeX Info: Redefining \overline on input line 297.
\classnum@=\count93
\DOTSCASE@=\count94
LaTeX Info: Redefining \ldots on input line 394.
LaTeX Info: Redefining \dots on input line 397.
LaTeX Info: Redefining \cdots on input line 518.
\Mathstrutbox@=\box26
\strutbox@=\box27
\big@size=\dimen106
LaTeX Font Info:    Redeclaring font encoding OML on input line 630.
LaTeX Font Info:    Redeclaring font encoding OMS on input line 631.
\macc@depth=\count95
\c@MaxMatrixCols=\count96
\dotsspace@=\muskip10
\c@parentequation=\count97
\dspbrk@lvl=\count98
\tag@help=\toks15
\row@=\count99
\column@=\count100
\maxfields@=\count101
\andhelp@=\toks16
\eqnshift@=\dimen107
\alignsep@=\dimen108
\tagshift@=\dimen109
\tagwidth@=\dimen110
\totwidth@=\dimen111
\lineht@=\dimen112
\@envbody=\toks17
\multlinegap=\skip44
\multlinetaggap=\skip45
\mathdisplay@stack=\toks18
LaTeX Info: Redefining \[ on input line 2735.
LaTeX Info: Redefining \] on input line 2736.
)
(/usr/share/texlive/texmf-dist/tex/latex/amsfonts/amsfonts.sty
Package: amsfonts 2013/01/14 v3.01 Basic AMSFonts support
\symAMSa=\mathgroup4
\symAMSb=\mathgroup5
LaTeX Font Info:    Overwriting math alphabet `\mathfrak' in version `bold'
(Font)                  U/euf/m/n --> U/euf/b/n on input line 106.
)
(/usr/share/texlive/texmf-dist/tex/latex/amsfonts/amssymb.sty
Package: amssymb 2013/01/14 v3.01 AMS font symbols
)
(/usr/share/texlive/texmf-dist/tex/latex/amscls/amsthm.sty
Package: amsthm 2015/03/04 v2.20.2
\thm@style=\toks19
\thm@bodyfont=\toks20
\thm@headfont=\toks21
\thm@notefont=\toks22
\thm@headpunct=\toks23
\thm@preskip=\skip46
\thm@postskip=\skip47
\thm@headsep=\skip48
\dth@everypar=\toks24
)
(/usr/share/texlive/texmf-dist/tex/latex/mathtools/mathtools.sty
Package: mathtools 2015/11/12 v1.18 mathematical typesetting tools

(/usr/share/texlive/texmf-dist/tex/latex/graphics/keyval.sty
Package: keyval 2014/10/28 v1.15 key=value parser (DPC)
\KV@toks@=\toks25
)
(/usr/share/texlive/texmf-dist/tex/latex/tools/calc.sty
Package: calc 2014/10/28 v4.3 Infix arithmetic (KKT,FJ)
\calc@Acount=\count102
\calc@Bcount=\count103
\calc@Adimen=\dimen113
\calc@Bdimen=\dimen114
\calc@Askip=\skip49
\calc@Bskip=\skip50
LaTeX Info: Redefining \setlength on input line 80.
LaTeX Info: Redefining \addtolength on input line 81.
\calc@Ccount=\count104
\calc@Cskip=\skip51
)
(/usr/share/texlive/texmf-dist/tex/latex/mathtools/mhsetup.sty
Package: mhsetup 2010/01/21 v1.2a programming setup (MH)
)
LaTeX Info: Thecontrolsequence`\('isalreadyrobust on input line 129.
LaTeX Info: Thecontrolsequence`\)'isalreadyrobust on input line 129.
LaTeX Info: Thecontrolsequence`\['isalreadyrobust on input line 129.
LaTeX Info: Thecontrolsequence`\]'isalreadyrobust on input line 129.
\g_MT_multlinerow_int=\count105
\l_MT_multwidth_dim=\dimen115
\origjot=\skip52
\l_MT_shortvdotswithinadjustabove_dim=\dimen116
\l_MT_shortvdotswithinadjustbelow_dim=\dimen117
\l_MT_above_intertext_sep=\dimen118
\l_MT_below_intertext_sep=\dimen119
\l_MT_above_shortintertext_sep=\dimen120
\l_MT_below_shortintertext_sep=\dimen121
)
(/usr/share/texlive/texmf-dist/tex/latex/fontspec/fontspec.sty
(/usr/share/texlive/texmf-dist/tex/latex/l3kernel/expl3.sty
Package: expl3 2016/01/19 v6377 L3 programming layer (loader) 

(/usr/share/texlive/texmf-dist/tex/latex/l3kernel/expl3-code.tex
Package: expl3 2016/01/19 v6377 L3 programming layer (code)
L3 Module: l3bootstrap 2016/01/01 v6339 L3 Bootstrap code
L3 Module: l3names 2015/12/21 v6328 L3 Namespace for primitives
L3 Module: l3basics 2015/11/22 v6315 L3 Basic definitions
L3 Module: l3expan 2015/09/10 v5983 L3 Argument expansion
L3 Module: l3tl 2015/09/29 v6121 L3 Token lists
L3 Module: l3str 2016/01/03 v6357 L3 Strings
L3 Module: l3seq 2015/08/05 v5777 L3 Sequences and stacks
L3 Module: l3int 2016/01/05 v6366 L3 Integers
\c_max_int=\count106
\l_tmpa_int=\count107
\l_tmpb_int=\count108
\g_tmpa_int=\count109
\g_tmpb_int=\count110
L3 Module: l3quark 2015/08/17 v5855 L3 Quarks
L3 Module: l3prg 2015/11/01 v6216 L3 Control structures
\g__prg_map_int=\count111
L3 Module: l3clist 2015/09/02 v5901 L3 Comma separated lists
L3 Module: l3token 2015/11/11 v6249 L3 Experimental token manipulation
L3 Module: l3prop 2016/01/05 v6366 L3 Property lists
L3 Module: l3msg 2015/09/28 v6113 L3 Messages
L3 Module: l3file 2015/12/03 v6317 L3 File and I/O operations
\l_iow_line_count_int=\count112
\l__iow_target_count_int=\count113
\l__iow_current_line_int=\count114
\l__iow_current_word_int=\count115
\l__iow_current_indentation_int=\count116
L3 Module: l3skip 2016/01/05 v6366 L3 Dimensions and skips
\c_zero_dim=\dimen122
\c_max_dim=\dimen123
\l_tmpa_dim=\dimen124
\l_tmpb_dim=\dimen125
\g_tmpa_dim=\dimen126
\g_tmpb_dim=\dimen127
\c_zero_skip=\skip53
\c_max_skip=\skip54
\l_tmpa_skip=\skip55
\l_tmpb_skip=\skip56
\g_tmpa_skip=\skip57
\g_tmpb_skip=\skip58
\c_zero_muskip=\muskip11
\c_max_muskip=\muskip12
\l_tmpa_muskip=\muskip13
\l_tmpb_muskip=\muskip14
\g_tmpa_muskip=\muskip15
\g_tmpb_muskip=\muskip16
L3 Module: l3keys 2015/11/17 v6284 L3 Key-value interfaces
\g__keyval_level_int=\count117
\l_keys_choice_int=\count118
L3 Module: l3fp 2015/08/25 v5890 L3 Floating points
\c__fp_leading_shift_int=\count119
\c__fp_middle_shift_int=\count120
\c__fp_trailing_shift_int=\count121
\c__fp_big_leading_shift_int=\count122
\c__fp_big_middle_shift_int=\count123
\c__fp_big_trailing_shift_int=\count124
\c__fp_Bigg_leading_shift_int=\count125
\c__fp_Bigg_middle_shift_int=\count126
\c__fp_Bigg_trailing_shift_int=\count127
L3 Module: l3box 2015/08/09 v5822 L3 Experimental boxes
\c_empty_box=\box28
\l_tmpa_box=\box29
\l_tmpb_box=\box30
\g_tmpa_box=\box31
\g_tmpb_box=\box32
L3 Module: l3coffins 2015/08/06 v5789 L3 Coffin code layer
\l__coffin_internal_box=\box33
\l__coffin_internal_dim=\dimen128
\l__coffin_offset_x_dim=\dimen129
\l__coffin_offset_y_dim=\dimen130
\l__coffin_x_dim=\dimen131
\l__coffin_y_dim=\dimen132
\l__coffin_x_prime_dim=\dimen133
\l__coffin_y_prime_dim=\dimen134
\c_empty_coffin=\box34
\l__coffin_aligned_coffin=\box35
\l__coffin_aligned_internal_coffin=\box36
\l_tmpa_coffin=\box37
\l_tmpb_coffin=\box38
\l__coffin_display_coffin=\box39
\l__coffin_display_coord_coffin=\box40
\l__coffin_display_pole_coffin=\box41
\l__coffin_display_offset_dim=\dimen135
\l__coffin_display_x_dim=\dimen136
\l__coffin_display_y_dim=\dimen137
L3 Module: l3color 2014/08/23 v5354 L3 Experimental color support
L3 Module: l3sys 2015/09/25 v6087 L3 Experimental system/runtime functions
L3 Module: l3candidates 2016/01/14 v6376 L3 Experimental additions to l3kernel
\l__box_top_dim=\dimen138
\l__box_bottom_dim=\dimen139
\l__box_left_dim=\dimen140
\l__box_right_dim=\dimen141
\l__box_top_new_dim=\dimen142
\l__box_bottom_new_dim=\dimen143
\l__box_left_new_dim=\dimen144
\l__box_right_new_dim=\dimen145
\l__box_internal_box=\box42
\l__coffin_bounding_shift_dim=\dimen146
\l__coffin_left_corner_dim=\dimen147
\l__coffin_right_corner_dim=\dimen148
\l__coffin_bottom_corner_dim=\dimen149
\l__coffin_top_corner_dim=\dimen150
\l__coffin_scaled_total_height_dim=\dimen151
\l__coffin_scaled_width_dim=\dimen152
L3 Module: l3luatex 2015/11/11 v6250 L3 Experimental LuaTeX-specific functions
)
(/usr/share/texlive/texmf-dist/tex/latex/l3kernel/l3xdvipdfmx.def
File: l3xdvidpfmx.def 2015/11/11 v6250 L3 Experimental driver: xdvipdfmx
))
(/usr/share/texlive/texmf-dist/tex/latex/l3packages/xparse/xparse.sty
Package: xparse 2016/01/19 v6377 L3 Experimental document command parser
\l__xparse_current_arg_int=\count128
\l__xparse_m_args_int=\count129
\l__xparse_mandatory_args_int=\count130
\l__xparse_processor_int=\count131
\l__xparse_v_nesting_int=\count132
)
Package: fontspec 2016/02/01 v2.5a Font selection for XeLaTeX and LuaLaTeX

(/usr/share/texlive/texmf-dist/tex/latex/fontspec/fontspec-xetex.sty
Package: fontspec-xetex 2016/02/01 v2.5a Font selection for XeLaTeX and LuaLaTe
X
\l_fontspec_script_int=\count133
\l_fontspec_language_int=\count134
\l_fontspec_strnum_int=\count135
\l__fontspec_tmpa_dim=\dimen153
\l__fontspec_tmpb_dim=\dimen154
\l__fontspec_tmpc_dim=\dimen155
\g__file_internal_ior=\read1

(/usr/share/texlive/texmf-dist/tex/latex/base/fontenc.sty
Package: fontenc 2005/09/27 v1.99g Standard LaTeX package

(/usr/share/texlive/texmf-dist/tex/latex/euenc/eu1enc.def
File: eu1enc.def 2010/05/27 v0.1h Experimental Unicode font encodings
)
LaTeX Font Info:    Try loading font information for EU1+lmr on input line 105.


(/usr/share/texlive/texmf-dist/tex/latex/euenc/eu1lmr.fd
File: eu1lmr.fd 2009/10/30 v1.6 Font defs for Latin Modern
))
(/usr/share/texlive/texmf-dist/tex/xelatex/xunicode/xunicode.sty
File: xunicode.sty 2011/09/09 v0.981 provides access to latin accents and many 
other characters in Unicode lower plane

(/usr/share/texmf/tex/latex/tipa/t3enc.def
File: t3enc.def 2001/12/31 T3 encoding
LaTeX Font Info:    Try loading font information for EU1+lmss on input line 357
.

(/usr/share/texlive/texmf-dist/tex/latex/euenc/eu1lmss.fd
File: eu1lmss.fd 2009/10/30 v1.6 Font defs for Latin Modern
))
\tipaTiiicode=\count136
\tipasavetokens=\toks26
\tipachecktokens=\toks27

(/usr/share/texlive/texmf-dist/tex/latex/graphics/graphicx.sty
Package: graphicx 2014/10/28 v1.0g Enhanced LaTeX Graphics (DPC,SPQR)

(/usr/share/texlive/texmf-dist/tex/latex/graphics/graphics.sty
Package: graphics 2016/01/03 v1.0q Standard LaTeX Graphics (DPC,SPQR)

(/usr/share/texlive/texmf-dist/tex/latex/graphics/trig.sty
Package: trig 2016/01/03 v1.10 sin cos tan (DPC)
)
(/usr/share/texlive/texmf-dist/tex/latex/latexconfig/graphics.cfg
File: graphics.cfg 2010/04/23 v1.9 graphics configuration of TeX Live
)
Package graphics Info: Driver file: xetex.def on input line 95.

(/usr/share/texlive/texmf-dist/tex/xelatex/xetex-def/xetex.def
File: xetex.def 2015/09/11 v4.06 LaTeX color/graphics driver for XeTeX (TeX Liv
e/RRM/JK)

(/usr/share/texlive/texmf-dist/tex/generic/oberdiek/infwarerr.sty
Package: infwarerr 2010/04/08 v1.3 Providing info/warning/error messages (HO)
)
(/usr/share/texlive/texmf-dist/tex/generic/oberdiek/ltxcmds.sty
Package: ltxcmds 2011/11/09 v1.22 LaTeX kernel commands for general use (HO)
)))
\Gin@req@height=\dimen156
\Gin@req@width=\dimen157
))
.................................................
. LaTeX info: "xparse/define-command"
. 
. Defining command \__fontspec_post_arg:w with sig. 'mmO{}' on line 353.
.................................................
.................................................
. LaTeX info: "xparse/define-command"
. 
. Defining command \fontspec with sig. 'om' on line 355.
.................................................
.................................................
. LaTeX info: "xparse/define-command"
. 
. Defining command \setmainfont with sig. 'om' on line 365.
.................................................
.................................................
. LaTeX info: "xparse/define-command"
. 
. Defining command \setsansfont with sig. 'om' on line 375.
.................................................
.................................................
. LaTeX info: "xparse/define-command"
. 
. Defining command \setmonofont with sig. 'om' on line 385.
.................................................
.................................................
. LaTeX info: "xparse/define-command"
. 
. Defining command \setmathrm with sig. 'om' on line 399.
.................................................
.................................................
. LaTeX info: "xparse/define-command"
. 
. Defining command \setboldmathrm with sig. 'om' on line 407.
.................................................
.................................................
. LaTeX info: "xparse/define-command"
. 
. Defining command \setmathsf with sig. 'om' on line 415.
.................................................
.................................................
. LaTeX info: "xparse/define-command"
. 
. Defining command \setmathtt with sig. 'om' on line 423.
.................................................
.................................................
. LaTeX info: "xparse/define-command"
. 
. Defining command \newfontfamily with sig. 'mom' on line 437.
.................................................
.................................................
. LaTeX info: "xparse/define-command"
. 
. Defining command \newfontface with sig. 'mom' on line 453.
.................................................
.................................................
. LaTeX info: "xparse/define-command"
. 
. Defining command \defaultfontfeatures with sig. 't+om' on line 467.
.................................................
.................................................
. LaTeX info: "xparse/define-command"
. 
. Defining command \addfontfeatures with sig. 'm' on line 529.
.................................................
.................................................
. LaTeX info: "xparse/define-command"
. 
. Defining command \newfontfeature with sig. 'mm' on line 540.
.................................................
.................................................
. LaTeX info: "xparse/define-command"
. 
. Defining command \newAATfeature with sig. 'mmmm' on line 548.
.................................................
.................................................
. LaTeX info: "xparse/define-command"
. 
. Defining command \newopentypefeature with sig. 'mmm' on line 556.
.................................................
.................................................
. LaTeX info: "xparse/define-command"
. 
. Defining command \aliasfontfeature with sig. 'mm' on line 577.
.................................................
.................................................
. LaTeX info: "xparse/define-command"
. 
. Defining command \aliasfontfeatureoption with sig. 'mmm' on line 586.
.................................................
.................................................
. LaTeX info: "xparse/define-command"
. 
. Defining command \newfontscript with sig. 'mm' on line 590.
.................................................
.................................................
. LaTeX info: "xparse/define-command"
. 
. Defining command \newfontlanguage with sig. 'mm' on line 594.
.................................................
.................................................
. LaTeX info: "xparse/define-command"
. 
. Defining command \DeclareFontsExtensions with sig. 'm' on line 599.
.................................................
\l__fontspec_tmp_int=\count137

(/usr/share/texlive/texmf-dist/tex/latex/fontspec/fontspec.cfg)
LaTeX Info: Redefining \itshape on input line 2705.
LaTeX Info: Redefining \slshape on input line 2710.
LaTeX Info: Redefining \scshape on input line 2715.
LaTeX Info: Redefining \upshape on input line 2720.
\l__fontspec_em_int=\count138
\l__fontspec_emdef_int=\count139
LaTeX Info: Redefining \em on input line 2736.
LaTeX Info: Redefining \emph on input line 2742.
LaTeX Info: Redefining \- on input line 2746.
.................................................
. LaTeX info: "xparse/redefine-command"
. 
. Redefining command \oldstylenums with sig. 'm' on line 2841.
.................................................
.................................................
. LaTeX info: "xparse/define-command"
. 
. Defining command \liningnums with sig. 'm' on line 2845.
.................................................
))
\g__fontspec_family_Roboto_int=\count140
.................................................
. fontspec info: "defining-font"
. 
. Font family 'Roboto(0)' created for font 'Roboto' with options
. [Ligatures=TeX].
. 
. This font family consists of the following NFSS series/shapes:
. - 'normal' (m/n) with NFSS spec.:
. <->"Roboto/OT:script=latn;language=DFLT;mapping=tex-text;"
. - 'small caps'  (m/sc) with NFSS spec.:
. <->"Roboto/OT:script=latn;language=DFLT;mapping=tex-text;+smcp;"- 'bold'
. (bx/n) with NFSS spec.:
. <->"Roboto/B/OT:script=latn;language=DFLT;mapping=tex-text;"
. - 'bold small caps'  (bx/sc) with NFSS spec.:
. <->"Roboto/B/OT:script=latn;language=DFLT;mapping=tex-text;+smcp;"- 'italic'
. (m/it) with NFSS spec.:
. <->"Roboto/I/OT:script=latn;language=DFLT;mapping=tex-text;"
. - 'italic small caps'  (m/itsc) with NFSS spec.:
. <->"Roboto/I/OT:script=latn;language=DFLT;mapping=tex-text;+smcp;"- 'bold
. italic' (bx/it) with NFSS spec.:
. <->"Roboto/BI/OT:script=latn;language=DFLT;mapping=tex-text;"
. - 'bold italic small caps'  (bx/itsc) with NFSS spec.:
. <->"Roboto/BI/OT:script=latn;language=DFLT;mapping=tex-text;+smcp;"
.................................................
.................................................
. fontspec info: "defining-font"
. 
. Font family 'Roboto(1)' created for font 'Roboto' with options [].
. 
. This font family consists of the following NFSS series/shapes:
. - 'normal' (m/n) with NFSS spec.: <->"Roboto/OT:script=latn;language=DFLT;"
. - 'small caps'  (m/sc) with NFSS spec.:
. <->"Roboto/OT:script=latn;language=DFLT;+smcp;"- 'bold' (bx/n) with NFSS
. spec.: <->"Roboto/B/OT:script=latn;language=DFLT;"
. - 'bold small caps'  (bx/sc) with NFSS spec.:
. <->"Roboto/B/OT:script=latn;language=DFLT;+smcp;"- 'italic' (m/it) with NFSS
. spec.: <->"Roboto/I/OT:script=latn;language=DFLT;"
. - 'italic small caps'  (m/itsc) with NFSS spec.:
. <->"Roboto/I/OT:script=latn;language=DFLT;+smcp;"- 'bold italic' (bx/it)
. with NFSS spec.: <->"Roboto/BI/OT:script=latn;language=DFLT;"
. - 'bold italic small caps'  (bx/itsc) with NFSS spec.:
. <->"Roboto/BI/OT:script=latn;language=DFLT;+smcp;"
.................................................

(/usr/share/texlive/texmf-dist/tex/latex/unicode-math/unicode-math.sty
Package: unicode-math 2015/09/24 v0.8c Unicode maths in XeLaTeX and LuaLaTeX

(/usr/share/texlive/texmf-dist/tex/generic/ifxetex/ifxetex.sty
Package: ifxetex 2010/09/12 v0.6 Provides ifxetex conditional
)
(/usr/share/texlive/texmf-dist/tex/generic/oberdiek/ifluatex.sty
Package: ifluatex 2010/03/01 v1.3 Provides the ifluatex switch (HO)
Package ifluatex Info: LuaTeX not detected.
)
(/usr/share/texlive/texmf-dist/tex/latex/ucharcat/ucharcat.sty
Package: ucharcat 2015/11/19 v0.03 ucharcat for luaLaTeX (DPC)
)
(/usr/share/texlive/texmf-dist/tex/latex/l3packages/l3keys2e/l3keys2e.sty
Package: l3keys2e 2016/01/19 v6377 LaTeX2e option processing using LaTeX3 keys
)
(/usr/share/texlive/texmf-dist/tex/latex/base/fix-cm.sty
Package: fix-cm 2015/01/14 v1.1t fixes to LaTeX

(/usr/share/texlive/texmf-dist/tex/latex/base/ts1enc.def
File: ts1enc.def 2001/06/05 v3.0e (jk/car/fm) Standard LaTeX file
))
(/usr/share/texlive/texmf-dist/tex/latex/filehook/filehook.sty
Package: filehook 2011/10/12 v0.5d Hooks for input files
)
\g__um_fam_int=\count141
\g__um_primekern_muskip=\muskip17
\l__um_primecount_int=\count142
.................................................
. LaTeX info: "xparse/define-command"
. 
. Defining command \unimathsetup with sig. 'm' on line 168.
.................................................

(/usr/share/texlive/texmf-dist/tex/latex/unicode-math/unicode-math-xetex.sty
.................................................
. LaTeX info: "xparse/define-command"
. 
. Defining command \setmathfontface with sig. 'mO{}mO{}' on line 165.
.................................................
.................................................
. LaTeX info: "xparse/define-command"
. 
. Defining command \setoperatorfont with sig. 'm' on line 169.
.................................................
.................................................
. LaTeX info: "xparse/define-command"
. 
. Defining command \setmathfont with sig. 'O{}mO{}' on line 278.
.................................................
.................................................
. LaTeX info: "xparse/define-command"
. 
. Defining command \addnolimits with sig. 'm' on line 520.
.................................................
.................................................
. LaTeX info: "xparse/define-command"
. 
. Defining command \removenolimits with sig. 'm' on line 524.
.................................................

(/usr/share/texlive/texmf-dist/tex/latex/unicode-math/unicode-math-table.tex)
.................................................
. unicode-math info: "patch-macro"
. 
. I'm going to patch macro \subarray.
.................................................
.................................................
. unicode-math info: "patch-macro"
. 
. I'm going to patch macro \r@@t.
.................................................
\g__um_empty_fam=\mathgroup6
.................................................
. unicode-math info: "patch-macro"
. 
. I'm going to patch macro \MT_cramped_internal:Nn.
.................................................

*************************************************
* unicode-math warning: "mathtools-colon"
* 
* I'm going to overwrite the following commands from the `mathtools' package:
* 
*     \dblcolon, \coloneqq, \Coloneqq, \eqqcolon.
* 
* Note that since I won't overwrite the other colon-like commands, using them
* will lead to inconsistencies.
*************************************************
.................................................
. LaTeX info: "xparse/define-command"
. 
. Defining command \dblcolon with sig. '' on line 2126.
.................................................
.................................................
. LaTeX info: "xparse/define-command"
. 
. Defining command \coloneqq with sig. '' on line 2126.
.................................................
.................................................
. LaTeX info: "xparse/define-command"
. 
. Defining command \Coloneqq with sig. '' on line 2126.
.................................................
.................................................
. LaTeX info: "xparse/define-command"
. 
. Defining command \eqqcolon with sig. '' on line 2126.
.................................................
))
\g__fontspec_family_AsanaMath_int=\count143
.................................................
. fontspec info: "no-font-shape"
. 
. Could not resolve font Asana Math/B (it probably doesn't exist).
.................................................
.................................................
. fontspec info: "defining-font"
. 
. Font family 'AsanaMath(0)' created for font 'Asana Math' with options
. [BoldItalicFont={},ItalicFont={},Script=Math,SizeFeatures={{Size=14.4-},{Size
=10-14.4,Font=Asana
. Math,Style=MathScript},{Size=-10,Font=Asana Math,Style=MathScriptScript}}].
. 
. This font family consists of the following NFSS series/shapes:
. - 'normal' (m/n) with NFSS spec.: <14.4->"Asana
. Math/OT:script=math;language=DFLT;"<10-14.4>"Asana
. Math/OT:script=math;language=DFLT;+ssty=0;"<-10>"Asana
. Math/OT:script=math;language=DFLT;+ssty=1;"
. - 'small caps'  (m/sc) with NFSS spec.: 
.................................................
LaTeX Font Info:    Encoding `OT1' has changed to `EU1' for symbol font
(Font)              `operators' in the math version `normal' on input line 40.
LaTeX Font Info:    Overwriting symbol font `operators' in version `normal'
(Font)                  OT1/cmr/m/n --> EU1/AsanaMath(0)/m/n on input line 40.
LaTeX Font Info:    Encoding `OT1' has changed to `EU1' for symbol font
(Font)              `operators' in the math version `bold' on input line 40.
LaTeX Font Info:    Overwriting symbol font `operators' in version `bold'
(Font)                  OT1/cmr/bx/n --> EU1/AsanaMath(0)/bx/n on input line 40
.
.................................................
. fontspec info: "no-font-shape"
. 
. Could not resolve font Asana Math/B (it probably doesn't exist).
.................................................
.................................................
. fontspec info: "defining-font"
. 
. Font family 'AsanaMath(1)' created for font 'Asana Math' with options
. [BoldItalicFont={},ItalicFont={},Script=Math,SizeFeatures={{Size=14.4-},{Size
=10-14.4,Font=Asana
. Math,Style=MathScript},{Size=-10,Font=Asana
. Math,Style=MathScriptScript}},Scale=1.00001,FontAdjustment={\fontdimen
. 8\font =10.44pt\relax \relax \fontdimen 9\font =8.64pt\relax \relax
. \fontdimen 10\font =0.72pt\relax \relax \fontdimen 11\font =10.224pt\relax
. \relax \fontdimen 12\font =7.2pt\relax \relax \fontdimen 13\font
. =5.1984pt\relax \relax \fontdimen 14\font =5.1984pt\relax \relax \fontdimen
. 15\font =4.2624pt\relax \relax \fontdimen 16\font =3.024pt\relax \relax
. \fontdimen 17\font =3.024pt\relax \relax \fontdimen 18\font =3.312pt\relax
. \relax \fontdimen 19\font =3.1968pt\relax \relax \fontdimen 20\font
. =0pt\relax \fontdimen 21\font =0pt\relax \fontdimen 22\font =3.9024pt\relax
. \relax }].
. 
. This font family consists of the following NFSS series/shapes:
. - 'normal' (m/n) with NFSS spec.: <14.4->s*[1.00001]"Asana
. Math/OT:script=math;language=DFLT;"<10-14.4>s*[1.00001]"Asana
. Math/OT:script=math;language=DFLT;+ssty=0;"<-10>s*[1.00001]"Asana
. Math/OT:script=math;language=DFLT;+ssty=1;"
. - 'small caps'  (m/sc) with NFSS spec.: 
. and font adjustment code:
. \fontdimen 8\font =10.44pt\relax \relax \fontdimen 9\font =8.64pt\relax
. \relax \fontdimen 10\font =0.72pt\relax \relax \fontdimen 11\font
. =10.224pt\relax \relax \fontdimen 12\font =7.2pt\relax \relax \fontdimen
. 13\font =5.1984pt\relax \relax \fontdimen 14\font =5.1984pt\relax \relax
. \fontdimen 15\font =4.2624pt\relax \relax \fontdimen 16\font =3.024pt\relax
. \relax \fontdimen 17\font =3.024pt\relax \relax \fontdimen 18\font
. =3.312pt\relax \relax \fontdimen 19\font =3.1968pt\relax \relax \fontdimen
. 20\font =0pt\relax \fontdimen 21\font =0pt\relax \fontdimen 22\font
. =3.9024pt\relax \relax 
.................................................
LaTeX Font Info:    Encoding `OMS' has changed to `EU1' for symbol font
(Font)              `symbols' in the math version `normal' on input line 40.
LaTeX Font Info:    Overwriting symbol font `symbols' in version `normal'
(Font)                  OMS/cmsy/m/n --> EU1/AsanaMath(1)/m/n on input line 40.

LaTeX Font Info:    Encoding `OMS' has changed to `EU1' for symbol font
(Font)              `symbols' in the math version `bold' on input line 40.
LaTeX Font Info:    Overwriting symbol font `symbols' in version `bold'
(Font)                  OMS/cmsy/b/n --> EU1/AsanaMath(1)/bx/n on input line 40
.
.................................................
. fontspec info: "no-font-shape"
. 
. Could not resolve font Asana Math/B (it probably doesn't exist).
.................................................
.................................................
. fontspec info: "defining-font"
. 
. Font family 'AsanaMath(2)' created for font 'Asana Math' with options
. [BoldItalicFont={},ItalicFont={},Script=Math,SizeFeatures={{Size=14.4-},{Size
=10-14.4,Font=Asana
. Math,Style=MathScript},{Size=-10,Font=Asana
. Math,Style=MathScriptScript}},Scale=0.99999,FontAdjustment={\fontdimen
. 8\font =1.008pt\relax \relax \fontdimen 9\font =1.44pt\relax \relax
. \fontdimen 10\font =1.728pt\relax \relax \fontdimen 11\font =3.6pt\relax
. \relax \fontdimen 12\font =8.928pt\relax \relax \fontdimen 13\font
. =0pt\relax }].
. 
. This font family consists of the following NFSS series/shapes:
. - 'normal' (m/n) with NFSS spec.: <14.4->s*[0.99999]"Asana
. Math/OT:script=math;language=DFLT;"<10-14.4>s*[0.99999]"Asana
. Math/OT:script=math;language=DFLT;+ssty=0;"<-10>s*[0.99999]"Asana
. Math/OT:script=math;language=DFLT;+ssty=1;"
. - 'small caps'  (m/sc) with NFSS spec.: 
. and font adjustment code:
. \fontdimen 8\font =1.008pt\relax \relax \fontdimen 9\font =1.44pt\relax
. \relax \fontdimen 10\font =1.728pt\relax \relax \fontdimen 11\font
. =3.6pt\relax \relax \fontdimen 12\font =8.928pt\relax \relax \fontdimen
. 13\font =0pt\relax 
.................................................
LaTeX Font Info:    Encoding `OMX' has changed to `EU1' for symbol font
(Font)              `largesymbols' in the math version `normal' on input line 4
0.
LaTeX Font Info:    Overwriting symbol font `largesymbols' in version `normal'
(Font)                  OMX/cmex/m/n --> EU1/AsanaMath(2)/m/n on input line 40.

LaTeX Font Info:    Encoding `OMX' has changed to `EU1' for symbol font
(Font)              `largesymbols' in the math version `bold' on input line 40.

LaTeX Font Info:    Overwriting symbol font `largesymbols' in version `bold'
(Font)                  OMX/cmex/m/n --> EU1/AsanaMath(2)/bx/n on input line 40
.
 (/usr/share/texlive/texmf-dist/tex/latex/polyglossia/polyglossia.sty
Package: polyglossia 2015/08/06 v1.42.0 Alternative to Babel for XeLaTeX and Lu
aLaTeX

(/usr/share/texlive/texmf-dist/tex/latex/makecmds/makecmds.sty
Package: makecmds 2009/09/03 v1.0a extra command making commands
)
(/usr/share/texlive/texmf-dist/tex/latex/xkeyval/xkeyval.sty
Package: xkeyval 2014/12/03 v2.7a package option processing (HA)

(/usr/share/texlive/texmf-dist/tex/generic/xkeyval/xkeyval.tex
(/usr/share/texlive/texmf-dist/tex/generic/xkeyval/xkvutils.tex
\XKV@toks=\toks28
\XKV@tempa@toks=\toks29
)
\XKV@depth=\count144
File: xkeyval.tex 2014/12/03 v2.7a key=value parser (HA)
))
\xpg@normalclass=\XeTeXcharclass1
)
(/usr/share/texlive/texmf-dist/tex/latex/polyglossia/gloss-russian.ldf
File: gloss-russian.ldf polyglossia: module for russian

(/usr/share/texlive/texmf-dist/tex/latex/polyglossia/babelsh.def
File: babelsh.def 2013/04/30 Babel common definitions for shorthands
 Taken verbatim from babel.def (2013/04/15 v3.9e)
)
Package polyglossia Info: Making " an active character on input line 41.
)
Package polyglossia Info: Default language is russian.

(/usr/share/texlive/texmf-dist/tex/latex/polyglossia/gloss-english.ldf
File: gloss-english.ldf polyglossia: module for english
)
(/usr/share/texlive/texmf-dist/tex/latex/minted/minted.sty
Package: minted 2015/09/09 v2.1 Yet another Pygments shim for LaTeX

(/usr/share/texlive/texmf-dist/tex/latex/oberdiek/kvoptions.sty
Package: kvoptions 2011/06/30 v3.11 Key value format for package options (HO)

(/usr/share/texlive/texmf-dist/tex/generic/oberdiek/kvsetkeys.sty
Package: kvsetkeys 2012/04/25 v1.16 Key value parser (HO)

(/usr/share/texlive/texmf-dist/tex/generic/oberdiek/etexcmds.sty
Package: etexcmds 2011/02/16 v1.5 Avoid name clashes with e-TeX commands (HO)
Package etexcmds Info: Could not find \expanded.
(etexcmds)             That can mean that you are not using pdfTeX 1.50 or
(etexcmds)             that some package has redefined \expanded.
(etexcmds)             In the latter case, load this package earlier.
)))
(/usr/share/texlive/texmf-dist/tex/latex/fancyvrb/fancyvrb.sty
Package: fancyvrb 2008/02/07

Style option: `fancyvrb' v2.7a, with DG/SPQR fixes, and firstline=lastline fix 
<2008/02/07> (tvz)
\FV@CodeLineNo=\count145
\FV@InFile=\read2
\FV@TabBox=\box43
\c@FancyVerbLine=\count146
\FV@StepNumber=\count147
\FV@OutFile=\write3
) (/usr/share/texlive/texmf-dist/tex/latex/float/float.sty
Package: float 2001/11/08 v1.3d Float enhancements (AL)
\c@float@type=\count148
\float@exts=\toks30
\float@box=\box44
\@float@everytoks=\toks31
\@floatcapt=\box45
)
(/usr/share/texlive/texmf-dist/tex/latex/base/ifthen.sty
Package: ifthen 2014/09/29 v1.1c Standard LaTeX ifthen package (DPC)
)
(/usr/share/texlive/texmf-dist/tex/latex/ifplatform/ifplatform.sty
Package: ifplatform 2010/10/22 v0.4 Testing for the operating system

(/usr/share/texlive/texmf-dist/tex/generic/oberdiek/pdftexcmds.sty
Package: pdftexcmds 2011/11/29 v0.20 Utility functions of pdfTeX for LuaTeX (HO
)

(/usr/share/texlive/texmf-dist/tex/generic/oberdiek/ifpdf.sty
Package: ifpdf 2011/01/30 v2.3 Provides the ifpdf switch (HO)
Package ifpdf Info: pdfTeX in PDF mode is not detected.
)
Package pdftexcmds Info: LuaTeX not detected.
Package pdftexcmds Info: pdfTeX >= 1.30 not detected.
Package pdftexcmds Info: \pdf@primitive is available.
Package pdftexcmds Info: \pdf@ifprimitive is available.
Package pdftexcmds Info: \pdfdraftmode not found.
)
(/usr/share/texlive/texmf-dist/tex/generic/oberdiek/catchfile.sty
Package: catchfile 2011/03/01 v1.6 Catch the contents of a file (HO)
)
runsystem(uname -s > ""NEW NEW".w18")...executed.



! Package catchfile Error: File `"NEW NEW".w18' not found.

See the catchfile package documentation for explanation.
Type  H <return>  for immediate help.
 ...                                              
                                                  
l.93     \CatchFileDef\@tempa{\ip@file}{}
                                         
Try typing  <return>  to proceed.
If that doesn't work, type  X <return>  to quit.

runsystem(rm -- ""NEW NEW".w18")...executed.

! Argument of \zap@space has an extra }.
<inserted text> 
                \par 
l.95 ...empa{\expandafter\zap@space\@tempa\@empty}
                                                  
I've run across a `}' that doesn't seem to match anything.
For example, `\def\a#1{...}' and `\a}' would produce
this error. If you simply proceed now, the `\par' that
I've just inserted will cause me to report a runaway
argument that might be the root of the problem. But if
your `}' was spurious, just type `2' and it will go away.

Runaway argument?
\@empty 
! Paragraph ended before \zap@space was complete.
<to be read again> 
                   \par 
l.95 ...empa{\expandafter\zap@space\@tempa\@empty}
                                                  
I suspect you've forgotten a `}', causing me to apply this
control sequence to too much text. How can we recover?
My plan is to forget the whole thing and hope for the best.

Runaway argument?
! Paragraph ended before \ip@only@six was complete.
<to be read again> 
                   \par 
l.105 ...ef\@tempc{\expandafter\ip@only@six\@tempa
                                                  ------\@nil}
I suspect you've forgotten a `}', causing me to apply this
control sequence to too much text. How can we recover?
My plan is to forget the whole thing and hope for the best.

! Undefined control sequence.
l.105 ...expandafter\ip@only@six\@tempa------\@nil
                                                  }
The control sequence at the end of the top line
of your error message was never \def'ed. If you have
misspelled it (e.g., `\hobx'), type `I' and the correct
spelling (e.g., `I\hbox'). Otherwise just continue,
and I'll forget about whatever was undefined.

) (/usr/share/texlive/texmf-dist/tex/generic/xstring/xstring.sty
(/usr/share/texlive/texmf-dist/tex/generic/xstring/xstring.tex
\@xs@message=\write4
\integerpart=\count149
\decimalpart=\count150
)
Package: xstring 2013/10/13  v1.7c  String manipulations (C Tellechea)
)
(/usr/share/texlive/texmf-dist/tex/latex/lineno/lineno.sty
Package: lineno 2005/11/02 line numbers on paragraphs v4.41
Invalid UTF-8 byte or sequence at line 296 replaced by U+FFFD.
\linenopenalty=\count151
\output=\toks32
\linenoprevgraf=\count152
\linenumbersep=\dimen158
\linenumberwidth=\dimen159
\c@linenumber=\count153
\c@pagewiselinenumber=\count154
\c@LN@truepage=\count155
\c@internallinenumber=\count156
\c@internallinenumbers=\count157
\quotelinenumbersep=\dimen160
\bframerule=\dimen161
\bframesep=\dimen162
\bframebox=\box46
LaTeX Info: Redefining \\ on input line 3056.
)
\minted@appexistsfile=\read3
\FV@BreakIndent=\dimen163
\FV@BreakSymbolSepLeft=\dimen164
\FV@BreakSymbolSepRight=\dimen165
\FV@BreakSymbolIndentLeft=\dimen166
LaTeX Font Info:    Try loading font information for EU1+lmtt on input line 688
.

(/usr/share/texlive/texmf-dist/tex/latex/euenc/eu1lmtt.fd
File: eu1lmtt.fd 2009/10/30 v1.6 Font defs for Latin Modern
)
\FV@BreakSymbolIndentRight=\dimen167
\c@FancyVerbLineBreakLast=\count158
\FV@LineBox=\box47
\FV@LineIndentBox=\box48
\minted@bgbox=\box49
\minted@code=\write5
\c@minted@FancyVerbLineTemp=\count159
\@float@every@listing=\toks33
\c@listing=\count160
)
runsystem(mkdir -p "_minted-NEW_NEW")...executed.

runsystem(pygmentize -S default -f latex -P commandprefix=PYGdefault > "_minted
-NEW_NEW/default.pygstyle")...executed.


(./_minted-NEW_NEW/default.pygstyle)
(/usr/share/texlive/texmf-dist/tex/latex/wrapfig/wrapfig.sty
\wrapoverhang=\dimen168
\WF@size=\dimen169
\c@WF@wrappedlines=\count161
\WF@box=\box50
\WF@everypar=\toks34
Package: wrapfig 2003/01/31  v 3.6
)
(/usr/share/texlive/texmf-dist/tex/latex/tools/tabularx.sty
Package: tabularx 2014/10/28 v2.10 `tabularx' package (DPC)

(/usr/share/texlive/texmf-dist/tex/latex/tools/array.sty
Package: array 2014/10/28 v2.4c Tabular extension package (FMi)
\col@sep=\dimen170
\extrarowheight=\dimen171
\NC@list=\toks35
\extratabsurround=\skip59
\backup@length=\skip60
)
\TX@col@width=\dimen172
\TX@old@table=\dimen173
\TX@old@col=\dimen174
\TX@target=\dimen175
\TX@delta=\dimen176
\TX@cols=\count162
\TX@ftn=\toks36
)
(/usr/share/texlive/texmf-dist/tex/latex/multirow/multirow.sty
\bigstrutjot=\dimen177
)
(/usr/share/texlive/texmf-dist/tex/latex/tools/delarray.sty
Package: delarray 2014/10/28 v1.01 array delimiter package (DPC)
)
(/usr/share/texlive/texmf-dist/tex/latex/rotating/rotating.sty
Package: rotating 2009/03/28 v2.16a rotated objects in LaTeX
\c@r@tfl@t=\count163
\rotFPtop=\skip61
\rotFPbot=\skip62
\rot@float@box=\box51
\rot@mess@toks=\toks37
)
(/usr/share/texlive/texmf-dist/tex/latex/graphics/lscape.sty
Package: lscape 2000/10/22 v3.01 Landscape Pages (DPC)
)
(/usr/share/texlive/texmf-dist/tex/latex/setspace/setspace.sty
Package: setspace 2011/12/19 v6.7a set line spacing
)
(/usr/share/texlive/texmf-dist/tex/latex/graphics/color.sty
Package: color 2016/01/03 v1.1b Standard LaTeX Color (DPC)

(/usr/share/texlive/texmf-dist/tex/latex/latexconfig/color.cfg
File: color.cfg 2007/01/18 v1.5 color configuration of teTeX/TeXLive
)
Package color Info: Driver file: xetex.def on input line 143.
)
(/usr/share/texlive/texmf-dist/tex/latex/tools/indentfirst.sty
Package: indentfirst 1995/11/23 v1.03 Indent first paragraph (DPC)
)
(/usr/share/texlive/texmf-dist/tex/latex/geometry/geometry.sty
Package: geometry 2010/09/12 v5.6 Page Geometry

(/usr/share/texlive/texmf-dist/tex/generic/oberdiek/ifvtex.sty
Package: ifvtex 2010/03/01 v1.5 Detect VTeX and its facilities (HO)
Package ifvtex Info: VTeX not detected.
)
\Gm@cnth=\count164
\Gm@cntv=\count165
\c@Gm@tempcnt=\count166
\Gm@bindingoffset=\dimen178
\Gm@wd@mp=\dimen179
\Gm@odd@mp=\dimen180
\Gm@even@mp=\dimen181
\Gm@layoutwidth=\dimen182
\Gm@layoutheight=\dimen183
\Gm@layouthoffset=\dimen184
\Gm@layoutvoffset=\dimen185
\Gm@dimlist=\toks38
)
(/usr/share/texlive/texmf-dist/tex/latex/fancyhdr/fancyhdr.sty
\fancy@headwidth=\skip63
\f@ncyO@elh=\skip64
\f@ncyO@erh=\skip65
\f@ncyO@olh=\skip66
\f@ncyO@orh=\skip67
\f@ncyO@elf=\skip68
\f@ncyO@erf=\skip69
\f@ncyO@olf=\skip70
\f@ncyO@orf=\skip71
)
(/usr/share/texlive/texmf-dist/tex/latex/titlesec/titlesec.sty
Package: titlesec 2016/03/15 v2.10.1 Sectioning titles
\ttl@box=\box52
\beforetitleunit=\skip72
\aftertitleunit=\skip73
\ttl@plus=\dimen186
\ttl@minus=\dimen187
\ttl@toksa=\toks39
\titlewidth=\dimen188
\titlewidthlast=\dimen189
\titlewidthfirst=\dimen190
)
(/usr/share/texlive/texmf-dist/tex/latex/titlesec/titletoc.sty
Package: titletoc 2011/12/15 v1.6 TOC entries
\ttl@leftsep=\dimen191
)
(/usr/share/texlive/texmf-dist/tex/latex/tocloft/tocloft.sty
Package: tocloft 2013/05/02 v2.3f parameterised ToC, etc., typesetting
Package tocloft Info: The document has chapter divisions on input line 44.
\cftparskip=\skip74
\cftbeforetoctitleskip=\skip75
\cftaftertoctitleskip=\skip76
\cftbeforepartskip=\skip77
\cftpartnumwidth=\skip78
\cftpartindent=\skip79
\cftbeforechapskip=\skip80
\cftchapindent=\skip81
\cftchapnumwidth=\skip82
\cftbeforesecskip=\skip83
\cftsecindent=\skip84
\cftsecnumwidth=\skip85
\cftbeforesubsecskip=\skip86
\cftsubsecindent=\skip87
\cftsubsecnumwidth=\skip88
\cftbeforesubsubsecskip=\skip89
\cftsubsubsecindent=\skip90
\cftsubsubsecnumwidth=\skip91
\cftbeforeparaskip=\skip92
\cftparaindent=\skip93
\cftparanumwidth=\skip94
\cftbeforesubparaskip=\skip95
\cftsubparaindent=\skip96
\cftsubparanumwidth=\skip97
\cftbeforeloftitleskip=\skip98
\cftafterloftitleskip=\skip99
\cftbeforefigskip=\skip100
\cftfigindent=\skip101
\cftfignumwidth=\skip102
\c@lofdepth=\count167
\c@lotdepth=\count168
\cftbeforelottitleskip=\skip103
\cftafterlottitleskip=\skip104
\cftbeforetabskip=\skip105
\cfttabindent=\skip106
\cfttabnumwidth=\skip107
)
(/usr/share/texlive/texmf-dist/tex/latex/caption/caption.sty
Package: caption 2016/02/21 v3.3-144 Customizing captions (AR)

(/usr/share/texlive/texmf-dist/tex/latex/caption/caption3.sty
Package: caption3 2016/02/04 v1.7-139 caption3 kernel (AR)
Package caption3 Info: TeX engine: e-TeX on input line 67.
\captionmargin=\dimen192
\captionmargin@=\dimen193
\captionwidth=\dimen194
\caption@tempdima=\dimen195
\caption@indent=\dimen196
\caption@parindent=\dimen197
\caption@hangindent=\dimen198
)
\c@ContinuedFloat=\count169
Package caption Info: float package is loaded.
Package caption Info: rotating package is loaded.
Package caption Info: wrapfig package is loaded.
)
(/usr/share/texlive/texmf-dist/tex/latex/caption/subcaption.sty
Package: subcaption 2016/02/20 v1.1-142 Sub-captions (AR)
\c@subfigure=\count170
\c@subtable=\count171
)
(/usr/share/texlive/texmf-dist/tex/latex/floatrow/fr-longtable.sty
Package: fr-longtable 2007/11/28 v0.1b (beta) floatrow: additions for longtable


(/usr/share/texlive/texmf-dist/tex/latex/tools/longtable.sty
Package: longtable 2014/10/28 v4.11 Multi-page Table package (DPC)
\LTleft=\skip108
\LTright=\skip109
\LTpre=\skip110
\LTpost=\skip111
\LTchunksize=\count172
\LTcapwidth=\dimen199
\LT@head=\box53
\LT@firsthead=\box54
\LT@foot=\box55
\LT@lastfoot=\box56
\LT@cols=\count173
\LT@rows=\count174
\c@LT@tables=\count175
\c@LT@chunks=\count176
\LT@p@ftn=\toks40
)
\flrow@LT@lasthead=\box57
\flrow@LT@prelastfoot=\box58
\c@FBLTpage=\count177
)
(/usr/share/texlive/texmf-dist/tex/latex/enumitem/enumitem.sty
Package: enumitem 2011/09/28 v3.5.2 Customized lists
\labelindent=\skip112
Normal \dimen register pool exhausted, switching to extended pool.
\enit@outerparindent=\dimen256
\enit@toks=\toks41
\enit@inbox=\box59
\enitdp@description=\count178
)
\c@Notes1=\count179
\c@notes=\count180

(/usr/share/texlive/texmf-dist/tex/latex/colortbl/colortbl.sty
Package: colortbl 2012/02/13 v1.0a Color table columns (DPC)
\everycr=\toks42
\minrowclearance=\skip113
)
(/usr/share/texlive/texmf-dist/tex/latex/todonotes/todonotes.sty
Package: todonotes 2015/07/09 .dtx Todonotes source and documentation.
Package: todonotes 2012/07/25

(/usr/share/texlive/texmf-dist/tex/latex/xcolor/xcolor.sty
Package: xcolor 2007/01/21 v2.11 LaTeX color extensions (UK)

(/usr/share/texlive/texmf-dist/tex/latex/latexconfig/color.cfg
File: color.cfg 2007/01/18 v1.5 color configuration of teTeX/TeXLive
)
Package xcolor Info: Driver file: xetex.def on input line 225.
LaTeX Info: Redefining \color on input line 702.
Package xcolor Info: Model `cmy' substituted by `cmy0' on input line 1337.
Package xcolor Info: Model `RGB' extended on input line 1353.
Package xcolor Info: Model `HTML' substituted by `rgb' on input line 1355.
Package xcolor Info: Model `Hsb' substituted by `hsb' on input line 1356.
Package xcolor Info: Model `tHsb' substituted by `hsb' on input line 1357.
Package xcolor Info: Model `HSB' substituted by `hsb' on input line 1358.
Package xcolor Info: Model `Gray' substituted by `gray' on input line 1359.
Package xcolor Info: Model `wave' substituted by `hsb' on input line 1360.
)
(/usr/share/texlive/texmf-dist/tex/latex/pgf/frontendlayer/tikz.sty
(/usr/share/texlive/texmf-dist/tex/latex/pgf/basiclayer/pgf.sty
(/usr/share/texlive/texmf-dist/tex/latex/pgf/utilities/pgfrcs.sty
(/usr/share/texlive/texmf-dist/tex/generic/pgf/utilities/pgfutil-common.tex
\pgfutil@everybye=\toks43
\pgfutil@tempdima=\dimen257
\pgfutil@tempdimb=\dimen258

(/usr/share/texlive/texmf-dist/tex/generic/pgf/utilities/pgfutil-common-lists.t
ex)) (/usr/share/texlive/texmf-dist/tex/generic/pgf/utilities/pgfutil-latex.def
\pgfutil@abb=\box60
(/usr/share/texlive/texmf-dist/tex/latex/ms/everyshi.sty
Package: everyshi 2001/05/15 v3.00 EveryShipout Package (MS)
))
(/usr/share/texlive/texmf-dist/tex/generic/pgf/utilities/pgfrcs.code.tex
Package: pgfrcs 2015/08/07 v3.0.1a (rcs-revision 1.31)
))
Package: pgf 2015/08/07 v3.0.1a (rcs-revision 1.15)

(/usr/share/texlive/texmf-dist/tex/latex/pgf/basiclayer/pgfcore.sty
(/usr/share/texlive/texmf-dist/tex/latex/pgf/systemlayer/pgfsys.sty
(/usr/share/texlive/texmf-dist/tex/generic/pgf/systemlayer/pgfsys.code.tex
Package: pgfsys 2014/07/09 v3.0.1a (rcs-revision 1.48)

(/usr/share/texlive/texmf-dist/tex/generic/pgf/utilities/pgfkeys.code.tex
\pgfkeys@pathtoks=\toks44
\pgfkeys@temptoks=\toks45

(/usr/share/texlive/texmf-dist/tex/generic/pgf/utilities/pgfkeysfiltered.code.t
ex
\pgfkeys@tmptoks=\toks46
))
\pgf@x=\dimen259
\pgf@y=\dimen260
\pgf@xa=\dimen261
\pgf@ya=\dimen262
\pgf@xb=\dimen263
\pgf@yb=\dimen264
\pgf@xc=\dimen265
\pgf@yc=\dimen266
\w@pgf@writea=\write6
\r@pgf@reada=\read4
\c@pgf@counta=\count181
\c@pgf@countb=\count182
\c@pgf@countc=\count183
\c@pgf@countd=\count184
\t@pgf@toka=\toks47
\t@pgf@tokb=\toks48
\t@pgf@tokc=\toks49
 (/usr/share/texlive/texmf-dist/tex/generic/pgf/systemlayer/pgf.cfg
File: pgf.cfg 2008/05/14  (rcs-revision 1.7)
)
Driver file for pgf: pgfsys-xetex.def

(/usr/share/texlive/texmf-dist/tex/generic/pgf/systemlayer/pgfsys-xetex.def
File: pgfsys-xetex.def 2014/07/09  (rcs-revision 1.11)

(/usr/share/texlive/texmf-dist/tex/generic/pgf/systemlayer/pgfsys-dvipdfmx.def
File: pgfsys-dvipdfmx.def 2014/07/09  (rcs-revision 1.14)

(/usr/share/texlive/texmf-dist/tex/generic/pgf/systemlayer/pgfsys-common-pdf.de
f
File: pgfsys-common-pdf.def 2013/10/10  (rcs-revision 1.13)
)
\pgfsys@objnum=\count185
)))
(/usr/share/texlive/texmf-dist/tex/generic/pgf/systemlayer/pgfsyssoftpath.code.
tex
File: pgfsyssoftpath.code.tex 2013/09/09  (rcs-revision 1.9)
\pgfsyssoftpath@smallbuffer@items=\count186
\pgfsyssoftpath@bigbuffer@items=\count187
)
(/usr/share/texlive/texmf-dist/tex/generic/pgf/systemlayer/pgfsysprotocol.code.
tex
File: pgfsysprotocol.code.tex 2006/10/16  (rcs-revision 1.4)
))
(/usr/share/texlive/texmf-dist/tex/generic/pgf/basiclayer/pgfcore.code.tex
Package: pgfcore 2010/04/11 v3.0.1a (rcs-revision 1.7)

(/usr/share/texlive/texmf-dist/tex/generic/pgf/math/pgfmath.code.tex
(/usr/share/texlive/texmf-dist/tex/generic/pgf/math/pgfmathcalc.code.tex
(/usr/share/texlive/texmf-dist/tex/generic/pgf/math/pgfmathutil.code.tex)
(/usr/share/texlive/texmf-dist/tex/generic/pgf/math/pgfmathparser.code.tex
\pgfmath@dimen=\dimen267
\pgfmath@count=\count188
\pgfmath@box=\box61
\pgfmath@toks=\toks50
\pgfmath@stack@operand=\toks51
\pgfmath@stack@operation=\toks52
)
(/usr/share/texlive/texmf-dist/tex/generic/pgf/math/pgfmathfunctions.code.tex
(/usr/share/texlive/texmf-dist/tex/generic/pgf/math/pgfmathfunctions.basic.code
.tex)
(/usr/share/texlive/texmf-dist/tex/generic/pgf/math/pgfmathfunctions.trigonomet
ric.code.tex)
(/usr/share/texlive/texmf-dist/tex/generic/pgf/math/pgfmathfunctions.random.cod
e.tex)
(/usr/share/texlive/texmf-dist/tex/generic/pgf/math/pgfmathfunctions.comparison
.code.tex)
(/usr/share/texlive/texmf-dist/tex/generic/pgf/math/pgfmathfunctions.base.code.
tex)
(/usr/share/texlive/texmf-dist/tex/generic/pgf/math/pgfmathfunctions.round.code
.tex)
(/usr/share/texlive/texmf-dist/tex/generic/pgf/math/pgfmathfunctions.misc.code.
tex)
(/usr/share/texlive/texmf-dist/tex/generic/pgf/math/pgfmathfunctions.integerari
thmetics.code.tex)))
(/usr/share/texlive/texmf-dist/tex/generic/pgf/math/pgfmathfloat.code.tex
\c@pgfmathroundto@lastzeros=\count189
))
(/usr/share/texlive/texmf-dist/tex/generic/pgf/basiclayer/pgfcorepoints.code.te
x
File: pgfcorepoints.code.tex 2013/10/07  (rcs-revision 1.27)
\pgf@picminx=\dimen268
\pgf@picmaxx=\dimen269
\pgf@picminy=\dimen270
\pgf@picmaxy=\dimen271
\pgf@pathminx=\dimen272
\pgf@pathmaxx=\dimen273
\pgf@pathminy=\dimen274
\pgf@pathmaxy=\dimen275
\pgf@xx=\dimen276
\pgf@xy=\dimen277
\pgf@yx=\dimen278
\pgf@yy=\dimen279
\pgf@zx=\dimen280
\pgf@zy=\dimen281
)
(/usr/share/texlive/texmf-dist/tex/generic/pgf/basiclayer/pgfcorepathconstruct.
code.tex
File: pgfcorepathconstruct.code.tex 2013/10/07  (rcs-revision 1.29)
\pgf@path@lastx=\dimen282
\pgf@path@lasty=\dimen283
)
(/usr/share/texlive/texmf-dist/tex/generic/pgf/basiclayer/pgfcorepathusage.code
.tex
File: pgfcorepathusage.code.tex 2014/11/02  (rcs-revision 1.24)
\pgf@shorten@end@additional=\dimen284
\pgf@shorten@start@additional=\dimen285
)
(/usr/share/texlive/texmf-dist/tex/generic/pgf/basiclayer/pgfcorescopes.code.te
x
File: pgfcorescopes.code.tex 2015/05/08  (rcs-revision 1.46)
\pgfpic=\box62
\pgf@hbox=\box63
\pgf@layerbox@main=\box64
\pgf@picture@serial@count=\count190
)
(/usr/share/texlive/texmf-dist/tex/generic/pgf/basiclayer/pgfcoregraphicstate.c
ode.tex
File: pgfcoregraphicstate.code.tex 2014/11/02  (rcs-revision 1.12)
\pgflinewidth=\dimen286
)
(/usr/share/texlive/texmf-dist/tex/generic/pgf/basiclayer/pgfcoretransformation
s.code.tex
File: pgfcoretransformations.code.tex 2015/08/07  (rcs-revision 1.20)
\pgf@pt@x=\dimen287
\pgf@pt@y=\dimen288
\pgf@pt@temp=\dimen289
)
(/usr/share/texlive/texmf-dist/tex/generic/pgf/basiclayer/pgfcorequick.code.tex
File: pgfcorequick.code.tex 2008/10/09  (rcs-revision 1.3)
)
(/usr/share/texlive/texmf-dist/tex/generic/pgf/basiclayer/pgfcoreobjects.code.t
ex
File: pgfcoreobjects.code.tex 2006/10/11  (rcs-revision 1.2)
)
(/usr/share/texlive/texmf-dist/tex/generic/pgf/basiclayer/pgfcorepathprocessing
.code.tex
File: pgfcorepathprocessing.code.tex 2013/09/09  (rcs-revision 1.9)
)
(/usr/share/texlive/texmf-dist/tex/generic/pgf/basiclayer/pgfcorearrows.code.te
x
File: pgfcorearrows.code.tex 2015/05/14  (rcs-revision 1.43)
\pgfarrowsep=\dimen290
)
(/usr/share/texlive/texmf-dist/tex/generic/pgf/basiclayer/pgfcoreshade.code.tex
File: pgfcoreshade.code.tex 2013/07/15  (rcs-revision 1.15)
\pgf@max=\dimen291
\pgf@sys@shading@range@num=\count191
)
(/usr/share/texlive/texmf-dist/tex/generic/pgf/basiclayer/pgfcoreimage.code.tex
File: pgfcoreimage.code.tex 2013/07/15  (rcs-revision 1.18)

(/usr/share/texlive/texmf-dist/tex/generic/pgf/basiclayer/pgfcoreexternal.code.
tex
File: pgfcoreexternal.code.tex 2014/07/09  (rcs-revision 1.21)
\pgfexternal@startupbox=\box65
))
(/usr/share/texlive/texmf-dist/tex/generic/pgf/basiclayer/pgfcorelayers.code.te
x
File: pgfcorelayers.code.tex 2013/07/18  (rcs-revision 1.7)
)
(/usr/share/texlive/texmf-dist/tex/generic/pgf/basiclayer/pgfcoretransparency.c
ode.tex
File: pgfcoretransparency.code.tex 2013/09/30  (rcs-revision 1.5)
)
(/usr/share/texlive/texmf-dist/tex/generic/pgf/basiclayer/pgfcorepatterns.code.
tex
File: pgfcorepatterns.code.tex 2013/11/07  (rcs-revision 1.5)
)))
(/usr/share/texlive/texmf-dist/tex/generic/pgf/modules/pgfmoduleshapes.code.tex
File: pgfmoduleshapes.code.tex 2014/03/21  (rcs-revision 1.35)
\pgfnodeparttextbox=\box66
) (/usr/share/texlive/texmf-dist/tex/generic/pgf/modules/pgfmoduleplot.code.tex
File: pgfmoduleplot.code.tex 2015/08/03  (rcs-revision 1.13)
)
(/usr/share/texlive/texmf-dist/tex/latex/pgf/compatibility/pgfcomp-version-0-65
.sty
Package: pgfcomp-version-0-65 2007/07/03 v3.0.1a (rcs-revision 1.7)
\pgf@nodesepstart=\dimen292
\pgf@nodesepend=\dimen293
)
(/usr/share/texlive/texmf-dist/tex/latex/pgf/compatibility/pgfcomp-version-1-18
.sty
Package: pgfcomp-version-1-18 2007/07/23 v3.0.1a (rcs-revision 1.1)
)) (/usr/share/texlive/texmf-dist/tex/latex/pgf/utilities/pgffor.sty
(/usr/share/texlive/texmf-dist/tex/latex/pgf/utilities/pgfkeys.sty
(/usr/share/texlive/texmf-dist/tex/generic/pgf/utilities/pgfkeys.code.tex))
(/usr/share/texlive/texmf-dist/tex/latex/pgf/math/pgfmath.sty
(/usr/share/texlive/texmf-dist/tex/generic/pgf/math/pgfmath.code.tex))
(/usr/share/texlive/texmf-dist/tex/generic/pgf/utilities/pgffor.code.tex
Package: pgffor 2013/12/13 v3.0.1a (rcs-revision 1.25)

(/usr/share/texlive/texmf-dist/tex/generic/pgf/math/pgfmath.code.tex)
\pgffor@iter=\dimen294
\pgffor@skip=\dimen295
\pgffor@stack=\toks53
\pgffor@toks=\toks54
))
(/usr/share/texlive/texmf-dist/tex/generic/pgf/frontendlayer/tikz/tikz.code.tex
Package: tikz 2015/08/07 v3.0.1a (rcs-revision 1.151)

(/usr/share/texlive/texmf-dist/tex/generic/pgf/libraries/pgflibraryplothandlers
.code.tex
File: pgflibraryplothandlers.code.tex 2013/08/31 v3.0.1a (rcs-revision 1.20)
\pgf@plot@mark@count=\count192
\pgfplotmarksize=\dimen296
)
\tikz@lastx=\dimen297
\tikz@lasty=\dimen298
\tikz@lastxsaved=\dimen299
\tikz@lastysaved=\dimen300
\tikzleveldistance=\dimen301
\tikzsiblingdistance=\dimen302
\tikz@figbox=\box67
\tikz@figbox@bg=\box68
\tikz@tempbox=\box69
\tikz@tempbox@bg=\box70
\tikztreelevel=\count193
\tikznumberofchildren=\count194
\tikznumberofcurrentchild=\count195
\tikz@fig@count=\count196

(/usr/share/texlive/texmf-dist/tex/generic/pgf/modules/pgfmodulematrix.code.tex
File: pgfmodulematrix.code.tex 2013/09/17  (rcs-revision 1.8)
\pgfmatrixcurrentrow=\count197
\pgfmatrixcurrentcolumn=\count198
\pgf@matrix@numberofcolumns=\count199
)
Normal \count register pool exhausted, switching to extended pool.
\tikz@expandcount=\count277

(/usr/share/texlive/texmf-dist/tex/generic/pgf/frontendlayer/tikz/libraries/tik
zlibrarytopaths.code.tex
File: tikzlibrarytopaths.code.tex 2008/06/17 v3.0.1a (rcs-revision 1.2)
)))
(/usr/share/texlive/texmf-dist/tex/generic/pgf/frontendlayer/tikz/libraries/tik
zlibrarypositioning.code.tex
File: tikzlibrarypositioning.code.tex 2008/10/06 v3.0.1a (rcs-revision 1.7)
)
\c@@todonotes@numberoftodonotes=\count278
)
\c@theorem=\count279
\c@corollary=\count280
\c@problem=\count281
runsystem(which "pygmentize" && touch "NEW_NEW.aex")...executed.

runsystem(rm "NEW_NEW.aex")...executed.


No file "NEW NEW".aux.
\openout1 = `"NEW NEW.aux"'.

LaTeX Font Info:    Checking defaults for OML/cmm/m/it on input line 430.
LaTeX Font Info:    ... okay on input line 430.
LaTeX Font Info:    Checking defaults for T1/cmr/m/n on input line 430.
LaTeX Font Info:    ... okay on input line 430.
LaTeX Font Info:    Checking defaults for OT1/cmr/m/n on input line 430.
LaTeX Font Info:    ... okay on input line 430.
LaTeX Font Info:    Checking defaults for OMS/cmsy/m/n on input line 430.
LaTeX Font Info:    ... okay on input line 430.
LaTeX Font Info:    Checking defaults for OMX/cmex/m/n on input line 430.
LaTeX Font Info:    ... okay on input line 430.
LaTeX Font Info:    Checking defaults for U/cmr/m/n on input line 430.
LaTeX Font Info:    ... okay on input line 430.
LaTeX Font Info:    Checking defaults for EU1/lmr/m/n on input line 430.
LaTeX Font Info:    ... okay on input line 430.
LaTeX Font Info:    Checking defaults for T3/cmr/m/n on input line 430.
LaTeX Font Info:    Try loading font information for T3+cmr on input line 430.
(/usr/share/texmf/tex/latex/tipa/t3cmr.fd
File: t3cmr.fd 2001/12/31 TIPA font definitions
)
LaTeX Font Info:    ... okay on input line 430.
LaTeX Font Info:    Checking defaults for TS1/cmr/m/n on input line 430.
LaTeX Font Info:    ... okay on input line 430.

*************************************************
* unicode-math warning: "mathtools-overbracket"
* 
* Using \overbracket and \underbracket from `mathtools' package.
* 
* Use \Uoverbracket and \Uunderbracket for original `unicode-math' definition.
*************************************************
runsystem(pygmentize -S default -f latex -P commandprefix=PYG > "_minted-NEW_NE
W/default-pyg-prefix.pygstyle")...executed.

(./_minted-NEW_NEW/default-pyg-prefix.pygstyle)
*geometry* driver: auto-detecting
*geometry* detected driver: xetex
*geometry* verbose mode - [ preamble ] result:
* driver: xetex
* paper: a4paper
* layout: <same size as paper>
* layoutoffset:(h,v)=(0.0pt,0.0pt)
* modes: includefoot 
* h-part:(L,W,R)=(99.58464pt, 469.47049pt, 28.45274pt)
* v-part:(T,H,B)=(42.67912pt, 759.6886pt, 42.67912pt)
* \paperwidth=597.50787pt
* \paperheight=845.04684pt
* \textwidth=469.47049pt
* \textheight=729.6886pt
* \oddsidemargin=27.31465pt
* \evensidemargin=27.31465pt
* \topmargin=-68.59087pt
* \headheight=28.45274pt
* \headsep=25.0pt
* \topskip=14.0pt
* \footskip=30.0pt
* \marginparwidth=15.0pt
* \marginparsep=10.0pt
* \columnsep=10.0pt
* \skip\footins=12.0pt plus 4.0pt minus 2.0pt
* \hoffset=0.0pt
* \voffset=0.0pt
* \mag=1000
* \@twocolumnfalse
* \@twosidefalse
* \@mparswitchfalse
* \@reversemarginfalse
* (1in=72.27pt=25.4mm, 1cm=28.453pt)

Package caption Info: Begin \AtBeginDocument code.
Package caption Info: longtable package is loaded.
(/usr/share/texlive/texmf-dist/tex/latex/caption/ltcaption.sty
Package: ltcaption 2013/06/09 v1.4-94 longtable captions (AR)
)
Package caption Info: End \AtBeginDocument code.

ABD: EveryShipout initializing macros
Overfull \hbox (28.73972pt too wide) in paragraph at lines 471--471
[][] 
 []

LaTeX Font Info:    Font shape `EU1/AsanaMath(1)/m/n' will be
(Font)              scaled to size 12.00018pt on input line 471.
LaTeX Font Info:    Font shape `EU1/AsanaMath(1)/m/n' will be
(Font)              scaled to size 8.00012pt on input line 471.
LaTeX Font Info:    Font shape `EU1/AsanaMath(1)/m/n' will be
(Font)              scaled to size 6.00009pt on input line 471.
LaTeX Font Info:    Font shape `EU1/AsanaMath(2)/m/n' will be
(Font)              scaled to size 11.99982pt on input line 471.
LaTeX Font Info:    Font shape `EU1/AsanaMath(2)/m/n' will be
(Font)              scaled to size 7.99988pt on input line 471.
LaTeX Font Info:    Font shape `EU1/AsanaMath(2)/m/n' will be
(Font)              scaled to size 5.99991pt on input line 471.
LaTeX Font Info:    Try loading font information for U+msa on input line 471.
(/usr/share/texlive/texmf-dist/tex/latex/amsfonts/umsa.fd
File: umsa.fd 2013/01/14 v3.01 AMS symbols A
)
LaTeX Font Info:    Try loading font information for U+msb on input line 471.

(/usr/share/texlive/texmf-dist/tex/latex/amsfonts/umsb.fd
File: umsb.fd 2013/01/14 v3.01 AMS symbols B
) [1


]
No file "NEW NEW".toc.
\tf@toc=\write7
\openout7 = `"NEW NEW.toc"'.

[2

]

LaTeX Warning: Citation `phillips1958relation' on page 3 undefined on input lin
e 570.

[3

]
Overfull \hbox (3.16296pt too wide) in paragraph at lines 584--585
[]\l_fontspec_font      -
 []


LaTeX Warning: Citation `guthrie2000open' on page 4 undefined on input line 586
.

[4] [5]
 1.
LaTeX Font Info:    Font shape `EU1/AsanaMath(1)/m/n' will be
(Font)              scaled to size 14.4002pt on input line 619.
LaTeX Font Info:    Font shape `EU1/AsanaMath(1)/m/n' will be
(Font)              scaled to size 10.47543pt on input line 619.
LaTeX Font Info:    Font shape `EU1/AsanaMath(1)/m/n' will be
(Font)              scaled to size 8.68233pt on input line 619.
LaTeX Font Info:    Font shape `EU1/AsanaMath(2)/m/n' will be
(Font)              scaled to size 14.39977pt on input line 619.
LaTeX Font Info:    Font shape `EU1/AsanaMath(2)/m/n' will be
(Font)              scaled to size 10.47511pt on input line 619.
LaTeX Font Info:    Font shape `EU1/AsanaMath(2)/m/n' will be
(Font)              scaled to size 8.68207pt on input line 619.
LaTeX Font Info:    Font shape `EU1/AsanaMath(1)/m/n' will be
(Font)              scaled to size 10.00015pt on input line 619.
LaTeX Font Info:    Font shape `EU1/AsanaMath(1)/m/n' will be
(Font)              scaled to size 7.0001pt on input line 619.
LaTeX Font Info:    Font shape `EU1/AsanaMath(1)/m/n' will be
(Font)              scaled to size 5.00008pt on input line 619.
LaTeX Font Info:    Font shape `EU1/AsanaMath(2)/m/n' will be
(Font)              scaled to size 9.99985pt on input line 619.
LaTeX Font Info:    Font shape `EU1/AsanaMath(2)/m/n' will be
(Font)              scaled to size 6.9999pt on input line 619.
LaTeX Font Info:    Font shape `EU1/AsanaMath(2)/m/n' will be
(Font)              scaled to size 4.99992pt on input line 619.

LaTeX Warning: Citation `friedman1999future' on page 6 undefined on input line 
625.

[6

]
Underfull \vbox (badness 2573) has occurred while \output is active []

 [7]
Overfull \hbox (5.88406pt too wide) in paragraph at lines 641--642
\l_fontspec_font        
-
 []

[8]
Underfull \hbox (badness 1292) in paragraph at lines 656--656
[][]\EU1/Roboto(1)/m/n/10    : http://www.businessinsider.i
n/Everyone-Is-Baffled-By-Alan-Greenspans-
 []


Overfull \hbox (20.29388pt too wide) in paragraph at lines 656--656
[][]\EU1/Roboto(1)/m/n/10     : http://www.vedo
mosti.ru/finance/articles/2014/10/06/realnyj-
 []


Underfull \vbox (badness 10000) has occurred while \output is active []

 [9]

LaTeX Warning: Citation `morris2005central' on page 10 undefined on input line 
672.


LaTeX Warning: Citation `kohn2003central' on page 10 undefined on input line 67
4.

[10]

LaTeX Warning: Citation `boivin2010has' on page 11 undefined on input line 695.


[11]

LaTeX Warning: Citation `guthrie2000open' on page 12 undefined on input line 69
7.


Overfull \hbox (4.44385pt too wide) in paragraph at lines 699--700
[]\l_fontspec_font ,      
-
 []

[12]
Overfull \hbox (1.93251pt too wide) in paragraph at lines 714--715
[]\l_fontspec_font       

 []


Underfull \vbox (badness 10000) has occurred while \output is active []

 [13]

LaTeX Warning: Citation `kydland1977rules' on page 14 undefined on input line 7
30.

[14]
Underfull \vbox (badness 1072) has occurred while \output is active []

 [15]

LaTeX Warning: Citation `barro1981positive' on page 16 undefined on input line 
777.


Overfull \hbox (4.69589pt too wide) in paragraph at lines 779--780
[]\l_fontspec_font        . 
-
 []


Underfull \vbox (badness 10000) has occurred while \output is active []

 [16]

LaTeX Warning: Citation `barro1986reputation' on page 17 undefined on input lin
e 803.

[17]
Underfull \vbox (badness 4279) has occurred while \output is active []

 [18]
Underfull \vbox (badness 10000) has occurred while \output is active []

 [19]

LaTeX Warning: Citation `palmqvist1998central' on page 20 undefined on input li
ne 881.

[20]
Overfull \hbox (8.02858pt too wide) in paragraph at lines 883--884
[]\l_fontspec_font     -
 []


Overfull \hbox (8.16925pt too wide) in paragraph at lines 899--900
[]\l_fontspec_font        
-
 []


Underfull \vbox (badness 1107) has occurred while \output is active []

 [21]
[22]

LaTeX Warning: Citation `svensson2000should' on page 23 undefined on input line
 931.


LaTeX Warning: Citation `woodford2005central' on page 23 undefined on input lin
e 931.


LaTeX Warning: Citation `hayek1945use' on page 23 undefined on input line 935.


Underfull \vbox (badness 1490) has occurred while \output is active []

 [23]

LaTeX Warning: Citation `morris2005central' on page 24 undefined on input line 
952.

[24] [25]
 2.

LaTeX Warning: Citation `cook1989effect' on page 26 undefined on input line 969
.


LaTeX Warning: Citation `thornton2004fed' on page 26 undefined on input line 97
1.

[26

]

LaTeX Warning: Citation `guthrie2000open' on page 27 undefined on input line 98
7.

[27]
Overfull \hbox (7.93019pt too wide) in paragraph at lines 991--992
[]\l_fontspec_font       -
 []


Overfull \hbox (25.55579pt too wide) in paragraph at lines 995--996
\l_fontspec_font  ,   - $[][][][][]
[][][][] []
 []


Overfull \hbox (19.89743pt too wide) in paragraph at lines 1003--1004
[]\l_fontspec_font      . 
-
 []

[28]
Missing character: There is no  in font cmmi12!
Missing character: There is no  in font cmmi12!

Overfull \hbox (2.67203pt too wide) in paragraph at lines 1015--1016
\l_fontspec_font      ,  
-
 []

[29] [30]

LaTeX Warning: Reference `VAR' on page 31 undefined on input line 1057.


LaTeX Warning: Citation `fratzscher2008communication' on page 31 undefined on i
nput line 1061.


Overfull \hbox (109.38037pt too wide) detected at line 1072
[][][] [] []
 []


Underfull \vbox (badness 10000) has occurred while \output is active []

 [31]
Overfull \hbox (2.3497pt too wide) in paragraph at lines 1080--1081
\l_fontspec_font , $[][][]$ ---  , $[][]$ --- 
-,
 []


Overfull \hbox (59.28822pt too wide) in paragraph at lines 1082--1083
[]\l_fontspec_font        $[][
][][][][][][][] [][]$.
 []

[32]

LaTeX Warning: Citation `ehrmann2007communication' on page 33 undefined on inpu
t line 1090.

[33]

LaTeX Warning: Citation `takagi2013central' on page 34 undefined on input line 
1115.

[34]

LaTeX Warning: Citation `melosi2013signaling' on page 35 undefined on input lin
e 1130.


LaTeX Warning: Citation `mizen2009can' on page 35 undefined on input line 1135.



LaTeX Warning: Citation `pesaran2000recursive' on page 35 undefined on input li
ne 1137.


LaTeX Warning: Citation `gerlach2007interest' on page 35 undefined on input lin
e 1143.

[35]
Underfull \vbox (badness 4832) has occurred while \output is active []

 [36]

LaTeX Warning: Citation `kohn2003central' on page 37 undefined on input line 11
64.


Overfull \hbox (2.50323pt too wide) in paragraph at lines 1168--1169
[]\l_fontspec_font  ,      
-
 []

[37]

LaTeX Warning: Citation `de2015brazilian' on page 38 undefined on input line 11
90.


Underfull \vbox (badness 1931) has occurred while \output is active []

 [38]

LaTeX Warning: Reference `tab1' on page 39 undefined on input line 1202.


LaTeX Warning: Reference `tab1' on page 39 undefined on input line 1210.


Underfull \hbox (badness 10000) in paragraph at lines 1218--1218
[]|\l_fontspec_font 
 []


Underfull \hbox (badness 10000) in paragraph at lines 1218--1218
\l_fontspec_font ,
 []


Underfull \hbox (badness 2111) in paragraph at lines 1218--1218
\l_fontspec_font , 1974-
 []


Overfull \hbox (3.00558pt too wide) in paragraph at lines 1218--1218
[]|\l_fontspec_font 
 []


Underfull \hbox (badness 10000) in paragraph at lines 1218--1218
\l_fontspec_font -
 []


Underfull \hbox (badness 3068) in paragraph at lines 1218--1219
[]|\l_fontspec_font   -
 []


Underfull \hbox (badness 10000) in paragraph at lines 1220--1220
[]|\l_fontspec_font 
 []


Underfull \hbox (badness 10000) in paragraph at lines 1220--1220
\l_fontspec_font  
 []


Underfull \hbox (badness 10000) in paragraph at lines 1220--1220
\l_fontspec_font 
 []


Underfull \hbox (badness 10000) in paragraph at lines 1220--1220
[]|\l_fontspec_font  -
 []


Underfull \hbox (badness 10000) in paragraph at lines 1220--1220
\l_fontspec_font , 
 []


Underfull \hbox (badness 10000) in paragraph at lines 1220--1220
\l_fontspec_font , 1
 []


Underfull \hbox (badness 2253) in paragraph at lines 1220--1220
\l_fontspec_font - 30 
 []


Overfull \hbox (16.75168pt too wide) in paragraph at lines 1220--1220
[]|\l_fontspec_font 
 []


Underfull \hbox (badness 10000) in paragraph at lines 1222--1222
[]|\l_fontspec_font 
 []


Underfull \hbox (badness 10000) in paragraph at lines 1222--1222
\l_fontspec_font ,
 []


Underfull \hbox (badness 10000) in paragraph at lines 1222--1222
[]|\l_fontspec_font , -
 []


Underfull \hbox (badness 10000) in paragraph at lines 1222--1222
\l_fontspec_font , ,
 []


Underfull \hbox (badness 6741) in paragraph at lines 1222--1222
\l_fontspec_font  -
 []


Underfull \hbox (badness 10000) in paragraph at lines 1222--1222
[]|\l_fontspec_font 
 []


Underfull \hbox (badness 10000) in paragraph at lines 1222--1222
\l_fontspec_font -
 []


Underfull \hbox (badness 10000) in paragraph at lines 1222--1222
\l_fontspec_font 
 []


Underfull \hbox (badness 10000) in paragraph at lines 1222--1222
\l_fontspec_font -
 []


Underfull \hbox (badness 10000) in paragraph at lines 1222--1222
\l_fontspec_font ,
 []


Underfull \hbox (badness 6396) in paragraph at lines 1222--1223
\l_fontspec_font  -
 []


Underfull \hbox (badness 10000) in paragraph at lines 1224--1224
[]|\l_fontspec_font 
 []


Underfull \hbox (badness 10000) in paragraph at lines 1224--1224
\l_fontspec_font  
 []


Underfull \hbox (badness 10000) in paragraph at lines 1224--1224
\l_fontspec_font 
 []


Underfull \hbox (badness 10000) in paragraph at lines 1224--1224
\l_fontspec_font ,
 []


Underfull \hbox (badness 10000) in paragraph at lines 1224--1224
[]|\l_fontspec_font , -
 []


Underfull \hbox (badness 10000) in paragraph at lines 1224--1224
\l_fontspec_font ,
 []


Underfull \hbox (badness 10000) in paragraph at lines 1224--1224
\l_fontspec_font ,
 []


Underfull \hbox (badness 6741) in paragraph at lines 1224--1224
\l_fontspec_font  -
 []


Underfull \hbox (badness 10000) in paragraph at lines 1224--1224
[]|\l_fontspec_font 
 []


Underfull \hbox (badness 10000) in paragraph at lines 1224--1224
\l_fontspec_font -
 []


Underfull \hbox (badness 10000) in paragraph at lines 1224--1224
\l_fontspec_font 
 []


Underfull \hbox (badness 10000) in paragraph at lines 1224--1224
\l_fontspec_font -
 []


Underfull \hbox (badness 10000) in paragraph at lines 1224--1224
\l_fontspec_font ,
 []


Underfull \hbox (badness 10000) in paragraph at lines 1226--1226
[]|\l_fontspec_font  -
 []


Underfull \hbox (badness 10000) in paragraph at lines 1226--1226
[]|\l_fontspec_font ,
 []


Underfull \hbox (badness 10000) in paragraph at lines 1226--1226
\l_fontspec_font 
 []


Underfull \hbox (badness 10000) in paragraph at lines 1226--1226
\l_fontspec_font  
 []


Underfull \hbox (badness 10000) in paragraph at lines 1226--1226
[]|\l_fontspec_font 
 []


Underfull \hbox (badness 10000) in paragraph at lines 1226--1226
\l_fontspec_font -
 []


Overfull \hbox (17.48996pt too wide) in paragraph at lines 1226--1226
\l_fontspec_font | 
 []


Underfull \hbox (badness 10000) in paragraph at lines 1228--1228
[]|\l_fontspec_font 
 []


Underfull \hbox (badness 10000) in paragraph at lines 1228--1228
\l_fontspec_font  
 []


Underfull \hbox (badness 10000) in paragraph at lines 1228--1228
\l_fontspec_font 
 []


Underfull \hbox (badness 10000) in paragraph at lines 1228--1228
[]|\l_fontspec_font 
 []


Underfull \hbox (badness 10000) in paragraph at lines 1228--1228
\l_fontspec_font -
 []


Underfull \hbox (badness 1107) in paragraph at lines 1228--1228
\l_fontspec_font  -
 []


Underfull \hbox (badness 1960) in paragraph at lines 1228--1229
[]|\l_fontspec_font   
 []


Underfull \hbox (badness 10000) in paragraph at lines 1230--1230
[]|\l_fontspec_font 
 []


Underfull \hbox (badness 10000) in paragraph at lines 1230--1230
\l_fontspec_font ,
 []


Underfull \hbox (badness 10000) in paragraph at lines 1230--1230
[]|\l_fontspec_font , -
 []


Underfull \hbox (badness 10000) in paragraph at lines 1230--1230
\l_fontspec_font 
 []


Underfull \hbox (badness 4156) in paragraph at lines 1230--1231
\l_fontspec_font   -
 []


Underfull \hbox (badness 10000) in paragraph at lines 1232--1232
[]|\l_fontspec_font 
 []


Underfull \hbox (badness 10000) in paragraph at lines 1232--1232
\l_fontspec_font  
 []


Underfull \hbox (badness 10000) in paragraph at lines 1232--1232
\l_fontspec_font 
 []


Underfull \hbox (badness 10000) in paragraph at lines 1232--1232
\l_fontspec_font ,
 []


Underfull \hbox (badness 10000) in paragraph at lines 1232--1232
[]|\l_fontspec_font ,
 []


Underfull \hbox (badness 6741) in paragraph at lines 1232--1232
\l_fontspec_font  -
 []


Underfull \hbox (badness 10000) in paragraph at lines 1232--1232
[]|\l_fontspec_font 
 []


Underfull \hbox (badness 10000) in paragraph at lines 1232--1232
\l_fontspec_font -
 []


Underfull \hbox (badness 10000) in paragraph at lines 1232--1232
\l_fontspec_font 
 []


Underfull \hbox (badness 10000) in paragraph at lines 1232--1232
\l_fontspec_font -
 []


Underfull \hbox (badness 10000) in paragraph at lines 1232--1232
\l_fontspec_font ,
 []


Underfull \hbox (badness 1377) in paragraph at lines 1232--1233
\l_fontspec_font   
 []


Underfull \vbox (badness 10000) detected at line 1234
 []

[39] [40]
 3.

LaTeX Warning: Citation `UDAEVA' on page 41 undefined on input line 1247.


Overfull \hbox (33.59618pt too wide) in paragraph at lines 1260--1261
\l_fontspec_font       -

 []

[41

]

LaTeX Warning: Citation `UDAEVA' on page 42 undefined on input line 1263.


Overfull \hbox (4.71446pt too wide) in paragraph at lines 1273--1274
[]\l_fontspec_font       -
 []

[42]
Underfull \hbox (badness 1112) in paragraph at lines 1303--1303
[]|\l_fontspec_font   (  -
 []


Underfull \hbox (badness 10000) in paragraph at lines 1305--1305
[]|\l_fontspec_font    
 []


Underfull \hbox (badness 1454) in paragraph at lines 1308--1308
[]|\l_fontspec_font ,  -
 []


Underfull \hbox (badness 10000) in paragraph at lines 1309--1309
[]|\l_fontspec_font   (-1---
 []


LaTeX Warning: `h' float specifier changed to `ht'.


LaTeX Warning: Citation `fratzscher2008communication' on page 43 undefined on i
nput line 1316.


Overfull \hbox (13.13058pt too wide) in paragraph at lines 1323--1323
[]|\l_fontspec_font | 
 []


Underfull \hbox (badness 1728) in paragraph at lines 1323--1323
[]|\l_fontspec_font P-   
 []


Underfull \hbox (badness 1728) in paragraph at lines 1323--1323
[]|\l_fontspec_font P-   
 []


LaTeX Warning: `h' float specifier changed to `ht'.


LaTeX Warning: Reference `unitroot' on page 43 undefined on input line 1333.


Underfull \vbox (badness 1132) has occurred while \output is active []

 [43]
[44]

LaTeX Warning: Reference `stask' on page 45 undefined on input line 1351.


Underfull \hbox (badness 5726) in paragraph at lines 1358--1358
[]|\l_fontspec_font  -
 []


Underfull \hbox (badness 10000) in paragraph at lines 1358--1358
[]|\l_fontspec_font P- 
 []


Underfull \hbox (badness 10000) in paragraph at lines 1358--1358
\l_fontspec_font  -
 []


Underfull \vbox (badness 6792) has occurred while \output is active []

 [45]

LaTeX Warning: Citation `guthrie2000open' on page 46 undefined on input line 13
74.


Underfull \vbox (badness 2644) has occurred while \output is active []

 [46]

LaTeX Warning: Reference `otkl_1' on page 47 undefined on input line 1393.

File: images/1_usd_res.jpg Graphic file (type QTm)
<use  "images/1_usd_res.jpg" >
File: images/1_rts_res.jpg Graphic file (type QTm)
 <use  "images/1_rts_res.jpg" >
File: images/1_miacr_res.jpg Graphic file (type QTm)

<use  "images/1_miacr_res.jpg" >
Overfull \hbox (4.94893pt too wide) in paragraph at lines 1413--1414
\l_fontspec_font       -

 []

[47]
Underfull \vbox (badness 10000) has occurred while \output is active []

 [48]

LaTeX Warning: Reference `f' on page 49 undefined on input line 1438.


LaTeX Warning: Reference `otkl_2' on page 49 undefined on input line 1451.

File: images/2_usd_res.jpg Graphic file (type QTm)
<use  "images/2_usd_res.jpg" >
File: images/2_rts_res.jpg Graphic file (type QTm)
 <use  "images/2_rts_res.jpg" >
File: images/2_miacr_res.jpg Graphic file (type QTm)

<use  "images/2_miacr_res.jpg" >

LaTeX Warning: `h' float specifier changed to `ht'.


Underfull \vbox (badness 3312) has occurred while \output is active []

 [49]

LaTeX Warning: Citation `ehrmann2007communication' on page 50 undefined on inpu
t line 1475.


LaTeX Warning: Citation `fratzscher2008communication' on page 50 undefined on i
nput line 1483.

[50]

LaTeX Warning: Citation `pesaran2000recursive' on page 51 undefined on input li
ne 1497.


LaTeX Warning: Reference `P_T' on page 51 undefined on input line 1499.


LaTeX Warning: `h' float specifier changed to `ht'.


LaTeX Warning: Reference `P-Ttable' on page 51 undefined on input line 1524.

[51] [52]
Underfull \vbox (badness 1043) has occurred while \output is active []

 [53

]
[54]
Underfull \hbox (badness 1917) in paragraph at lines 1569--1570
\l_fontspec_font mechanism evolved over time?.  National Bureau of Economic
 []


Underfull \hbox (badness 3354) in paragraph at lines 1574--1575
\l_fontspec_font members: Different strategies, same effectiveness? //Journal o
f
 []

[55

]
Underfull \hbox (badness 3590) in paragraph at lines 1588--1589
[]\l_fontspec_font Kydland F. E., Prescott E. C. Rules rather than discretion: 
The
 []


Underfull \hbox (badness 10000) in paragraph at lines 1593--1595
[]\l_fontspec_font  de Mendona H. F., Faria I. Brazilian Central Bank
 []


Underfull \hbox (badness 1796) in paragraph at lines 1593--1595
\l_fontspec_font communication and interest rate expectations //Macroeconomics
 []


Underfull \hbox (badness 1082) in paragraph at lines 1596--1597
[]\l_fontspec_font Mizen P. What can we learn from central bankers' words? Some

 []

[56]
Underfull \hbox (badness 1565) in paragraph at lines 1610--1611
[]\l_fontspec_font Thornton D. L. The Fed and short-term rates: Is it open mark
et
 []


Underfull \hbox (badness 4217) in paragraph at lines 1610--1611
\l_fontspec_font operations, open mouth operations or interest rate smoothing?
 []

[57]
 .
\openout3 = `NEW_NEW.pyg'.

\openout5 = `NEW_NEW.mintedcmd'.

runsystem(python -c "import hashlib; hasher = hashlib.sha1(); f = open(\"NEW_NE
W.mintedcmd\", \"rb\"); hasher.update(f.read()); f.close(); f = open(\"NEW_NEW.
pyg\", \"rb\"); hasher.update(f.read()); f.close(); f = open(\"NEW_NEW.mintedmd
5\", \"w\"); macro = \"\\edef\\minted@hash\" + chr(123) + hasher.hexdigest() + 
chr(125) + \"\"; f.write(\"\\makeatletter\" + macro + \"\\makeatother\\endinput
\n \"); f.close();")...executed.

(./NEW_NEW.mintedmd5)
runsystem(pygmentize -l python -f latex -P commandprefix=PYG -F tokenmerge -o "
_minted-NEW_NEW/646bd16e03dd3eee90f904e04d6f7829cfb92093.pygtex" "NEW_NEW.pyg" 
)...executed.


(./_minted-NEW_NEW/646bd16e03dd3eee90f904e04d6f7829cfb92093.pygtex
Underfull \vbox (badness 10000) has occurred while \output is active []

 [58

]
Underfull \vbox (badness 10000) has occurred while \output is active []

 [59])
\openout3 = `NEW_NEW.pyg'.

\openout5 = `NEW_NEW.mintedcmd'.

runsystem(python -c "import hashlib; hasher = hashlib.sha1(); f = open(\"NEW_NE
W.mintedcmd\", \"rb\"); hasher.update(f.read()); f.close(); f = open(\"NEW_NEW.
pyg\", \"rb\"); hasher.update(f.read()); f.close(); f = open(\"NEW_NEW.mintedmd
5\", \"w\"); macro = \"\\edef\\minted@hash\" + chr(123) + hasher.hexdigest() + 
chr(125) + \"\"; f.write(\"\\makeatletter\" + macro + \"\\makeatother\\endinput
\n \"); f.close();")...executed.


(./NEW_NEW.mintedmd5)
runsystem(pygmentize -l python -f latex -P commandprefix=PYG -F tokenmerge -o "
_minted-NEW_NEW/4a1fb22de99a94e97a8a8086c8aa6b826ed62829.pygtex" "NEW_NEW.pyg" 
)...executed.


(./_minted-NEW_NEW/4a1fb22de99a94e97a8a8086c8aa6b826ed62829.pygtex [60])
[61]
 .
\openout3 = `NEW_NEW.pyg'.

\openout5 = `NEW_NEW.mintedcmd'.

runsystem(python -c "import hashlib; hasher = hashlib.sha1(); f = open(\"NEW_NE
W.mintedcmd\", \"rb\"); hasher.update(f.read()); f.close(); f = open(\"NEW_NEW.
pyg\", \"rb\"); hasher.update(f.read()); f.close(); f = open(\"NEW_NEW.mintedmd
5\", \"w\"); macro = \"\\edef\\minted@hash\" + chr(123) + hasher.hexdigest() + 
chr(125) + \"\"; f.write(\"\\makeatletter\" + macro + \"\\makeatother\\endinput
\n \"); f.close();")...executed.

(./NEW_NEW.mintedmd5)
runsystem(pygmentize -l R -f latex -P commandprefix=PYG -F tokenmerge -o "_mint
ed-NEW_NEW/f6d63276af6ee22f5197354c09723c1a68a170b3.pygtex" "NEW_NEW.pyg" )...e
xecuted.


(./_minted-NEW_NEW/f6d63276af6ee22f5197354c09723c1a68a170b3.pygtex
Underfull \vbox (badness 10000) has occurred while \output is active []

 [62

]
Underfull \vbox (badness 10000) has occurred while \output is active []

 [63])
[64]
 .
\openout3 = `NEW_NEW.pyg'.

\openout5 = `NEW_NEW.mintedcmd'.

runsystem(python -c "import hashlib; hasher = hashlib.sha1(); f = open(\"NEW_NE
W.mintedcmd\", \"rb\"); hasher.update(f.read()); f.close(); f = open(\"NEW_NEW.
pyg\", \"rb\"); hasher.update(f.read()); f.close(); f = open(\"NEW_NEW.mintedmd
5\", \"w\"); macro = \"\\edef\\minted@hash\" + chr(123) + hasher.hexdigest() + 
chr(125) + \"\"; f.write(\"\\makeatletter\" + macro + \"\\makeatother\\endinput
\n \"); f.close();")...executed.

(./NEW_NEW.mintedmd5)
runsystem(pygmentize -l R -f latex -P commandprefix=PYG -F tokenmerge -o "_mint
ed-NEW_NEW/6ee556572e67be1eb6b94fdbdd9c131258b425f0.pygtex" "NEW_NEW.pyg" )...e
xecuted.


(./_minted-NEW_NEW/6ee556572e67be1eb6b94fdbdd9c131258b425f0.pygtex [65

]
Underfull \vbox (badness 10000) has occurred while \output is active []

 [66]
Underfull \vbox (badness 10000) has occurred while \output is active []

 [67]
Underfull \vbox (badness 10000) has occurred while \output is active []

 [68])
[69]
 .
\openout3 = `NEW_NEW.pyg'.

\openout5 = `NEW_NEW.mintedcmd'.

runsystem(python -c "import hashlib; hasher = hashlib.sha1(); f = open(\"NEW_NE
W.mintedcmd\", \"rb\"); hasher.update(f.read()); f.close(); f = open(\"NEW_NEW.
pyg\", \"rb\"); hasher.update(f.read()); f.close(); f = open(\"NEW_NEW.mintedmd
5\", \"w\"); macro = \"\\edef\\minted@hash\" + chr(123) + hasher.hexdigest() + 
chr(125) + \"\"; f.write(\"\\makeatletter\" + macro + \"\\makeatother\\endinput
\n \"); f.close();")...executed.

(./NEW_NEW.mintedmd5)
runsystem(pygmentize -l R -f latex -P commandprefix=PYG -F tokenmerge -o "_mint
ed-NEW_NEW/70bef98f07ee3a4cf4b30a076e6bdca25908031e.pygtex" "NEW_NEW.pyg" )...e
xecuted.


(./_minted-NEW_NEW/70bef98f07ee3a4cf4b30a076e6bdca25908031e.pygtex [70

]
Underfull \vbox (badness 10000) has occurred while \output is active []

 [71])
[72]
Overfull \hbox (0.76532pt too wide) in paragraph at lines 2046--2047
[]\l_fontspec_font      -
 []

runsystem(rm "NEW_NEW.mintedcmd")...executed.

runsystem(rm "NEW_NEW.mintedmd5")...executed.

runsystem(rm "NEW_NEW.pyg")...executed.

[73] (./NEW NEW.aux)

LaTeX Warning: There were undefined references.


LaTeX Warning: Label(s) may have changed. Rerun to get cross-references right.

 ) 
Here is how much of TeX's memory you used:
 35621 strings out of 493638
 683298 string characters out of 6146796
 811007 words of memory out of 5000000
 38417 multiletter control sequences out of 15000+600000
 11806 words of font info for 92 fonts, out of 8000000 for 9000
 1328 hyphenation exceptions out of 8191
 75i,14n,105p,10369b,608s stack positions out of 5000i,500n,10000p,200000b,80000s

Output written on NEW NEW.pdf (73 pages).
