\BOOKMARK [0][-]{chapter*.2}{Введение}{}% 1
\BOOKMARK [0][-]{chapter.1}{Теоретические исследования влияния словесных интервенций на динамику макроэкономических переменных}{}% 2
\BOOKMARK [1][-]{section.1.1}{Будущее монетарной политики: центральный банк как армия  сигнальщиков}{chapter.1}% 3
\BOOKMARK [1][-]{section.1.2}{Словесные интервенции Центрального Банка}{chapter.1}% 4
\BOOKMARK [1][-]{section.1.3}{Информационный канал}{chapter.1}% 5
\BOOKMARK [1][-]{section.1.4}{Теоретико-игровой подход в моделировании словесных интервенций}{chapter.1}% 6
\BOOKMARK [2][-]{subsection.1.4.1}{Модель Кинланда и Прескота}{section.1.4}% 7
\BOOKMARK [2][-]{subsection.1.4.2}{Репутация центрального банка}{section.1.4}% 8
\BOOKMARK [2][-]{subsection.1.4.3}{Объявление ЦБ целевых ориентиров}{section.1.4}% 9
\BOOKMARK [2][-]{subsection.1.4.4}{Неоднозначность прозрачности деятельности ЦБ}{section.1.4}% 10
\BOOKMARK [0][-]{chapter.2}{Эмпирические исследования влияния словесных интервенций на экономику}{}% 11
\BOOKMARK [0][-]{chapter.3}{Оценка эффективности заявлений Банка России}{}% 12
\BOOKMARK [1][-]{section.3.1}{Формулировка задач для исследования}{chapter.3}% 13
\BOOKMARK [1][-]{section.3.2}{Данные}{chapter.3}% 14
\BOOKMARK [1][-]{section.3.3}{Решение двойственной задачи}{chapter.3}% 15
\BOOKMARK [1][-]{section.3.4}{Решение прямой задачи с помощью методологии VAR}{chapter.3}% 16
\BOOKMARK [0][-]{chapter*.6}{Заключение}{}% 17
\BOOKMARK [0][-]{chapter*.7}{Список литературы}{}% 18
\BOOKMARK [0][-]{appendix.A}{Программа   для   поиска   и   выгрузки   статей, касающихся Банка России из архива газеты Ведомости}{}% 19
\BOOKMARK [0][-]{appendix.B}{Программа   для   оценки   порядковой  пробит модели \(язык R\)}{}% 20
